#
# There is insufficient memory for the Java Runtime Environment to continue.
# Native memory allocation (mmap) failed to map 65536 bytes for Failed to commit metaspace.
# Possible reasons:
#   The system is out of physical RAM or swap space
#   The process is running with CompressedOops enabled, and the Java Heap may be blocking the growth of the native heap
# Possible solutions:
#   Reduce memory load on the system
#   Increase physical memory or swap space
#   Check if swap backing store is full
#   Decrease Java heap size (-Xmx/-Xms)
#   Decrease number of Java threads
#   Decrease Java thread stack sizes (-Xss)
#   Set larger code cache with -XX:ReservedCodeCacheSize=
#   JVM is running with Unscaled Compressed Oops mode in which the Java heap is
#     placed in the first 4GB address space. The Java Heap base address is the
#     maximum limit for the native heap growth. Please use -XX:HeapBaseMinAddress
#     to set the Java Heap base and to place the Java Heap above 4GB virtual address.
# This output file may be truncated or incomplete.
#
#  Out of Memory Error (virtualSpaceNode.cpp:110), pid=5788, tid=11612
#
# JRE version: Java(TM) SE Runtime Environment (17.0.7+8) (build 17.0.7+8-LTS-224)
# Java VM: Java HotSpot(TM) 64-Bit Server VM (17.0.7+8-LTS-224, mixed mode, sharing, tiered, compressed oops, compressed class ptrs, g1 gc, windows-amd64)
# No core dump will be written. Minidumps are not enabled by default on client versions of Windows
#

---------------  S U M M A R Y ------------

Command Line: -Dfile.encoding=UTF-8 --module-path=C:\Users\Sanket R Deshmukh\Documents\NetBeansProjects\Hotel Management System\build\classes hotel.management.system.Department

Host: AMD Ryzen 7 4800H with Radeon Graphics         , 16 cores, 7G,  Windows 11 , 64 bit Build 22000 (10.0.22000.1761)
Time: Mon May  8 23:58:36 2023 India Standard Time elapsed time: 1.213075 seconds (0d 0h 0m 1s)

---------------  T H R E A D  ---------------

Current thread (0x00000214ca3f1220):  JavaThread "main" [_thread_in_vm, id=11612, stack(0x000000e63b400000,0x000000e63b500000)]

Stack: [0x000000e63b400000,0x000000e63b500000]
Native frames: (J=compiled Java code, j=interpreted, Vv=VM code, C=native code)
V  [jvm.dll+0x676a4a]
V  [jvm.dll+0x7d74f4]
V  [jvm.dll+0x7d8c9e]
V  [jvm.dll+0x7d9303]
V  [jvm.dll+0x2452c5]
V  [jvm.dll+0x7d35fb]
V  [jvm.dll+0x61ca36]
V  [jvm.dll+0x61ca9a]
V  [jvm.dll+0x61f2bd]
V  [jvm.dll+0x61d3f6]
V  [jvm.dll+0x369442]
V  [jvm.dll+0x1e157b]
V  [jvm.dll+0x53cf35]
V  [jvm.dll+0x1f06da]
V  [jvm.dll+0x75156d]
V  [jvm.dll+0x752953]
V  [jvm.dll+0x752c88]
V  [jvm.dll+0x23d78b]
V  [jvm.dll+0x37cdde]
C  0x00000214d90eb7f7

Java frames: (J=compiled Java code, j=interpreted, Vv=VM code)
j  sun.security.util.DerValue.data()Lsun/security/util/DerInputStream;+0 java.base@17.0.7
j  sun.security.util.DerValue.<init>(B[BIIZ)V+52 java.base@17.0.7
j  sun.security.util.DerValue.<init>(B[BZ)V+7 java.base@17.0.7
j  sun.security.util.DerValue.<init>(B[B)V+10 java.base@17.0.7
j  sun.security.ec.XDHPrivateKeyImpl.<init>(Lsun/security/ec/XECParameters;[B)V+51 jdk.crypto.ec@17.0.7
j  sun.security.ec.XDHKeyPairGenerator.generateKeyPair()Ljava/security/KeyPair;+65 jdk.crypto.ec@17.0.7
j  java.security.KeyPairGenerator$Delegate.generateKeyPair()Ljava/security/KeyPair;+23 java.base@17.0.7
j  sun.security.ssl.XDHKeyExchange$XDHEPossession.<init>(Lsun/security/ssl/NamedGroup;Ljava/security/SecureRandom;)V+22 java.base@17.0.7
j  sun.security.ssl.NamedGroup$XDHScheme.createPossession(Lsun/security/ssl/NamedGroup;Ljava/security/SecureRandom;)Lsun/security/ssl/SSLPossession;+6 java.base@17.0.7
j  sun.security.ssl.NamedGroup$NamedGroupSpec.createPossession(Lsun/security/ssl/NamedGroup;Ljava/security/SecureRandom;)Lsun/security/ssl/SSLPossession;+13 java.base@17.0.7
j  sun.security.ssl.NamedGroup.createPossession(Ljava/security/SecureRandom;)Lsun/security/ssl/SSLPossession;+6 java.base@17.0.7
j  sun.security.ssl.SSLKeyExchange$T13KeyAgreement.createPossession(Lsun/security/ssl/HandshakeContext;)Lsun/security/ssl/SSLPossession;+11 java.base@17.0.7
j  sun.security.ssl.SSLKeyExchange.createPossessions(Lsun/security/ssl/HandshakeContext;)[Lsun/security/ssl/SSLPossession;+198 java.base@17.0.7
j  sun.security.ssl.KeyShareExtension$CHKeyShareProducer.getShare(Lsun/security/ssl/ClientHandshakeContext;Lsun/security/ssl/NamedGroup;)[B+57 java.base@17.0.7
j  sun.security.ssl.KeyShareExtension$CHKeyShareProducer.produce(Lsun/security/ssl/ConnectionContext;Lsun/security/ssl/SSLHandshake$HandshakeMessage;)[B+171 java.base@17.0.7
j  sun.security.ssl.SSLExtension.produce(Lsun/security/ssl/ConnectionContext;Lsun/security/ssl/SSLHandshake$HandshakeMessage;)[B+13 java.base@17.0.7
j  sun.security.ssl.SSLExtensions.produce(Lsun/security/ssl/HandshakeContext;[Lsun/security/ssl/SSLExtension;)V+145 java.base@17.0.7
j  sun.security.ssl.ClientHello$ClientHelloKickstartProducer.produce(Lsun/security/ssl/ConnectionContext;)[B+955 java.base@17.0.7
j  sun.security.ssl.SSLHandshake.kickstart(Lsun/security/ssl/HandshakeContext;)V+47 java.base@17.0.7
j  sun.security.ssl.ClientHandshakeContext.kickstart()V+9 java.base@17.0.7
j  sun.security.ssl.TransportContext.kickstart()V+234 java.base@17.0.7
j  sun.security.ssl.SSLSocketImpl.startHandshake(Z)V+108 java.base@17.0.7
j  sun.security.ssl.SSLSocketImpl.startHandshake()V+2 java.base@17.0.7
j  com.mysql.cj.protocol.ExportControlled.performTlsHandshake(Ljava/net/Socket;Lcom/mysql/cj/protocol/SocketConnection;Lcom/mysql/cj/ServerVersion;Lcom/mysql/cj/log/Log;)Ljava/net/Socket;+235
j  com.mysql.cj.protocol.StandardSocketFactory.performTlsHandshake(Lcom/mysql/cj/protocol/SocketConnection;Lcom/mysql/cj/protocol/ServerSession;Lcom/mysql/cj/log/Log;)Ljava/io/Closeable;+21
j  com.mysql.cj.protocol.a.NativeSocketConnection.performTlsHandshake(Lcom/mysql/cj/protocol/ServerSession;Lcom/mysql/cj/log/Log;)V+8
j  com.mysql.cj.protocol.a.NativeProtocol.negotiateSSLConnection()V+116
j  com.mysql.cj.protocol.a.NativeAuthenticationProvider.connect(Ljava/lang/String;Ljava/lang/String;Ljava/lang/String;)V+765
j  com.mysql.cj.protocol.a.NativeProtocol.connect(Ljava/lang/String;Ljava/lang/String;Ljava/lang/String;)V+11
j  com.mysql.cj.NativeSession.connect(Lcom/mysql/cj/conf/HostInfo;Ljava/lang/String;Ljava/lang/String;Ljava/lang/String;ILcom/mysql/cj/TransactionEventHandler;)V+110
j  com.mysql.cj.jdbc.ConnectionImpl.connectOneTryOnly(Z)V+32
j  com.mysql.cj.jdbc.ConnectionImpl.createNewIO(Z)V+27
j  com.mysql.cj.jdbc.ConnectionImpl.<init>(Lcom/mysql/cj/conf/HostInfo;)V+753
j  com.mysql.cj.jdbc.ConnectionImpl.getInstance(Lcom/mysql/cj/conf/HostInfo;)Lcom/mysql/cj/jdbc/JdbcConnection;+5
j  com.mysql.cj.jdbc.NonRegisteringDriver.connect(Ljava/lang/String;Ljava/util/Properties;)Ljava/sql/Connection;+72
j  java.sql.DriverManager.getConnection(Ljava/lang/String;Ljava/util/Properties;Ljava/lang/Class;)Ljava/sql/Connection;+131 java.sql@17.0.7
j  java.sql.DriverManager.getConnection(Ljava/lang/String;Ljava/lang/String;Ljava/lang/String;)Ljava/sql/Connection;+37 java.sql@17.0.7
j  hotel.management.system.Conn.<init>()V+17
j  hotel.management.system.Department.<init>()V+115
j  hotel.management.system.Department.main([Ljava/lang/String;)V+4
v  ~StubRoutines::call_stub

---------------  P R O C E S S  ---------------

Threads class SMR info:
_java_thread_list=0x00000214ea0c9760, length=19, elements={
0x00000214ca3f1220, 0x00000214e8b14970, 0x00000214e8b15320, 0x00000214e8b2a610,
0x00000214e8b2cee0, 0x00000214e8b2d890, 0x00000214e8b2f650, 0x00000214e8b3f900,
0x00000214e8b412c0, 0x00000214e8b4a390, 0x00000214e8aff270, 0x00000214e958c4b0,
0x00000214e95984b0, 0x00000214e967c3d0, 0x00000214e988fae0, 0x00000214e9894a80,
0x00000214e989a2b0, 0x00000214e96da010, 0x00000214ea08db70
}

Java Threads: ( => current thread )
=>0x00000214ca3f1220 JavaThread "main" [_thread_in_vm, id=11612, stack(0x000000e63b400000,0x000000e63b500000)]
  0x00000214e8b14970 JavaThread "Reference Handler" daemon [_thread_blocked, id=28548, stack(0x000000e63bb00000,0x000000e63bc00000)]
  0x00000214e8b15320 JavaThread "Finalizer" daemon [_thread_blocked, id=35140, stack(0x000000e63bc00000,0x000000e63bd00000)]
  0x00000214e8b2a610 JavaThread "Signal Dispatcher" daemon [_thread_blocked, id=9076, stack(0x000000e63bd00000,0x000000e63be00000)]
  0x00000214e8b2cee0 JavaThread "Attach Listener" daemon [_thread_blocked, id=2500, stack(0x000000e63be00000,0x000000e63bf00000)]
  0x00000214e8b2d890 JavaThread "Service Thread" daemon [_thread_blocked, id=29688, stack(0x000000e63bf00000,0x000000e63c000000)]
  0x00000214e8b2f650 JavaThread "Monitor Deflation Thread" daemon [_thread_blocked, id=25712, stack(0x000000e63c000000,0x000000e63c100000)]
  0x00000214e8b3f900 JavaThread "C2 CompilerThread0" daemon [_thread_blocked, id=24204, stack(0x000000e63c100000,0x000000e63c200000)]
  0x00000214e8b412c0 JavaThread "C1 CompilerThread0" daemon [_thread_blocked, id=19952, stack(0x000000e63c200000,0x000000e63c300000)]
  0x00000214e8b4a390 JavaThread "Sweeper thread" daemon [_thread_blocked, id=31260, stack(0x000000e63c300000,0x000000e63c400000)]
  0x00000214e8aff270 JavaThread "Common-Cleaner" daemon [_thread_blocked, id=19552, stack(0x000000e63c400000,0x000000e63c500000)]
  0x00000214e958c4b0 JavaThread "C1 CompilerThread1" daemon [_thread_blocked, id=25708, stack(0x000000e63c500000,0x000000e63c600000)]
  0x00000214e95984b0 JavaThread "C1 CompilerThread2" daemon [_thread_blocked, id=15872, stack(0x000000e63c600000,0x000000e63c700000)]
  0x00000214e967c3d0 JavaThread "Notification Thread" daemon [_thread_blocked, id=5756, stack(0x000000e63c800000,0x000000e63c900000)]
  0x00000214e988fae0 JavaThread "Java2D Disposer" daemon [_thread_blocked, id=4192, stack(0x000000e63ca00000,0x000000e63cb00000)]
  0x00000214e9894a80 JavaThread "AWT-Shutdown" [_thread_blocked, id=24500, stack(0x000000e63cb00000,0x000000e63cc00000)]
  0x00000214e989a2b0 JavaThread "AWT-Windows" daemon [_thread_in_native, id=17764, stack(0x000000e63cc00000,0x000000e63cd00000)]
  0x00000214e96da010 JavaThread "mysql-cj-abandoned-connection-cleanup" daemon [_thread_blocked, id=29564, stack(0x000000e63c700000,0x000000e63c800000)]
  0x00000214ea08db70 JavaThread "C2 CompilerThread1" daemon [_thread_blocked, id=33756, stack(0x000000e63d900000,0x000000e63da00000)]

Other Threads:
  0x00000214e8b10fe0 VMThread "VM Thread" [stack: 0x000000e63ba00000,0x000000e63bb00000] [id=31716]
  0x00000214e967cca0 WatcherThread [stack: 0x000000e63c900000,0x000000e63ca00000] [id=38680]
  0x00000214ca447390 GCTaskThread "GC Thread#0" [stack: 0x000000e63b500000,0x000000e63b600000] [id=10360]
  0x00000214ca4570f0 ConcurrentGCThread "G1 Main Marker" [stack: 0x000000e63b600000,0x000000e63b700000] [id=15660]
  0x00000214ca4591b0 ConcurrentGCThread "G1 Conc#0" [stack: 0x000000e63b700000,0x000000e63b800000] [id=37400]
  0x00000214e89d20b0 ConcurrentGCThread "G1 Refine#0" [stack: 0x000000e63b800000,0x000000e63b900000] [id=32624]
  0x00000214e89d29d0 ConcurrentGCThread "G1 Service" [stack: 0x000000e63b900000,0x000000e63ba00000] [id=928]

Threads with active compile tasks:

VM state: not at safepoint (normal execution)

VM Mutex/Monitor currently owned by a thread:  ([mutex/lock_event])
[0x00000214ca3eae00] Metaspace_lock - owner thread: 0x00000214ca3f1220

Heap address: 0x0000000089200000, size: 1902 MB, Compressed Oops mode: 32-bit

CDS archive(s) mapped at: [0x0000000800000000-0x0000000800bd0000-0x0000000800bd0000), size 12386304, SharedBaseAddress: 0x0000000800000000, ArchiveRelocationMode: 0.
Compressed class space mapped at: 0x0000000800c00000-0x0000000840c00000, reserved size: 1073741824
Narrow klass base: 0x0000000800000000, Narrow klass shift: 0, Narrow klass range: 0x100000000

GC Precious Log:
 CPUs: 16 total, 16 available
 Memory: 7600M
 Large Page Support: Disabled
 NUMA Support: Disabled
 Compressed Oops: Enabled (32-bit)
 Heap Region Size: 1M
 Heap Min Capacity: 8M
 Heap Initial Capacity: 120M
 Heap Max Capacity: 1902M
 Pre-touch: Disabled
 Parallel Workers: 13
 Concurrent Workers: 3
 Concurrent Refinement Workers: 13
 Periodic GC: Disabled

Heap:
 garbage-first heap   total 122880K, used 14336K [0x0000000089200000, 0x0000000100000000)
  region size 1024K, 16 young (16384K), 0 survivors (0K)
 Metaspace       used 11991K, committed 12160K, reserved 1064960K
  class space    used 1343K, committed 1408K, reserved 1048576K

Heap Regions: E=young(eden), S=young(survivor), O=old, HS=humongous(starts), HC=humongous(continues), CS=collection set, F=free, OA=open archive, CA=closed archive, TAMS=top-at-mark-start (previous, next)
|   0|0x0000000089200000, 0x0000000089200000, 0x0000000089300000|  0%| F|  |TAMS 0x0000000089200000, 0x0000000089200000| Untracked 
|   1|0x0000000089300000, 0x0000000089300000, 0x0000000089400000|  0%| F|  |TAMS 0x0000000089300000, 0x0000000089300000| Untracked 
|   2|0x0000000089400000, 0x0000000089400000, 0x0000000089500000|  0%| F|  |TAMS 0x0000000089400000, 0x0000000089400000| Untracked 
|   3|0x0000000089500000, 0x0000000089500000, 0x0000000089600000|  0%| F|  |TAMS 0x0000000089500000, 0x0000000089500000| Untracked 
|   4|0x0000000089600000, 0x0000000089600000, 0x0000000089700000|  0%| F|  |TAMS 0x0000000089600000, 0x0000000089600000| Untracked 
|   5|0x0000000089700000, 0x0000000089700000, 0x0000000089800000|  0%| F|  |TAMS 0x0000000089700000, 0x0000000089700000| Untracked 
|   6|0x0000000089800000, 0x0000000089800000, 0x0000000089900000|  0%| F|  |TAMS 0x0000000089800000, 0x0000000089800000| Untracked 
|   7|0x0000000089900000, 0x0000000089900000, 0x0000000089a00000|  0%| F|  |TAMS 0x0000000089900000, 0x0000000089900000| Untracked 
|   8|0x0000000089a00000, 0x0000000089a00000, 0x0000000089b00000|  0%| F|  |TAMS 0x0000000089a00000, 0x0000000089a00000| Untracked 
|   9|0x0000000089b00000, 0x0000000089b00000, 0x0000000089c00000|  0%| F|  |TAMS 0x0000000089b00000, 0x0000000089b00000| Untracked 
|  10|0x0000000089c00000, 0x0000000089c00000, 0x0000000089d00000|  0%| F|  |TAMS 0x0000000089c00000, 0x0000000089c00000| Untracked 
|  11|0x0000000089d00000, 0x0000000089d00000, 0x0000000089e00000|  0%| F|  |TAMS 0x0000000089d00000, 0x0000000089d00000| Untracked 
|  12|0x0000000089e00000, 0x0000000089e00000, 0x0000000089f00000|  0%| F|  |TAMS 0x0000000089e00000, 0x0000000089e00000| Untracked 
|  13|0x0000000089f00000, 0x0000000089f00000, 0x000000008a000000|  0%| F|  |TAMS 0x0000000089f00000, 0x0000000089f00000| Untracked 
|  14|0x000000008a000000, 0x000000008a000000, 0x000000008a100000|  0%| F|  |TAMS 0x000000008a000000, 0x000000008a000000| Untracked 
|  15|0x000000008a100000, 0x000000008a100000, 0x000000008a200000|  0%| F|  |TAMS 0x000000008a100000, 0x000000008a100000| Untracked 
|  16|0x000000008a200000, 0x000000008a200000, 0x000000008a300000|  0%| F|  |TAMS 0x000000008a200000, 0x000000008a200000| Untracked 
|  17|0x000000008a300000, 0x000000008a300000, 0x000000008a400000|  0%| F|  |TAMS 0x000000008a300000, 0x000000008a300000| Untracked 
|  18|0x000000008a400000, 0x000000008a400000, 0x000000008a500000|  0%| F|  |TAMS 0x000000008a400000, 0x000000008a400000| Untracked 
|  19|0x000000008a500000, 0x000000008a500000, 0x000000008a600000|  0%| F|  |TAMS 0x000000008a500000, 0x000000008a500000| Untracked 
|  20|0x000000008a600000, 0x000000008a600000, 0x000000008a700000|  0%| F|  |TAMS 0x000000008a600000, 0x000000008a600000| Untracked 
|  21|0x000000008a700000, 0x000000008a700000, 0x000000008a800000|  0%| F|  |TAMS 0x000000008a700000, 0x000000008a700000| Untracked 
|  22|0x000000008a800000, 0x000000008a800000, 0x000000008a900000|  0%| F|  |TAMS 0x000000008a800000, 0x000000008a800000| Untracked 
|  23|0x000000008a900000, 0x000000008a900000, 0x000000008aa00000|  0%| F|  |TAMS 0x000000008a900000, 0x000000008a900000| Untracked 
|  24|0x000000008aa00000, 0x000000008aa00000, 0x000000008ab00000|  0%| F|  |TAMS 0x000000008aa00000, 0x000000008aa00000| Untracked 
|  25|0x000000008ab00000, 0x000000008ab00000, 0x000000008ac00000|  0%| F|  |TAMS 0x000000008ab00000, 0x000000008ab00000| Untracked 
|  26|0x000000008ac00000, 0x000000008ac00000, 0x000000008ad00000|  0%| F|  |TAMS 0x000000008ac00000, 0x000000008ac00000| Untracked 
|  27|0x000000008ad00000, 0x000000008ad00000, 0x000000008ae00000|  0%| F|  |TAMS 0x000000008ad00000, 0x000000008ad00000| Untracked 
|  28|0x000000008ae00000, 0x000000008ae00000, 0x000000008af00000|  0%| F|  |TAMS 0x000000008ae00000, 0x000000008ae00000| Untracked 
|  29|0x000000008af00000, 0x000000008af00000, 0x000000008b000000|  0%| F|  |TAMS 0x000000008af00000, 0x000000008af00000| Untracked 
|  30|0x000000008b000000, 0x000000008b000000, 0x000000008b100000|  0%| F|  |TAMS 0x000000008b000000, 0x000000008b000000| Untracked 
|  31|0x000000008b100000, 0x000000008b100000, 0x000000008b200000|  0%| F|  |TAMS 0x000000008b100000, 0x000000008b100000| Untracked 
|  32|0x000000008b200000, 0x000000008b200000, 0x000000008b300000|  0%| F|  |TAMS 0x000000008b200000, 0x000000008b200000| Untracked 
|  33|0x000000008b300000, 0x000000008b300000, 0x000000008b400000|  0%| F|  |TAMS 0x000000008b300000, 0x000000008b300000| Untracked 
|  34|0x000000008b400000, 0x000000008b400000, 0x000000008b500000|  0%| F|  |TAMS 0x000000008b400000, 0x000000008b400000| Untracked 
|  35|0x000000008b500000, 0x000000008b500000, 0x000000008b600000|  0%| F|  |TAMS 0x000000008b500000, 0x000000008b500000| Untracked 
|  36|0x000000008b600000, 0x000000008b600000, 0x000000008b700000|  0%| F|  |TAMS 0x000000008b600000, 0x000000008b600000| Untracked 
|  37|0x000000008b700000, 0x000000008b700000, 0x000000008b800000|  0%| F|  |TAMS 0x000000008b700000, 0x000000008b700000| Untracked 
|  38|0x000000008b800000, 0x000000008b800000, 0x000000008b900000|  0%| F|  |TAMS 0x000000008b800000, 0x000000008b800000| Untracked 
|  39|0x000000008b900000, 0x000000008b900000, 0x000000008ba00000|  0%| F|  |TAMS 0x000000008b900000, 0x000000008b900000| Untracked 
|  40|0x000000008ba00000, 0x000000008ba00000, 0x000000008bb00000|  0%| F|  |TAMS 0x000000008ba00000, 0x000000008ba00000| Untracked 
|  41|0x000000008bb00000, 0x000000008bb00000, 0x000000008bc00000|  0%| F|  |TAMS 0x000000008bb00000, 0x000000008bb00000| Untracked 
|  42|0x000000008bc00000, 0x000000008bc00000, 0x000000008bd00000|  0%| F|  |TAMS 0x000000008bc00000, 0x000000008bc00000| Untracked 
|  43|0x000000008bd00000, 0x000000008bd00000, 0x000000008be00000|  0%| F|  |TAMS 0x000000008bd00000, 0x000000008bd00000| Untracked 
|  44|0x000000008be00000, 0x000000008be00000, 0x000000008bf00000|  0%| F|  |TAMS 0x000000008be00000, 0x000000008be00000| Untracked 
|  45|0x000000008bf00000, 0x000000008bf00000, 0x000000008c000000|  0%| F|  |TAMS 0x000000008bf00000, 0x000000008bf00000| Untracked 
|  46|0x000000008c000000, 0x000000008c000000, 0x000000008c100000|  0%| F|  |TAMS 0x000000008c000000, 0x000000008c000000| Untracked 
|  47|0x000000008c100000, 0x000000008c100000, 0x000000008c200000|  0%| F|  |TAMS 0x000000008c100000, 0x000000008c100000| Untracked 
|  48|0x000000008c200000, 0x000000008c200000, 0x000000008c300000|  0%| F|  |TAMS 0x000000008c200000, 0x000000008c200000| Untracked 
|  49|0x000000008c300000, 0x000000008c300000, 0x000000008c400000|  0%| F|  |TAMS 0x000000008c300000, 0x000000008c300000| Untracked 
|  50|0x000000008c400000, 0x000000008c400000, 0x000000008c500000|  0%| F|  |TAMS 0x000000008c400000, 0x000000008c400000| Untracked 
|  51|0x000000008c500000, 0x000000008c500000, 0x000000008c600000|  0%| F|  |TAMS 0x000000008c500000, 0x000000008c500000| Untracked 
|  52|0x000000008c600000, 0x000000008c600000, 0x000000008c700000|  0%| F|  |TAMS 0x000000008c600000, 0x000000008c600000| Untracked 
|  53|0x000000008c700000, 0x000000008c700000, 0x000000008c800000|  0%| F|  |TAMS 0x000000008c700000, 0x000000008c700000| Untracked 
|  54|0x000000008c800000, 0x000000008c800000, 0x000000008c900000|  0%| F|  |TAMS 0x000000008c800000, 0x000000008c800000| Untracked 
|  55|0x000000008c900000, 0x000000008c900000, 0x000000008ca00000|  0%| F|  |TAMS 0x000000008c900000, 0x000000008c900000| Untracked 
|  56|0x000000008ca00000, 0x000000008ca00000, 0x000000008cb00000|  0%| F|  |TAMS 0x000000008ca00000, 0x000000008ca00000| Untracked 
|  57|0x000000008cb00000, 0x000000008cb00000, 0x000000008cc00000|  0%| F|  |TAMS 0x000000008cb00000, 0x000000008cb00000| Untracked 
|  58|0x000000008cc00000, 0x000000008cc00000, 0x000000008cd00000|  0%| F|  |TAMS 0x000000008cc00000, 0x000000008cc00000| Untracked 
|  59|0x000000008cd00000, 0x000000008cd00000, 0x000000008ce00000|  0%| F|  |TAMS 0x000000008cd00000, 0x000000008cd00000| Untracked 
|  60|0x000000008ce00000, 0x000000008ce00000, 0x000000008cf00000|  0%| F|  |TAMS 0x000000008ce00000, 0x000000008ce00000| Untracked 
|  61|0x000000008cf00000, 0x000000008cf00000, 0x000000008d000000|  0%| F|  |TAMS 0x000000008cf00000, 0x000000008cf00000| Untracked 
|  62|0x000000008d000000, 0x000000008d000000, 0x000000008d100000|  0%| F|  |TAMS 0x000000008d000000, 0x000000008d000000| Untracked 
|  63|0x000000008d100000, 0x000000008d100000, 0x000000008d200000|  0%| F|  |TAMS 0x000000008d100000, 0x000000008d100000| Untracked 
|  64|0x000000008d200000, 0x000000008d200000, 0x000000008d300000|  0%| F|  |TAMS 0x000000008d200000, 0x000000008d200000| Untracked 
|  65|0x000000008d300000, 0x000000008d300000, 0x000000008d400000|  0%| F|  |TAMS 0x000000008d300000, 0x000000008d300000| Untracked 
|  66|0x000000008d400000, 0x000000008d400000, 0x000000008d500000|  0%| F|  |TAMS 0x000000008d400000, 0x000000008d400000| Untracked 
|  67|0x000000008d500000, 0x000000008d500000, 0x000000008d600000|  0%| F|  |TAMS 0x000000008d500000, 0x000000008d500000| Untracked 
|  68|0x000000008d600000, 0x000000008d600000, 0x000000008d700000|  0%| F|  |TAMS 0x000000008d600000, 0x000000008d600000| Untracked 
|  69|0x000000008d700000, 0x000000008d700000, 0x000000008d800000|  0%| F|  |TAMS 0x000000008d700000, 0x000000008d700000| Untracked 
|  70|0x000000008d800000, 0x000000008d800000, 0x000000008d900000|  0%| F|  |TAMS 0x000000008d800000, 0x000000008d800000| Untracked 
|  71|0x000000008d900000, 0x000000008d900000, 0x000000008da00000|  0%| F|  |TAMS 0x000000008d900000, 0x000000008d900000| Untracked 
|  72|0x000000008da00000, 0x000000008da00000, 0x000000008db00000|  0%| F|  |TAMS 0x000000008da00000, 0x000000008da00000| Untracked 
|  73|0x000000008db00000, 0x000000008db00000, 0x000000008dc00000|  0%| F|  |TAMS 0x000000008db00000, 0x000000008db00000| Untracked 
|  74|0x000000008dc00000, 0x000000008dc00000, 0x000000008dd00000|  0%| F|  |TAMS 0x000000008dc00000, 0x000000008dc00000| Untracked 
|  75|0x000000008dd00000, 0x000000008dd00000, 0x000000008de00000|  0%| F|  |TAMS 0x000000008dd00000, 0x000000008dd00000| Untracked 
|  76|0x000000008de00000, 0x000000008de00000, 0x000000008df00000|  0%| F|  |TAMS 0x000000008de00000, 0x000000008de00000| Untracked 
|  77|0x000000008df00000, 0x000000008df00000, 0x000000008e000000|  0%| F|  |TAMS 0x000000008df00000, 0x000000008df00000| Untracked 
|  78|0x000000008e000000, 0x000000008e000000, 0x000000008e100000|  0%| F|  |TAMS 0x000000008e000000, 0x000000008e000000| Untracked 
|  79|0x000000008e100000, 0x000000008e100000, 0x000000008e200000|  0%| F|  |TAMS 0x000000008e100000, 0x000000008e100000| Untracked 
|  80|0x000000008e200000, 0x000000008e200000, 0x000000008e300000|  0%| F|  |TAMS 0x000000008e200000, 0x000000008e200000| Untracked 
|  81|0x000000008e300000, 0x000000008e300000, 0x000000008e400000|  0%| F|  |TAMS 0x000000008e300000, 0x000000008e300000| Untracked 
|  82|0x000000008e400000, 0x000000008e400000, 0x000000008e500000|  0%| F|  |TAMS 0x000000008e400000, 0x000000008e400000| Untracked 
|  83|0x000000008e500000, 0x000000008e500000, 0x000000008e600000|  0%| F|  |TAMS 0x000000008e500000, 0x000000008e500000| Untracked 
|  84|0x000000008e600000, 0x000000008e600000, 0x000000008e700000|  0%| F|  |TAMS 0x000000008e600000, 0x000000008e600000| Untracked 
|  85|0x000000008e700000, 0x000000008e700000, 0x000000008e800000|  0%| F|  |TAMS 0x000000008e700000, 0x000000008e700000| Untracked 
|  86|0x000000008e800000, 0x000000008e800000, 0x000000008e900000|  0%| F|  |TAMS 0x000000008e800000, 0x000000008e800000| Untracked 
|  87|0x000000008e900000, 0x000000008e900000, 0x000000008ea00000|  0%| F|  |TAMS 0x000000008e900000, 0x000000008e900000| Untracked 
|  88|0x000000008ea00000, 0x000000008ea00000, 0x000000008eb00000|  0%| F|  |TAMS 0x000000008ea00000, 0x000000008ea00000| Untracked 
|  89|0x000000008eb00000, 0x000000008eb00000, 0x000000008ec00000|  0%| F|  |TAMS 0x000000008eb00000, 0x000000008eb00000| Untracked 
|  90|0x000000008ec00000, 0x000000008ec00000, 0x000000008ed00000|  0%| F|  |TAMS 0x000000008ec00000, 0x000000008ec00000| Untracked 
|  91|0x000000008ed00000, 0x000000008ed00000, 0x000000008ee00000|  0%| F|  |TAMS 0x000000008ed00000, 0x000000008ed00000| Untracked 
|  92|0x000000008ee00000, 0x000000008ee00000, 0x000000008ef00000|  0%| F|  |TAMS 0x000000008ee00000, 0x000000008ee00000| Untracked 
|  93|0x000000008ef00000, 0x000000008ef00000, 0x000000008f000000|  0%| F|  |TAMS 0x000000008ef00000, 0x000000008ef00000| Untracked 
|  94|0x000000008f000000, 0x000000008f000000, 0x000000008f100000|  0%| F|  |TAMS 0x000000008f000000, 0x000000008f000000| Untracked 
|  95|0x000000008f100000, 0x000000008f100000, 0x000000008f200000|  0%| F|  |TAMS 0x000000008f100000, 0x000000008f100000| Untracked 
|  96|0x000000008f200000, 0x000000008f200000, 0x000000008f300000|  0%| F|  |TAMS 0x000000008f200000, 0x000000008f200000| Untracked 
|  97|0x000000008f300000, 0x000000008f300000, 0x000000008f400000|  0%| F|  |TAMS 0x000000008f300000, 0x000000008f300000| Untracked 
|  98|0x000000008f400000, 0x000000008f400000, 0x000000008f500000|  0%| F|  |TAMS 0x000000008f400000, 0x000000008f400000| Untracked 
|  99|0x000000008f500000, 0x000000008f500000, 0x000000008f600000|  0%| F|  |TAMS 0x000000008f500000, 0x000000008f500000| Untracked 
| 100|0x000000008f600000, 0x000000008f600000, 0x000000008f700000|  0%| F|  |TAMS 0x000000008f600000, 0x000000008f600000| Untracked 
| 101|0x000000008f700000, 0x000000008f700000, 0x000000008f800000|  0%| F|  |TAMS 0x000000008f700000, 0x000000008f700000| Untracked 
| 102|0x000000008f800000, 0x000000008f800000, 0x000000008f900000|  0%| F|  |TAMS 0x000000008f800000, 0x000000008f800000| Untracked 
| 103|0x000000008f900000, 0x000000008f900000, 0x000000008fa00000|  0%| F|  |TAMS 0x000000008f900000, 0x000000008f900000| Untracked 
| 104|0x000000008fa00000, 0x000000008fa76498, 0x000000008fb00000| 46%| E|  |TAMS 0x000000008fa00000, 0x000000008fa00000| Complete 
| 105|0x000000008fb00000, 0x000000008fc00000, 0x000000008fc00000|100%| E|CS|TAMS 0x000000008fb00000, 0x000000008fb00000| Complete 
| 106|0x000000008fc00000, 0x000000008fd00000, 0x000000008fd00000|100%| E|CS|TAMS 0x000000008fc00000, 0x000000008fc00000| Complete 
| 107|0x000000008fd00000, 0x000000008fe00000, 0x000000008fe00000|100%| E|CS|TAMS 0x000000008fd00000, 0x000000008fd00000| Complete 
| 108|0x000000008fe00000, 0x000000008ff00000, 0x000000008ff00000|100%| E|CS|TAMS 0x000000008fe00000, 0x000000008fe00000| Complete 
| 109|0x000000008ff00000, 0x0000000090000000, 0x0000000090000000|100%| E|CS|TAMS 0x000000008ff00000, 0x000000008ff00000| Complete 
| 110|0x0000000090000000, 0x0000000090100000, 0x0000000090100000|100%| E|CS|TAMS 0x0000000090000000, 0x0000000090000000| Complete 
| 111|0x0000000090100000, 0x0000000090200000, 0x0000000090200000|100%| E|  |TAMS 0x0000000090100000, 0x0000000090100000| Complete 
| 112|0x0000000090200000, 0x0000000090300000, 0x0000000090300000|100%| E|CS|TAMS 0x0000000090200000, 0x0000000090200000| Complete 
| 113|0x0000000090300000, 0x0000000090400000, 0x0000000090400000|100%| E|CS|TAMS 0x0000000090300000, 0x0000000090300000| Complete 
| 114|0x0000000090400000, 0x0000000090500000, 0x0000000090500000|100%| E|CS|TAMS 0x0000000090400000, 0x0000000090400000| Complete 
| 115|0x0000000090500000, 0x0000000090600000, 0x0000000090600000|100%| E|CS|TAMS 0x0000000090500000, 0x0000000090500000| Complete 
| 116|0x0000000090600000, 0x0000000090700000, 0x0000000090700000|100%| E|CS|TAMS 0x0000000090600000, 0x0000000090600000| Complete 
| 117|0x0000000090700000, 0x0000000090800000, 0x0000000090800000|100%| E|CS|TAMS 0x0000000090700000, 0x0000000090700000| Complete 
| 118|0x0000000090800000, 0x0000000090900000, 0x0000000090900000|100%| E|CS|TAMS 0x0000000090800000, 0x0000000090800000| Complete 
| 119|0x0000000090900000, 0x0000000090a00000, 0x0000000090a00000|100%| E|CS|TAMS 0x0000000090900000, 0x0000000090900000| Complete 

Card table byte_map: [0x00000214e18c0000,0x00000214e1c80000] _byte_map_base: 0x00000214e1477000

Marking Bits (Prev, Next): (CMBitMap*) 0x00000214ca4478a0, (CMBitMap*) 0x00000214ca4478e0
 Prev Bits: [0x00000214e2040000, 0x00000214e3df8000)
 Next Bits: [0x00000214e3e00000, 0x00000214e5bb8000)

Polling page: 0x00000214c8400000

Metaspace:

Usage:
  Non-class:     10.40 MB used.
      Class:      1.31 MB used.
       Both:     11.71 MB used.

Virtual space:
  Non-class space:       16.00 MB reserved,      10.50 MB ( 66%) committed,  2 nodes.
      Class space:        1.00 GB reserved,       1.38 MB ( <1%) committed,  1 nodes.
             Both:        1.02 GB reserved,      11.88 MB (  1%) committed. 

Chunk freelists:
   Non-Class:  992.00 KB
       Class:  2.58 MB
        Both:  3.55 MB

MaxMetaspaceSize: unlimited
CompressedClassSpaceSize: 1.00 GB
Initial GC threshold: 21.00 MB
Current GC threshold: 21.00 MB
CDS: on
MetaspaceReclaimPolicy: balanced
 - commit_granule_bytes: 65536.
 - commit_granule_words: 8192.
 - virtual_space_node_default_size: 1048576.
 - enlarge_chunks_in_place: 1.
 - new_chunks_are_fully_committed: 0.
 - uncommit_free_chunks: 1.
 - use_allocation_guard: 0.
 - handle_deallocations: 1.


Internal statistics:

num_allocs_failed_limit: 0.
num_arena_births: 126.
num_arena_deaths: 0.
num_vsnodes_births: 3.
num_vsnodes_deaths: 0.
num_space_committed: 190.
num_space_uncommitted: 0.
num_chunks_returned_to_freelist: 0.
num_chunks_taken_from_freelist: 290.
num_chunk_merges: 0.
num_chunk_splits: 170.
num_chunks_enlarged: 90.
num_purges: 0.
num_inconsistent_stats: 0.

CodeHeap 'non-profiled nmethods': size=119168Kb used=406Kb max_used=406Kb free=118761Kb
 bounds [0x00000214d9820000, 0x00000214d9a90000, 0x00000214e0c80000]
CodeHeap 'profiled nmethods': size=119104Kb used=2234Kb max_used=2234Kb free=116869Kb
 bounds [0x00000214d1c80000, 0x00000214d1ef0000, 0x00000214d90d0000]
CodeHeap 'non-nmethods': size=7488Kb used=2398Kb max_used=2412Kb free=5089Kb
 bounds [0x00000214d90d0000, 0x00000214d9340000, 0x00000214d9820000]
 total_blobs=1888 nmethods=1298 adapters=500
 compilation: enabled
              stopped_count=0, restarted_count=0
 full_count=0

Compilation events (20 events):
Event: 1.204 Thread 0x00000214e958c4b0 1290       3       sun.security.util.math.intpoly.IntegerPolynomial$MutableElement::setSquare (5 bytes)
Event: 1.204 Thread 0x00000214e8b412c0 nmethod 1288 0x00000214d1eab310 code [0x00000214d1eab4c0, 0x00000214d1eab608]
Event: 1.204 Thread 0x00000214e95984b0 nmethod 1289 0x00000214d1eab690 code [0x00000214d1eab840, 0x00000214d1eab988]
Event: 1.204 Thread 0x00000214e958c4b0 nmethod 1290 0x00000214d1eaba10 code [0x00000214d1eabbc0, 0x00000214d1eabe28]
Event: 1.204 Thread 0x00000214e958c4b0 1291       3       sun.security.util.math.intpoly.IntegerPolynomial$MutableElement::setSquare (22 bytes)
Event: 1.204 Thread 0x00000214e8b412c0 1292       3       sun.security.util.math.intpoly.IntegerPolynomial25519::square (613 bytes)
Event: 1.204 Thread 0x00000214e95984b0 1293       3       sun.security.util.math.intpoly.IntegerPolynomial::conditionalSwap (57 bytes)
Event: 1.204 Thread 0x00000214e958c4b0 nmethod 1291 0x00000214d1eabf10 code [0x00000214d1eac0c0, 0x00000214d1eac2c8]
Event: 1.204 Thread 0x00000214e95984b0 nmethod 1293 0x00000214d1eac390 code [0x00000214d1eac540, 0x00000214d1eac738]
Event: 1.204 Thread 0x00000214e95984b0 1294       3       sun.security.ec.XECOperations::cswap (9 bytes)
Event: 1.204 Thread 0x00000214e958c4b0 1295       3       sun.security.util.math.intpoly.IntegerPolynomial$MutableElement::conditionalSwapWith (38 bytes)
Event: 1.205 Thread 0x00000214e95984b0 nmethod 1294 0x00000214d1eac890 code [0x00000214d1eaca40, 0x00000214d1eacbc8]
Event: 1.205 Thread 0x00000214e958c4b0 nmethod 1295 0x00000214d1eacd10 code [0x00000214d1eacec0, 0x00000214d1ead128]
Event: 1.205 Thread 0x00000214e8b3f900 1296       4       sun.security.util.math.intpoly.IntegerPolynomial25519::carryReduce (639 bytes)
Event: 1.205 Thread 0x00000214e8b412c0 nmethod 1292 0x00000214d1ead210 code [0x00000214d1ead3c0, 0x00000214d1eadc48]
Event: 1.205 Thread 0x00000214e8b412c0 1297       3       sun.security.util.math.intpoly.IntegerPolynomial::multByInt (30 bytes)
Event: 1.205 Thread 0x00000214e8b412c0 nmethod 1297 0x00000214d1eade90 code [0x00000214d1eae040, 0x00000214d1eae2c8]
Event: 1.205 Thread 0x00000214e8b412c0 1298       3       java.math.BigInteger::testBit (38 bytes)
Event: 1.206 Thread 0x00000214e8b412c0 nmethod 1298 0x00000214d1eae410 code [0x00000214d1eae5c0, 0x00000214d1eae878]
Event: 1.208 Thread 0x00000214e8b3f900 nmethod 1296 0x00000214d9885390 code [0x00000214d9885500, 0x00000214d98858d8]

GC Heap History (0 events):
No events

Deoptimization events (20 events):
Event: 0.893 Thread 0x00000214ca3f1220 DEOPT PACKING pc=0x00000214d9868ee0 sp=0x000000e63b4fd7f0
Event: 0.893 Thread 0x00000214ca3f1220 DEOPT UNPACKING pc=0x00000214d91223a3 sp=0x000000e63b4fd728 mode 2
Event: 1.001 Thread 0x00000214ca3f1220 Uncommon trap: trap_request=0xffffffc6 fr.pc=0x00000214d9877fd8 relative=0x00000000000005f8
Event: 1.001 Thread 0x00000214ca3f1220 Uncommon trap: reason=bimorphic_or_optimized_type_check action=maybe_recompile pc=0x00000214d9877fd8 method=java.util.concurrent.ConcurrentHashMap.get(Ljava/lang/Object;)Ljava/lang/Object; @ 149 c2
Event: 1.001 Thread 0x00000214ca3f1220 DEOPT PACKING pc=0x00000214d9877fd8 sp=0x000000e63b4fc5f0
Event: 1.001 Thread 0x00000214ca3f1220 DEOPT UNPACKING pc=0x00000214d91223a3 sp=0x000000e63b4fc590 mode 2
Event: 1.131 Thread 0x00000214ca3f1220 Uncommon trap: trap_request=0xffffffc6 fr.pc=0x00000214d9877fd8 relative=0x00000000000005f8
Event: 1.131 Thread 0x00000214ca3f1220 Uncommon trap: reason=bimorphic_or_optimized_type_check action=maybe_recompile pc=0x00000214d9877fd8 method=java.util.concurrent.ConcurrentHashMap.get(Ljava/lang/Object;)Ljava/lang/Object; @ 149 c2
Event: 1.131 Thread 0x00000214ca3f1220 DEOPT PACKING pc=0x00000214d9877fd8 sp=0x000000e63b4fdf60
Event: 1.131 Thread 0x00000214ca3f1220 DEOPT UNPACKING pc=0x00000214d91223a3 sp=0x000000e63b4fdf00 mode 2
Event: 1.136 Thread 0x00000214ca3f1220 DEOPT PACKING pc=0x00000214d1d87b3e sp=0x000000e63b4fb2a0
Event: 1.136 Thread 0x00000214ca3f1220 DEOPT UNPACKING pc=0x00000214d9122b43 sp=0x000000e63b4fa740 mode 0
Event: 1.147 Thread 0x00000214ca3f1220 Uncommon trap: trap_request=0xffffffc6 fr.pc=0x00000214d9877fd8 relative=0x00000000000005f8
Event: 1.147 Thread 0x00000214ca3f1220 Uncommon trap: reason=bimorphic_or_optimized_type_check action=maybe_recompile pc=0x00000214d9877fd8 method=java.util.concurrent.ConcurrentHashMap.get(Ljava/lang/Object;)Ljava/lang/Object; @ 149 c2
Event: 1.147 Thread 0x00000214ca3f1220 DEOPT PACKING pc=0x00000214d9877fd8 sp=0x000000e63b4fd220
Event: 1.147 Thread 0x00000214ca3f1220 DEOPT UNPACKING pc=0x00000214d91223a3 sp=0x000000e63b4fd1b0 mode 2
Event: 1.163 Thread 0x00000214ca3f1220 Uncommon trap: trap_request=0xffffffc6 fr.pc=0x00000214d9877fd8 relative=0x00000000000005f8
Event: 1.163 Thread 0x00000214ca3f1220 Uncommon trap: reason=bimorphic_or_optimized_type_check action=maybe_recompile pc=0x00000214d9877fd8 method=java.util.concurrent.ConcurrentHashMap.get(Ljava/lang/Object;)Ljava/lang/Object; @ 149 c2
Event: 1.163 Thread 0x00000214ca3f1220 DEOPT PACKING pc=0x00000214d9877fd8 sp=0x000000e63b4fc6f0
Event: 1.163 Thread 0x00000214ca3f1220 DEOPT UNPACKING pc=0x00000214d91223a3 sp=0x000000e63b4fc680 mode 2

Classes unloaded (0 events):
No events

Classes redefined (0 events):
No events

Internal exceptions (20 events):
Event: 0.202 Thread 0x00000214ca3f1220 Exception <a 'java/io/FileNotFoundException'{0x000000009077b758}> (0x000000009077b758) 
thrown [s\open\src\hotspot\share\prims\jni.cpp, line 516]
Event: 0.214 Thread 0x00000214ca3f1220 Exception <a 'java/io/FileNotFoundException'{0x00000000907a86e8}> (0x00000000907a86e8) 
thrown [s\open\src\hotspot\share\prims\jni.cpp, line 516]
Event: 0.270 Thread 0x00000214ca3f1220 Exception <a 'java/lang/NoSuchMethodError'{0x00000000907ec6e8}: 'java.lang.Object java.lang.invoke.DirectMethodHandle$Holder.invokeStaticInit(java.lang.Object)'> (0x00000000907ec6e8) 
thrown [s\open\src\hotspot\share\interpreter\linkResolver.cpp, line 759]
Event: 0.423 Thread 0x00000214ca3f1220 Exception <a 'java/lang/NoSuchMethodError'{0x0000000090648060}: 'void java.lang.invoke.DirectMethodHandle$Holder.invokeSpecial(java.lang.Object, java.lang.Object, java.lang.Object)'> (0x0000000090648060) 
thrown [s\open\src\hotspot\share\interpreter\linkResolver.cpp, line 759]
Event: 0.435 Thread 0x00000214ca3f1220 Exception <a 'java/lang/NoSuchMethodError'{0x0000000090672208}: 'java.lang.Object java.lang.invoke.DirectMethodHandle$Holder.newInvokeSpecial(java.lang.Object, java.lang.Object, java.lang.Object, java.lang.Object, java.lang.Object)'> (0x0000000090672208) 
thrown [s\open\src\hotspot\share\interpreter\linkResolver.cpp, line 759]
Event: 0.438 Thread 0x00000214ca3f1220 Exception <a 'java/lang/NoSuchMethodError'{0x00000000906f3a68}: 'java.lang.Object java.lang.invoke.DirectMethodHandle$Holder.invokeStatic(java.lang.Object, int, java.lang.Object, java.lang.Object, java.lang.Object, java.lang.Object)'> (0x00000000906f3a68) 
thrown [s\open\src\hotspot\share\interpreter\linkResolver.cpp, line 759]
Event: 0.445 Thread 0x00000214ca3f1220 Exception <a 'java/lang/NoSuchMethodError'{0x00000000905196e8}: 'java.lang.Object java.lang.invoke.DirectMethodHandle$Holder.invokeStatic(java.lang.Object, int, java.lang.Object)'> (0x00000000905196e8) 
thrown [s\open\src\hotspot\share\interpreter\linkResolver.cpp, line 759]
Event: 0.485 Thread 0x00000214ca3f1220 Exception <a 'java/lang/ClassNotFoundException'{0x00000000905d15b8}: com/sun/swing/internal/plaf/metal/resources/spi/metalProvider> (0x00000000905d15b8) 
thrown [s\open\src\hotspot\share\classfile\systemDictionary.cpp, line 256]
Event: 0.487 Thread 0x00000214ca3f1220 Exception <a 'java/lang/ClassNotFoundException'{0x00000000905d5460}: com/sun/swing/internal/plaf/basic/resources/spi/basicProvider> (0x00000000905d5460) 
thrown [s\open\src\hotspot\share\classfile\systemDictionary.cpp, line 256]
Event: 0.596 Thread 0x00000214ca3f1220 Exception <a 'java/lang/NoSuchMethodError'{0x00000000903737a8}: 'java.lang.Object java.lang.invoke.DirectMethodHandle$Holder.invokeInterface(java.lang.Object, java.lang.Object)'> (0x00000000903737a8) 
thrown [s\open\src\hotspot\share\interpreter\linkResolver.cpp, line 759]
Event: 0.636 Thread 0x00000214ca3f1220 Exception <a 'java/lang/NoSuchMethodError'{0x00000000903f4970}: 'void java.lang.invoke.DirectMethodHandle$Holder.invokeStatic(java.lang.Object, java.lang.Object, java.lang.Object)'> (0x00000000903f4970) 
thrown [s\open\src\hotspot\share\interpreter\linkResolver.cpp, line 759]
Event: 0.638 Thread 0x00000214ca3f1220 Exception <a 'java/lang/NoSuchMethodError'{0x00000000903fe840}: 'java.lang.Object java.lang.invoke.DirectMethodHandle$Holder.invokeVirtual(java.lang.Object, java.lang.Object, java.lang.Object)'> (0x00000000903fe840) 
thrown [s\open\src\hotspot\share\interpreter\linkResolver.cpp, line 759]
Event: 0.773 Thread 0x00000214ca3f1220 Exception <a 'java/lang/NoSuchMethodError'{0x000000008ff07a00}: 'void java.lang.invoke.DirectMethodHandle$Holder.invokeStatic(java.lang.Object, java.lang.Object)'> (0x000000008ff07a00) 
thrown [s\open\src\hotspot\share\interpreter\linkResolver.cpp, line 759]
Event: 0.864 Thread 0x00000214ca3f1220 Exception <a 'java/lang/NoSuchMethodError'{0x000000008fec8200}: 'void java.lang.invoke.DirectMethodHandle$Holder.invokeStaticInit(java.lang.Object, java.lang.Object)'> (0x000000008fec8200) 
thrown [s\open\src\hotspot\share\interpreter\linkResolver.cpp, line 759]
Event: 0.942 Thread 0x00000214ca3f1220 Exception <a 'sun/nio/fs/WindowsException'{0x000000008fc024e0}> (0x000000008fc024e0) 
thrown [s\open\src\hotspot\share\prims\jni.cpp, line 516]
Event: 0.965 Thread 0x00000214ca3f1220 Exception <a 'java/lang/NoSuchMethodError'{0x000000008fc290d8}: 'int java.lang.invoke.DirectMethodHandle$Holder.invokeStaticInit(java.lang.Object, java.lang.Object, java.lang.Object, java.lang.Object)'> (0x000000008fc290d8) 
thrown [s\open\src\hotspot\share\interpreter\linkResolver.cpp, line 759]
Event: 0.967 Thread 0x00000214ca3f1220 Exception <a 'java/lang/IncompatibleClassChangeError'{0x000000008fc323f8}: Found class java.lang.Object, but interface was expected> (0x000000008fc323f8) 
thrown [s\open\src\hotspot\share\interpreter\linkResolver.cpp, line 826]
Event: 0.969 Thread 0x00000214ca3f1220 Exception <a 'java/lang/NoSuchMethodError'{0x000000008fc37820}: 'int java.lang.invoke.DirectMethodHandle$Holder.invokeStaticInit(java.lang.Object, java.lang.Object)'> (0x000000008fc37820) 
thrown [s\open\src\hotspot\share\interpreter\linkResolver.cpp, line 759]
Event: 1.021 Thread 0x00000214ca3f1220 Exception <a 'java/lang/NoSuchMethodError'{0x000000008fcf8d30}: 'java.lang.Object java.lang.invoke.DirectMethodHandle$Holder.invokeStaticInit(java.lang.Object, int, int, int, int)'> (0x000000008fcf8d30) 
thrown [s\open\src\hotspot\share\interpreter\linkResolver.cpp, line 759]
Event: 1.111 Thread 0x00000214ca3f1220 Exception <a 'java/lang/NoSuchMethodError'{0x000000008fbc6970}: 'java.lang.Object java.lang.invoke.DirectMethodHandle$Holder.invokeStaticInit(java.lang.Object, java.lang.Object, int, int, int, int)'> (0x000000008fbc6970) 
thrown [s\open\src\hotspot\share\interpreter\linkResolver.cpp, line 759]

VM Operations (10 events):
Event: 0.111 Executing VM operation: HandshakeAllThreads
Event: 0.112 Executing VM operation: HandshakeAllThreads done
Event: 0.518 Executing VM operation: HandshakeAllThreads
Event: 0.518 Executing VM operation: HandshakeAllThreads done
Event: 0.750 Executing VM operation: HandshakeAllThreads
Event: 0.750 Executing VM operation: HandshakeAllThreads done
Event: 0.955 Executing VM operation: HandshakeAllThreads
Event: 0.955 Executing VM operation: HandshakeAllThreads done
Event: 1.003 Executing VM operation: ICBufferFull
Event: 1.003 Executing VM operation: ICBufferFull done

Events (20 events):
Event: 1.200 loading class sun/security/util/math/MutableIntegerModuloP
Event: 1.200 loading class sun/security/util/math/MutableIntegerModuloP done
Event: 1.200 loading class sun/security/util/math/intpoly/IntegerPolynomial$MutableElement done
Event: 1.205 loading class java/security/KeyPair
Event: 1.206 loading class java/security/KeyPair done
Event: 1.206 loading class java/security/interfaces/XECPublicKey
Event: 1.206 loading class java/security/interfaces/XECKey
Event: 1.206 loading class java/security/interfaces/XECKey done
Event: 1.206 loading class java/security/interfaces/XECPublicKey done
Event: 1.206 loading class sun/security/x509/X509Key
Event: 1.206 loading class sun/security/x509/X509Key done
Event: 1.207 loading class sun/security/util/BitArray
Event: 1.207 loading class sun/security/util/BitArray done
Event: 1.207 loading class java/security/interfaces/XECPrivateKey
Event: 1.207 loading class java/security/interfaces/XECPrivateKey done
Event: 1.207 loading class sun/security/pkcs/PKCS8Key
Event: 1.207 loading class sun/security/pkcs/PKCS8Key done
Event: 1.207 loading class sun/security/util/DerValue
Event: 1.208 loading class sun/security/util/DerValue done
Event: 1.208 loading class sun/security/util/DerInputStream


Dynamic libraries:
0x00007ff6c3430000 - 0x00007ff6c3440000 	C:\Program Files\Java\jdk-17\bin\java.exe
0x00007ffb7b340000 - 0x00007ffb7b549000 	C:\WINDOWS\SYSTEM32\ntdll.dll
0x00007ffb79e80000 - 0x00007ffb79f3e000 	C:\WINDOWS\System32\KERNEL32.DLL
0x00007ffb78b10000 - 0x00007ffb78e93000 	C:\WINDOWS\System32\KERNELBASE.dll
0x00007ffb788b0000 - 0x00007ffb789c1000 	C:\WINDOWS\System32\ucrtbase.dll
0x00007ffb05380000 - 0x00007ffb0539b000 	C:\Program Files\Java\jdk-17\bin\VCRUNTIME140.dll
0x00007ffb74a90000 - 0x00007ffb74aa9000 	C:\Program Files\Java\jdk-17\bin\jli.dll
0x00007ffb79f40000 - 0x00007ffb79fee000 	C:\WINDOWS\System32\ADVAPI32.dll
0x00007ffb79ad0000 - 0x00007ffb79b73000 	C:\WINDOWS\System32\msvcrt.dll
0x00007ffb7a840000 - 0x00007ffb7a8de000 	C:\WINDOWS\System32\sechost.dll
0x00007ffb7a330000 - 0x00007ffb7a451000 	C:\WINDOWS\System32\RPCRT4.dll
0x00007ffb79c60000 - 0x00007ffb79e0d000 	C:\WINDOWS\System32\USER32.dll
0x00007ffb789d0000 - 0x00007ffb789f6000 	C:\WINDOWS\System32\win32u.dll
0x00007ffb7ae40000 - 0x00007ffb7ae69000 	C:\WINDOWS\System32\GDI32.dll
0x00007ffb79090000 - 0x00007ffb791aa000 	C:\WINDOWS\System32\gdi32full.dll
0x00007ffb63d50000 - 0x00007ffb63ff5000 	C:\WINDOWS\WinSxS\amd64_microsoft.windows.common-controls_6595b64144ccf1df_6.0.22000.120_none_9d947278b86cc467\COMCTL32.dll
0x00007ffb78a00000 - 0x00007ffb78a9d000 	C:\WINDOWS\System32\msvcp_win.dll
0x00007ffb70280000 - 0x00007ffb7028a000 	C:\WINDOWS\SYSTEM32\VERSION.dll
0x00007ffb79b80000 - 0x00007ffb79bb1000 	C:\WINDOWS\System32\IMM32.DLL
0x00007ffb05370000 - 0x00007ffb0537c000 	C:\Program Files\Java\jdk-17\bin\vcruntime140_1.dll
0x00007ffb04a90000 - 0x00007ffb04b1e000 	C:\Program Files\Java\jdk-17\bin\msvcp140.dll
0x00007ffb053b0000 - 0x00007ffb05f8d000 	C:\Program Files\Java\jdk-17\bin\server\jvm.dll
0x00007ffb7a7c0000 - 0x00007ffb7a7c8000 	C:\WINDOWS\System32\PSAPI.DLL
0x00007ffb70240000 - 0x00007ffb70273000 	C:\WINDOWS\SYSTEM32\WINMM.dll
0x00007ffb053a0000 - 0x00007ffb053a9000 	C:\WINDOWS\SYSTEM32\WSOCK32.dll
0x00007ffb79e10000 - 0x00007ffb79e7f000 	C:\WINDOWS\System32\WS2_32.dll
0x00007ffb778e0000 - 0x00007ffb778f8000 	C:\WINDOWS\SYSTEM32\kernel.appcore.dll
0x00007ffb052f0000 - 0x00007ffb052fa000 	C:\Program Files\Java\jdk-17\bin\jimage.dll
0x00007ffb76330000 - 0x00007ffb76551000 	C:\WINDOWS\SYSTEM32\DBGHELP.DLL
0x00007ffb69780000 - 0x00007ffb697b1000 	C:\WINDOWS\SYSTEM32\dbgcore.DLL
0x00007ffb78ea0000 - 0x00007ffb78f1f000 	C:\WINDOWS\System32\bcryptPrimitives.dll
0x00007ffb05300000 - 0x00007ffb05325000 	C:\Program Files\Java\jdk-17\bin\java.dll
0x00007ffb05210000 - 0x00007ffb052e7000 	C:\Program Files\Java\jdk-17\bin\jsvml.dll
0x00007ffb79300000 - 0x00007ffb79ac5000 	C:\WINDOWS\System32\SHELL32.dll
0x00007ffb768d0000 - 0x00007ffb77134000 	C:\WINDOWS\SYSTEM32\windows.storage.dll
0x00007ffb7aac0000 - 0x00007ffb7ae36000 	C:\WINDOWS\System32\combase.dll
0x00007ffb76760000 - 0x00007ffb768c7000 	C:\WINDOWS\SYSTEM32\wintypes.dll
0x00007ffb7a8e0000 - 0x00007ffb7a9ca000 	C:\WINDOWS\System32\SHCORE.dll
0x00007ffb7a7e0000 - 0x00007ffb7a83d000 	C:\WINDOWS\System32\shlwapi.dll
0x00007ffb78720000 - 0x00007ffb78741000 	C:\WINDOWS\SYSTEM32\profapi.dll
0x00007ffb051f0000 - 0x00007ffb05209000 	C:\Program Files\Java\jdk-17\bin\net.dll
0x00007ffb72cd0000 - 0x00007ffb72de2000 	C:\WINDOWS\SYSTEM32\WINHTTP.dll
0x00007ffb77d80000 - 0x00007ffb77de7000 	C:\WINDOWS\system32\mswsock.dll
0x00007ffb051d0000 - 0x00007ffb051e6000 	C:\Program Files\Java\jdk-17\bin\nio.dll
0x00007ffb051b0000 - 0x00007ffb051c8000 	C:\Program Files\Java\jdk-17\bin\zip.dll
0x00007ffb04370000 - 0x00007ffb04501000 	C:\Program Files\Java\jdk-17\bin\awt.dll
0x00007ffb79220000 - 0x00007ffb792f6000 	C:\WINDOWS\System32\OLEAUT32.dll
0x00007ffb759a0000 - 0x00007ffb75a31000 	C:\WINDOWS\SYSTEM32\apphelp.dll
0x00007ffb75dd0000 - 0x00007ffb75dff000 	C:\WINDOWS\system32\DWMAPI.DLL
0x00007ffb75b10000 - 0x00007ffb75bbc000 	C:\WINDOWS\system32\uxtheme.dll
0x00007ffb03a80000 - 0x00007ffb03b81000 	C:\WINDOWS\system32\opengl32.dll
0x00007ffb04a60000 - 0x00007ffb04a8d000 	C:\WINDOWS\SYSTEM32\GLU32.dll
0x00007ffb75d50000 - 0x00007ffb75d88000 	C:\WINDOWS\SYSTEM32\dxcore.dll
0x00007ffb7a200000 - 0x00007ffb7a31d000 	C:\WINDOWS\System32\MSCTF.dll
0x00007ffb7a060000 - 0x00007ffb7a1fa000 	C:\WINDOWS\System32\ole32.dll
0x00007ffb69e30000 - 0x00007ffb69fd6000 	C:\WINDOWS\system32\d3d9.dll
0x00007ffb70290000 - 0x00007ffb70448000 	C:\WINDOWS\System32\DriverStore\FileRepository\u0382793.inf_amd64_1c9c9d36a5813460\B384051\aticfx64.dll
0x00007ffb74a50000 - 0x00007ffb74a84000 	C:\WINDOWS\System32\DriverStore\FileRepository\u0382793.inf_amd64_1c9c9d36a5813460\B384051\atiu9p64.dll
0x00007ffb2f740000 - 0x00007ffb30494000 	C:\WINDOWS\System32\DriverStore\FileRepository\u0382793.inf_amd64_1c9c9d36a5813460\B384051\atiumd64.dll
0x000000006db10000 - 0x000000006e984000 	C:\WINDOWS\System32\DriverStore\FileRepository\u0382793.inf_amd64_1c9c9d36a5813460\B384051\atiumd6a.dll
0x00007ffb7ae70000 - 0x00007ffb7b2dc000 	C:\WINDOWS\System32\SETUPAPI.dll
0x00007ffb78470000 - 0x00007ffb784bd000 	C:\WINDOWS\SYSTEM32\POWRPROF.dll
0x00007ffb782c0000 - 0x00007ffb782d3000 	C:\WINDOWS\SYSTEM32\UMPDC.dll
0x00007ffb6fe00000 - 0x00007ffb6fe30000 	C:\WINDOWS\SYSTEM32\amdihk64.dll
0x00007ffb72c60000 - 0x00007ffb72ca4000 	C:\WINDOWS\SYSTEM32\directxdatabasehelper.dll
0x00007ffb77900000 - 0x00007ffb77934000 	C:\WINDOWS\SYSTEM32\ntmarta.dll
0x00007ffb773c0000 - 0x00007ffb774a8000 	C:\WINDOWS\SYSTEM32\DNSAPI.dll
0x00007ffb77390000 - 0x00007ffb773bd000 	C:\WINDOWS\SYSTEM32\IPHLPAPI.DLL
0x00007ffb7a320000 - 0x00007ffb7a329000 	C:\WINDOWS\System32\NSI.dll
0x00007ffb70a30000 - 0x00007ffb70a3a000 	C:\Windows\System32\rasadhlp.dll
0x00007ffb704d0000 - 0x00007ffb70551000 	C:\WINDOWS\System32\fwpuclnt.dll
0x00007ffb77fd0000 - 0x00007ffb77fe8000 	C:\WINDOWS\SYSTEM32\CRYPTSP.dll
0x00007ffb77840000 - 0x00007ffb77875000 	C:\WINDOWS\system32\rsaenh.dll
0x00007ffb77e80000 - 0x00007ffb77ea9000 	C:\WINDOWS\SYSTEM32\USERENV.dll
0x00007ffb78150000 - 0x00007ffb78177000 	C:\WINDOWS\SYSTEM32\bcrypt.dll
0x00007ffb77ff0000 - 0x00007ffb77ffc000 	C:\WINDOWS\SYSTEM32\CRYPTBASE.dll
0x00007ffb72cb0000 - 0x00007ffb72cc9000 	C:\WINDOWS\SYSTEM32\dhcpcsvc6.DLL
0x00007ffb72f70000 - 0x00007ffb72f8e000 	C:\WINDOWS\SYSTEM32\dhcpcsvc.DLL
0x00007ffb610a0000 - 0x00007ffb610ad000 	C:\Program Files\Java\jdk-17\bin\sunmscapi.dll
0x00007ffb78f20000 - 0x00007ffb79082000 	C:\WINDOWS\System32\CRYPT32.dll
0x00007ffb78120000 - 0x00007ffb7814a000 	C:\WINDOWS\SYSTEM32\ncrypt.dll
0x00007ffb780e0000 - 0x00007ffb78117000 	C:\WINDOWS\SYSTEM32\NTASN1.dll

dbghelp: loaded successfully - version: 4.0.5 - missing functions: none
symbol engine: initialized successfully - sym options: 0x614 - pdb path: .;C:\Program Files\Java\jdk-17\bin;C:\WINDOWS\SYSTEM32;C:\WINDOWS\WinSxS\amd64_microsoft.windows.common-controls_6595b64144ccf1df_6.0.22000.120_none_9d947278b86cc467;C:\Program Files\Java\jdk-17\bin\server;C:\WINDOWS\System32\DriverStore\FileRepository\u0382793.inf_amd64_1c9c9d36a5813460\B384051

VM Arguments:
jvm_args: -Dfile.encoding=UTF-8 --module-path=C:\Users\Sanket R Deshmukh\Documents\NetBeansProjects\Hotel Management System\build\classes 
java_command: hotel.management.system.Department
java_class_path (initial): C:\Users\Sanket R Deshmukh\Documents\mysql-connector-java-8.0.28.jar;C:\Users\Sanket R Deshmukh\Downloads\rs2xml.jar;C:\Users\Sanket R Deshmukh\Documents\NetBeansProjects\Hotel Management System\build\classes
Launcher Type: SUN_STANDARD

[Global flags]
     intx CICompilerCount                          = 12                                        {product} {ergonomic}
     uint ConcGCThreads                            = 3                                         {product} {ergonomic}
     uint G1ConcRefinementThreads                  = 13                                        {product} {ergonomic}
   size_t G1HeapRegionSize                         = 1048576                                   {product} {ergonomic}
    uintx GCDrainStackTargetSize                   = 64                                        {product} {ergonomic}
   size_t InitialHeapSize                          = 125829120                                 {product} {ergonomic}
   size_t MarkStackSize                            = 4194304                                   {product} {ergonomic}
   size_t MaxHeapSize                              = 1994391552                                {product} {ergonomic}
   size_t MaxNewSize                               = 1196425216                                {product} {ergonomic}
   size_t MinHeapDeltaBytes                        = 1048576                                   {product} {ergonomic}
   size_t MinHeapSize                              = 8388608                                   {product} {ergonomic}
    uintx NonNMethodCodeHeapSize                   = 7602480                                {pd product} {ergonomic}
    uintx NonProfiledCodeHeapSize                  = 122027880                              {pd product} {ergonomic}
    uintx ProfiledCodeHeapSize                     = 122027880                              {pd product} {ergonomic}
    uintx ReservedCodeCacheSize                    = 251658240                              {pd product} {ergonomic}
     bool SegmentedCodeCache                       = true                                      {product} {ergonomic}
   size_t SoftMaxHeapSize                          = 1994391552                             {manageable} {ergonomic}
     bool UseCompressedClassPointers               = true                           {product lp64_product} {ergonomic}
     bool UseCompressedOops                        = true                           {product lp64_product} {ergonomic}
     bool UseG1GC                                  = true                                      {product} {ergonomic}
     bool UseLargePagesIndividualAllocation        = false                                  {pd product} {ergonomic}

Logging:
Log output configuration:
 #0: stdout all=warning uptime,level,tags
 #1: stderr all=off uptime,level,tags

Environment Variables:
PATH=C:\Program Files\Common Files\Oracle\Java\javapath;C:\Python311\Scripts\;C:\Python311\;C:\Windows\system32;C:\Windows;C:\Windows\System32\Wbem;C:\Windows\System32\WindowsPowerShell\v1.0\;C:\Windows\System32\OpenSSH\;C:\Program Files (x86)\NVIDIA Corporation\PhysX\Common;C:\WINDOWS\system32;C:\WINDOWS;C:\WINDOWS\System32\Wbem;C:\WINDOWS\System32\WindowsPowerShell\v1.0\;C:\WINDOWS\System32\OpenSSH\;C:\Program Files\nodejs\;C:\ProgramData\chocolatey\bin;C:\Program Files\Git\cmd;C:\Program Files\MySQL\MySQL Shell 8.0\bin\;C:\Users\Sanket R Deshmukh\AppData\Local\Microsoft\WindowsApps;C:\Users\Sanket R Deshmukh\AppData\Local\GitHubDesktop\bin;C:\Users\Sanket R Deshmukh\AppData\Roaming\npm;C:\Program Files\Java\jdk-17\bin;
USERNAME=Sanket R Deshmukh
OS=Windows_NT
PROCESSOR_IDENTIFIER=AMD64 Family 23 Model 96 Stepping 1, AuthenticAMD



---------------  S Y S T E M  ---------------

OS:
 Windows 11 , 64 bit Build 22000 (10.0.22000.1761)
OS uptime: 1 days 4:08 hours

CPU: total 16 (initial active 16) (16 cores per cpu, 2 threads per core) family 23 model 96 stepping 1 microcode 0x0, cx8, cmov, fxsr, ht, mmx, 3dnowpref, sse, sse2, sse3, ssse3, sse4a, sse4.1, sse4.2, popcnt, lzcnt, tsc, tscinvbit, avx, avx2, aes, clmul, bmi1, bmi2, adx, sha, fma, vzeroupper, clflush, clflushopt

Memory: 4k page, system-wide physical 7600M (1069M free)
TotalPageFile size 31152M (AvailPageFile size 5M)
current process WorkingSet (physical memory assigned to process): 86M, peak: 86M
current process commit charge ("private bytes"): 249M, peak: 249M

vm_info: Java HotSpot(TM) 64-Bit Server VM (17.0.7+8-LTS-224) for windows-amd64 JRE (17.0.7+8-LTS-224), built on Feb 28 2023 23:03:02 by "mach5one" with MS VC++ 17.1 (VS2022)

END.
