#
# There is insufficient memory for the Java Runtime Environment to continue.
# Native memory allocation (mmap) failed to map 125829120 bytes for G1 virtual space
# Possible reasons:
#   The system is out of physical RAM or swap space
#   The process is running with CompressedOops enabled, and the Java Heap may be blocking the growth of the native heap
# Possible solutions:
#   Reduce memory load on the system
#   Increase physical memory or swap space
#   Check if swap backing store is full
#   Decrease Java heap size (-Xmx/-Xms)
#   Decrease number of Java threads
#   Decrease Java thread stack sizes (-Xss)
#   Set larger code cache with -XX:ReservedCodeCacheSize=
#   JVM is running with Unscaled Compressed Oops mode in which the Java heap is
#     placed in the first 4GB address space. The Java Heap base address is the
#     maximum limit for the native heap growth. Please use -XX:HeapBaseMinAddress
#     to set the Java Heap base and to place the Java Heap above 4GB virtual address.
# This output file may be truncated or incomplete.
#
#  Out of Memory Error (os_windows.cpp:3550), pid=38212, tid=35956
#
# JRE version:  (17.0.7+8) (build )
# Java VM: Java HotSpot(TM) 64-Bit Server VM (17.0.7+8-LTS-224, mixed mode, sharing, tiered, compressed oops, compressed class ptrs, g1 gc, windows-amd64)
# No core dump will be written. Minidumps are not enabled by default on client versions of Windows
#

---------------  S U M M A R Y ------------

Command Line: -Dfile.encoding=UTF-8 --module-path=C:\Users\Sanket R Deshmukh\Documents\NetBeansProjects\Hotel Management System\build\classes hotel.management.system.Department

Host: AMD Ryzen 7 4800H with Radeon Graphics         , 16 cores, 7G,  Windows 11 , 64 bit Build 22000 (10.0.22000.1761)
Time: Mon May  8 23:45:32 2023 India Standard Time elapsed time: 0.030694 seconds (0d 0h 0m 0s)

---------------  T H R E A D  ---------------

Current thread (0x00000191cfd9e1d0):  JavaThread "Unknown thread" [_thread_in_vm, id=35956, stack(0x0000007063d00000,0x0000007063e00000)]

Stack: [0x0000007063d00000,0x0000007063e00000]
Native frames: (J=compiled Java code, j=interpreted, Vv=VM code, C=native code)
V  [jvm.dll+0x676a4a]
V  [jvm.dll+0x7d74f4]
V  [jvm.dll+0x7d8c9e]
V  [jvm.dll+0x7d9303]
V  [jvm.dll+0x2452c5]
V  [jvm.dll+0x6738f9]
V  [jvm.dll+0x668232]
V  [jvm.dll+0x302826]
V  [jvm.dll+0x309da6]
V  [jvm.dll+0x35952e]
V  [jvm.dll+0x35975f]
V  [jvm.dll+0x2d9a38]
V  [jvm.dll+0x2da9a4]
V  [jvm.dll+0x7a8fb1]
V  [jvm.dll+0x3670e1]
V  [jvm.dll+0x788359]
V  [jvm.dll+0x3ea5ef]
V  [jvm.dll+0x3ec071]
C  [jli.dll+0x5297]
C  [ucrtbase.dll+0x26c0c]
C  [KERNEL32.DLL+0x15590]
C  [ntdll.dll+0x485b]


---------------  P R O C E S S  ---------------

Threads class SMR info:
_java_thread_list=0x00007ffb05e64998, length=0, elements={
}

Java Threads: ( => current thread )

Other Threads:
  0x00000191cfdf5550 GCTaskThread "GC Thread#0" [stack: 0x0000007063e00000,0x0000007063f00000] [id=11724]
  0x00000191cfe063c0 ConcurrentGCThread "G1 Main Marker" [stack: 0x0000007063f00000,0x0000007064000000] [id=14624]
  0x00000191cfe07570 ConcurrentGCThread "G1 Conc#0" [stack: 0x0000007064000000,0x0000007064100000] [id=37912]

[error occurred during error reporting (printing all threads), id 0xc0000005, EXCEPTION_ACCESS_VIOLATION (0xc0000005) at pc=0x00007ffb0569a697]

VM state: not at safepoint (not fully initialized)

VM Mutex/Monitor currently owned by a thread:  ([mutex/lock_event])
[0x00000191cfd9ae40] Heap_lock - owner thread: 0x00000191cfd9e1d0

Heap address: 0x0000000089200000, size: 1902 MB, Compressed Oops mode: 32-bit

CDS archive(s) mapped at: [0x0000000000000000-0x0000000000000000-0x0000000000000000), size 0, SharedBaseAddress: 0x0000000800000000, ArchiveRelocationMode: 0.
Narrow klass base: 0x0000000000000000, Narrow klass shift: 0, Narrow klass range: 0x0

GC Precious Log:
<Empty>

Heap:
 garbage-first heap   total 0K, used 0K [0x0000000089200000, 0x0000000100000000)
  region size 1024K, 0 young (0K), 0 survivors (0K)

[error occurred during error reporting (printing heap information), id 0xc0000005, EXCEPTION_ACCESS_VIOLATION (0xc0000005) at pc=0x00007ffb05a800b9]

GC Heap History (0 events):
No events

Deoptimization events (0 events):
No events

Classes unloaded (0 events):
No events

Classes redefined (0 events):
No events

Internal exceptions (0 events):
No events

VM Operations (0 events):
No events

Events (1 events):
Event: 0.022 Loaded shared library C:\Program Files\Java\jdk-17\bin\java.dll


Dynamic libraries:
0x00007ff6c3430000 - 0x00007ff6c3440000 	C:\Program Files\Java\jdk-17\bin\java.exe
0x00007ffb7b340000 - 0x00007ffb7b549000 	C:\WINDOWS\SYSTEM32\ntdll.dll
0x00007ffb79e80000 - 0x00007ffb79f3e000 	C:\WINDOWS\System32\KERNEL32.DLL
0x00007ffb78b10000 - 0x00007ffb78e93000 	C:\WINDOWS\System32\KERNELBASE.dll
0x00007ffb788b0000 - 0x00007ffb789c1000 	C:\WINDOWS\System32\ucrtbase.dll
0x00007ffb05380000 - 0x00007ffb0539b000 	C:\Program Files\Java\jdk-17\bin\VCRUNTIME140.dll
0x00007ffb74a90000 - 0x00007ffb74aa9000 	C:\Program Files\Java\jdk-17\bin\jli.dll
0x00007ffb79f40000 - 0x00007ffb79fee000 	C:\WINDOWS\System32\ADVAPI32.dll
0x00007ffb79ad0000 - 0x00007ffb79b73000 	C:\WINDOWS\System32\msvcrt.dll
0x00007ffb7a840000 - 0x00007ffb7a8de000 	C:\WINDOWS\System32\sechost.dll
0x00007ffb7a330000 - 0x00007ffb7a451000 	C:\WINDOWS\System32\RPCRT4.dll
0x00007ffb79c60000 - 0x00007ffb79e0d000 	C:\WINDOWS\System32\USER32.dll
0x00007ffb789d0000 - 0x00007ffb789f6000 	C:\WINDOWS\System32\win32u.dll
0x00007ffb63d50000 - 0x00007ffb63ff5000 	C:\WINDOWS\WinSxS\amd64_microsoft.windows.common-controls_6595b64144ccf1df_6.0.22000.120_none_9d947278b86cc467\COMCTL32.dll
0x00007ffb7ae40000 - 0x00007ffb7ae69000 	C:\WINDOWS\System32\GDI32.dll
0x00007ffb79090000 - 0x00007ffb791aa000 	C:\WINDOWS\System32\gdi32full.dll
0x00007ffb78a00000 - 0x00007ffb78a9d000 	C:\WINDOWS\System32\msvcp_win.dll
0x00007ffb70280000 - 0x00007ffb7028a000 	C:\WINDOWS\SYSTEM32\VERSION.dll
0x00007ffb79b80000 - 0x00007ffb79bb1000 	C:\WINDOWS\System32\IMM32.DLL
0x00007ffb05370000 - 0x00007ffb0537c000 	C:\Program Files\Java\jdk-17\bin\vcruntime140_1.dll
0x00007ffb04a90000 - 0x00007ffb04b1e000 	C:\Program Files\Java\jdk-17\bin\msvcp140.dll
0x00007ffb053b0000 - 0x00007ffb05f8d000 	C:\Program Files\Java\jdk-17\bin\server\jvm.dll
0x00007ffb7a7c0000 - 0x00007ffb7a7c8000 	C:\WINDOWS\System32\PSAPI.DLL
0x00007ffb053a0000 - 0x00007ffb053a9000 	C:\WINDOWS\SYSTEM32\WSOCK32.dll
0x00007ffb70240000 - 0x00007ffb70273000 	C:\WINDOWS\SYSTEM32\WINMM.dll
0x00007ffb79e10000 - 0x00007ffb79e7f000 	C:\WINDOWS\System32\WS2_32.dll
0x00007ffb778e0000 - 0x00007ffb778f8000 	C:\WINDOWS\SYSTEM32\kernel.appcore.dll
0x00007ffb052f0000 - 0x00007ffb052fa000 	C:\Program Files\Java\jdk-17\bin\jimage.dll
0x00007ffb76330000 - 0x00007ffb76551000 	C:\WINDOWS\SYSTEM32\DBGHELP.DLL
0x00007ffb69780000 - 0x00007ffb697b1000 	C:\WINDOWS\SYSTEM32\dbgcore.DLL
0x00007ffb78ea0000 - 0x00007ffb78f1f000 	C:\WINDOWS\System32\bcryptPrimitives.dll
0x00007ffb05300000 - 0x00007ffb05325000 	C:\Program Files\Java\jdk-17\bin\java.dll

dbghelp: loaded successfully - version: 4.0.5 - missing functions: none
symbol engine: initialized successfully - sym options: 0x614 - pdb path: .;C:\Program Files\Java\jdk-17\bin;C:\WINDOWS\SYSTEM32;C:\WINDOWS\WinSxS\amd64_microsoft.windows.common-controls_6595b64144ccf1df_6.0.22000.120_none_9d947278b86cc467;C:\Program Files\Java\jdk-17\bin\server

VM Arguments:
jvm_args: -Dfile.encoding=UTF-8 --module-path=C:\Users\Sanket R Deshmukh\Documents\NetBeansProjects\Hotel Management System\build\classes 
java_command: hotel.management.system.Department
java_class_path (initial): C:\Users\Sanket R Deshmukh\Documents\mysql-connector-java-8.0.28.jar;C:\Users\Sanket R Deshmukh\Downloads\rs2xml.jar;C:\Users\Sanket R Deshmukh\Documents\NetBeansProjects\Hotel Management System\build\classes
Launcher Type: SUN_STANDARD

[Global flags]
     intx CICompilerCount                          = 12                                        {product} {ergonomic}
     uint ConcGCThreads                            = 3                                         {product} {ergonomic}
     uint G1ConcRefinementThreads                  = 13                                        {product} {ergonomic}
   size_t G1HeapRegionSize                         = 1048576                                   {product} {ergonomic}
    uintx GCDrainStackTargetSize                   = 64                                        {product} {ergonomic}
   size_t InitialHeapSize                          = 125829120                                 {product} {ergonomic}
   size_t MarkStackSize                            = 4194304                                   {product} {ergonomic}
   size_t MaxHeapSize                              = 1994391552                                {product} {ergonomic}
   size_t MinHeapDeltaBytes                        = 1048576                                   {product} {ergonomic}
   size_t MinHeapSize                              = 8388608                                   {product} {ergonomic}
    uintx NonNMethodCodeHeapSize                   = 7602480                                {pd product} {ergonomic}
    uintx NonProfiledCodeHeapSize                  = 122027880                              {pd product} {ergonomic}
    uintx ProfiledCodeHeapSize                     = 122027880                              {pd product} {ergonomic}
    uintx ReservedCodeCacheSize                    = 251658240                              {pd product} {ergonomic}
     bool SegmentedCodeCache                       = true                                      {product} {ergonomic}
   size_t SoftMaxHeapSize                          = 1994391552                             {manageable} {ergonomic}
     bool UseCompressedClassPointers               = true                           {product lp64_product} {ergonomic}
     bool UseCompressedOops                        = true                           {product lp64_product} {ergonomic}
     bool UseG1GC                                  = true                                      {product} {ergonomic}
     bool UseLargePagesIndividualAllocation        = false                                  {pd product} {ergonomic}

Logging:
Log output configuration:
 #0: stdout all=warning uptime,level,tags
 #1: stderr all=off uptime,level,tags

Environment Variables:
PATH=C:\Program Files\Common Files\Oracle\Java\javapath;C:\Python311\Scripts\;C:\Python311\;C:\Windows\system32;C:\Windows;C:\Windows\System32\Wbem;C:\Windows\System32\WindowsPowerShell\v1.0\;C:\Windows\System32\OpenSSH\;C:\Program Files (x86)\NVIDIA Corporation\PhysX\Common;C:\WINDOWS\system32;C:\WINDOWS;C:\WINDOWS\System32\Wbem;C:\WINDOWS\System32\WindowsPowerShell\v1.0\;C:\WINDOWS\System32\OpenSSH\;C:\Program Files\nodejs\;C:\ProgramData\chocolatey\bin;C:\Program Files\Git\cmd;C:\Program Files\MySQL\MySQL Shell 8.0\bin\;C:\Users\Sanket R Deshmukh\AppData\Local\Microsoft\WindowsApps;C:\Users\Sanket R Deshmukh\AppData\Local\GitHubDesktop\bin;C:\Users\Sanket R Deshmukh\AppData\Roaming\npm;C:\Program Files\Java\jdk-17\bin;
USERNAME=Sanket R Deshmukh
OS=Windows_NT
PROCESSOR_IDENTIFIER=AMD64 Family 23 Model 96 Stepping 1, AuthenticAMD



---------------  S Y S T E M  ---------------

OS:
 Windows 11 , 64 bit Build 22000 (10.0.22000.1761)
OS uptime: 1 days 3:55 hours

CPU: total 16 (initial active 16) (16 cores per cpu, 2 threads per core) family 23 model 96 stepping 1 microcode 0x0, cx8, cmov, fxsr, ht, mmx, 3dnowpref, sse, sse2, sse3, ssse3, sse4a, sse4.1, sse4.2, popcnt, lzcnt, tsc, tscinvbit, avx, avx2, aes, clmul, bmi1, bmi2, adx, sha, fma, vzeroupper, clflush, clflushopt

Memory: 4k page, system-wide physical 7600M (1042M free)
TotalPageFile size 31152M (AvailPageFile size 51M)
current process WorkingSet (physical memory assigned to process): 10M, peak: 10M
current process commit charge ("private bytes"): 70M, peak: 190M

vm_info: Java HotSpot(TM) 64-Bit Server VM (17.0.7+8-LTS-224) for windows-amd64 JRE (17.0.7+8-LTS-224), built on Feb 28 2023 23:03:02 by "mach5one" with MS VC++ 17.1 (VS2022)

END.
