#
# There is insufficient memory for the Java Runtime Environment to continue.
# Native memory allocation (malloc) failed to allocate 798816 bytes for Chunk::new
# Possible reasons:
#   The system is out of physical RAM or swap space
#   The process is running with CompressedOops enabled, and the Java Heap may be blocking the growth of the native heap
# Possible solutions:
#   Reduce memory load on the system
#   Increase physical memory or swap space
#   Check if swap backing store is full
#   Decrease Java heap size (-Xmx/-Xms)
#   Decrease number of Java threads
#   Decrease Java thread stack sizes (-Xss)
#   Set larger code cache with -XX:ReservedCodeCacheSize=
#   JVM is running with Unscaled Compressed Oops mode in which the Java heap is
#     placed in the first 4GB address space. The Java Heap base address is the
#     maximum limit for the native heap growth. Please use -XX:HeapBaseMinAddress
#     to set the Java Heap base and to place the Java Heap above 4GB virtual address.
# This output file may be truncated or incomplete.
#
#  Out of Memory Error (arena.cpp:189), pid=22252, tid=13556
#
# JRE version: Java(TM) SE Runtime Environment (17.0.7+8) (build 17.0.7+8-LTS-224)
# Java VM: Java HotSpot(TM) 64-Bit Server VM (17.0.7+8-LTS-224, mixed mode, sharing, tiered, compressed oops, compressed class ptrs, g1 gc, windows-amd64)
# No core dump will be written. Minidumps are not enabled by default on client versions of Windows
#

---------------  S U M M A R Y ------------

Command Line: -Dfile.encoding=UTF-8 --module-path=C:\Users\Sanket R Deshmukh\Documents\NetBeansProjects\Hotel Management System\build\classes hotel.management.system.AddCustomer

Host: AMD Ryzen 7 4800H with Radeon Graphics         , 16 cores, 7G,  Windows 11 , 64 bit Build 22000 (10.0.22000.1761)
Time: Tue May  9 00:08:31 2023 India Standard Time elapsed time: 8934.285403 seconds (0d 2h 28m 54s)

---------------  T H R E A D  ---------------

Current thread (0x000002a1baa91290):  JavaThread "C2 CompilerThread0" daemon [_thread_in_native, id=13556, stack(0x000000e7e2500000,0x000000e7e2600000)]


Current CompileTask:
C2:8934285 2490   !   4       jdk.internal.loader.BuiltinClassLoader::findResource (154 bytes)

Stack: [0x000000e7e2500000,0x000000e7e2600000]
Native frames: (J=compiled Java code, j=interpreted, Vv=VM code, C=native code)
V  [jvm.dll+0x676a4a]
V  [jvm.dll+0x7d74f4]
V  [jvm.dll+0x7d8c9e]
V  [jvm.dll+0x7d9303]
V  [jvm.dll+0x2452c5]
V  [jvm.dll+0xaaa2b]
V  [jvm.dll+0xaafcc]
V  [jvm.dll+0x2aac2f]
V  [jvm.dll+0x57f375]
V  [jvm.dll+0x2205f2]
V  [jvm.dll+0x2209cf]
V  [jvm.dll+0x219926]
V  [jvm.dll+0x216df9]
V  [jvm.dll+0x1a35e0]
V  [jvm.dll+0x226a6e]
V  [jvm.dll+0x224e15]
V  [jvm.dll+0x78d05c]
V  [jvm.dll+0x78759a]
V  [jvm.dll+0x675875]
C  [ucrtbase.dll+0x26c0c]
C  [KERNEL32.DLL+0x15590]
C  [ntdll.dll+0x485b]


---------------  P R O C E S S  ---------------

Threads class SMR info:
_java_thread_list=0x000002a1c1cdf4c0, length=18, elements={
0x000002a1baa76c30, 0x000002a1baa775e0, 0x000002a1baa8b8c0, 0x000002a1baa8e190,
0x000002a1baa8eb40, 0x000002a1baa90500, 0x000002a1baa91290, 0x000002a1baa91d30,
0x000002a1baa9b650, 0x000002a1bb548610, 0x000002a1bb62bea0, 0x000002a1bb7fabf0,
0x000002a1bb850070, 0x000002a1bbfb00c0, 0x000002a1c1c62390, 0x000002a1c2bc8540,
0x000002a1c2944730, 0x000002a1c2943d90
}

Java Threads: ( => current thread )
  0x000002a1baa76c30 JavaThread "Reference Handler" daemon [_thread_blocked, id=29324, stack(0x000000e7e1f00000,0x000000e7e2000000)]
  0x000002a1baa775e0 JavaThread "Finalizer" daemon [_thread_blocked, id=30200, stack(0x000000e7e2000000,0x000000e7e2100000)]
  0x000002a1baa8b8c0 JavaThread "Signal Dispatcher" daemon [_thread_blocked, id=18180, stack(0x000000e7e2100000,0x000000e7e2200000)]
  0x000002a1baa8e190 JavaThread "Attach Listener" daemon [_thread_blocked, id=35008, stack(0x000000e7e2200000,0x000000e7e2300000)]
  0x000002a1baa8eb40 JavaThread "Service Thread" daemon [_thread_blocked, id=36224, stack(0x000000e7e2300000,0x000000e7e2400000)]
  0x000002a1baa90500 JavaThread "Monitor Deflation Thread" daemon [_thread_blocked, id=32940, stack(0x000000e7e2400000,0x000000e7e2500000)]
=>0x000002a1baa91290 JavaThread "C2 CompilerThread0" daemon [_thread_in_native, id=13556, stack(0x000000e7e2500000,0x000000e7e2600000)]
  0x000002a1baa91d30 JavaThread "C1 CompilerThread0" daemon [_thread_blocked, id=17900, stack(0x000000e7e2600000,0x000000e7e2700000)]
  0x000002a1baa9b650 JavaThread "Sweeper thread" daemon [_thread_blocked, id=37852, stack(0x000000e7e2700000,0x000000e7e2800000)]
  0x000002a1bb548610 JavaThread "Common-Cleaner" daemon [_thread_blocked, id=31304, stack(0x000000e7e2800000,0x000000e7e2900000)]
  0x000002a1bb62bea0 JavaThread "Notification Thread" daemon [_thread_blocked, id=19540, stack(0x000000e7e2a00000,0x000000e7e2b00000)]
  0x000002a1bb7fabf0 JavaThread "Java2D Disposer" daemon [_thread_blocked, id=35096, stack(0x000000e7e2c00000,0x000000e7e2d00000)]
  0x000002a1bb850070 JavaThread "AWT-Windows" daemon [_thread_in_native, id=36064, stack(0x000000e7e2e00000,0x000000e7e2f00000)]
  0x000002a1bbfb00c0 JavaThread "mysql-cj-abandoned-connection-cleanup" daemon [_thread_blocked, id=10288, stack(0x000000e7e3c00000,0x000000e7e3d00000)]
  0x000002a1c1c62390 JavaThread "AWT-Shutdown" [_thread_blocked, id=36448, stack(0x000000e7e2d00000,0x000000e7e2e00000)]
  0x000002a1c2bc8540 JavaThread "AWT-EventQueue-0" [_thread_blocked, id=23204, stack(0x000000e7e3b00000,0x000000e7e3c00000)]
  0x000002a1c2944730 JavaThread "DestroyJavaVM" [_thread_blocked, id=1672, stack(0x000000e7e1800000,0x000000e7e1900000)]
  0x000002a1c2943d90 JavaThread "D3D Screen Updater" daemon [_thread_blocked, id=30588, stack(0x000000e7e4d00000,0x000000e7e4e00000)]

Other Threads:
  0x000002a1baa70680 VMThread "VM Thread" [stack: 0x000000e7e1e00000,0x000000e7e1f00000] [id=36612]
  0x000002a1bb647de0 WatcherThread [stack: 0x000000e7e2b00000,0x000000e7e2c00000] [id=11008]
  0x000002a19c306080 GCTaskThread "GC Thread#0" [stack: 0x000000e7e1900000,0x000000e7e1a00000] [id=8084]
  0x000002a1c1c1c430 GCTaskThread "GC Thread#1" [stack: 0x000000e7e3e00000,0x000000e7e3f00000] [id=6568]
  0x000002a1c1c1caf0 GCTaskThread "GC Thread#2" [stack: 0x000000e7e3f00000,0x000000e7e4000000] [id=16348]
  0x000002a1c1c1cda0 GCTaskThread "GC Thread#3" [stack: 0x000000e7e4000000,0x000000e7e4100000] [id=28768]
  0x000002a1c1c1d660 GCTaskThread "GC Thread#4" [stack: 0x000000e7e4100000,0x000000e7e4200000] [id=35764]
  0x000002a1c1e8e5b0 GCTaskThread "GC Thread#5" [stack: 0x000000e7e4200000,0x000000e7e4300000] [id=13908]
  0x000002a1c1e8e050 GCTaskThread "GC Thread#6" [stack: 0x000000e7e4300000,0x000000e7e4400000] [id=4624]
  0x000002a1c1e8e860 GCTaskThread "GC Thread#7" [stack: 0x000000e7e4400000,0x000000e7e4500000] [id=37880]
  0x000002a1c1e8dda0 GCTaskThread "GC Thread#8" [stack: 0x000000e7e4500000,0x000000e7e4600000] [id=31560]
  0x000002a1c1e8e300 GCTaskThread "GC Thread#9" [stack: 0x000000e7e4600000,0x000000e7e4700000] [id=25448]
  0x000002a1c1e8daf0 GCTaskThread "GC Thread#10" [stack: 0x000000e7e4700000,0x000000e7e4800000] [id=31960]
  0x000002a1c1e8eb10 GCTaskThread "GC Thread#11" [stack: 0x000000e7e4800000,0x000000e7e4900000] [id=3768]
  0x000002a1c1e8d2e0 GCTaskThread "GC Thread#12" [stack: 0x000000e7e4900000,0x000000e7e4a00000] [id=36996]
  0x000002a19c316ef0 ConcurrentGCThread "G1 Main Marker" [stack: 0x000000e7e1a00000,0x000000e7e1b00000] [id=5776]
  0x000002a19c3180a0 ConcurrentGCThread "G1 Conc#0" [stack: 0x000000e7e1b00000,0x000000e7e1c00000] [id=2820]
  0x000002a1ba9320b0 ConcurrentGCThread "G1 Refine#0" [stack: 0x000000e7e1c00000,0x000000e7e1d00000] [id=37100]
  0x000002a1c1e92c90 ConcurrentGCThread "G1 Refine#1" [stack: 0x000000e7e4a00000,0x000000e7e4b00000] [id=31096]
  0x000002a1c20ae5c0 ConcurrentGCThread "G1 Refine#2" [stack: 0x000000e7e4b00000,0x000000e7e4c00000] [id=28984]
  0x000002a1ba932ad0 ConcurrentGCThread "G1 Service" [stack: 0x000000e7e1d00000,0x000000e7e1e00000] [id=4560]

Threads with active compile tasks:
C2 CompilerThread0  8934326 2490   !   4       jdk.internal.loader.BuiltinClassLoader::findResource (154 bytes)

VM state: not at safepoint (normal execution)

VM Mutex/Monitor currently owned by a thread: None

Heap address: 0x0000000089200000, size: 1902 MB, Compressed Oops mode: 32-bit

CDS archive(s) mapped at: [0x0000000800000000-0x0000000800bd0000-0x0000000800bd0000), size 12386304, SharedBaseAddress: 0x0000000800000000, ArchiveRelocationMode: 0.
Compressed class space mapped at: 0x0000000800c00000-0x0000000840c00000, reserved size: 1073741824
Narrow klass base: 0x0000000800000000, Narrow klass shift: 0, Narrow klass range: 0x100000000

GC Precious Log:
 CPUs: 16 total, 16 available
 Memory: 7600M
 Large Page Support: Disabled
 NUMA Support: Disabled
 Compressed Oops: Enabled (32-bit)
 Heap Region Size: 1M
 Heap Min Capacity: 8M
 Heap Initial Capacity: 120M
 Heap Max Capacity: 1902M
 Pre-touch: Disabled
 Parallel Workers: 13
 Concurrent Workers: 3
 Concurrent Refinement Workers: 13
 Periodic GC: Disabled

Heap:
 garbage-first heap   total 122880K, used 31798K [0x0000000089200000, 0x0000000100000000)
  region size 1024K, 8 young (8192K), 2 survivors (2048K)
 Metaspace       used 18969K, committed 19200K, reserved 1073152K
  class space    used 2155K, committed 2304K, reserved 1048576K

Heap Regions: E=young(eden), S=young(survivor), O=old, HS=humongous(starts), HC=humongous(continues), CS=collection set, F=free, OA=open archive, CA=closed archive, TAMS=top-at-mark-start (previous, next)
|   0|0x0000000089200000, 0x0000000089300000, 0x0000000089300000|100%|HS|  |TAMS 0x0000000089200000, 0x0000000089200000| Complete 
|   1|0x0000000089300000, 0x0000000089400000, 0x0000000089400000|100%|HC|  |TAMS 0x0000000089300000, 0x0000000089300000| Complete 
|   2|0x0000000089400000, 0x0000000089500000, 0x0000000089500000|100%|HC|  |TAMS 0x0000000089400000, 0x0000000089400000| Complete 
|   3|0x0000000089500000, 0x0000000089600000, 0x0000000089600000|100%|HC|  |TAMS 0x0000000089500000, 0x0000000089500000| Complete 
|   4|0x0000000089600000, 0x0000000089700000, 0x0000000089700000|100%|HC|  |TAMS 0x0000000089600000, 0x0000000089600000| Complete 
|   5|0x0000000089700000, 0x0000000089800000, 0x0000000089800000|100%|HC|  |TAMS 0x0000000089700000, 0x0000000089700000| Complete 
|   6|0x0000000089800000, 0x0000000089900000, 0x0000000089900000|100%|HC|  |TAMS 0x0000000089800000, 0x0000000089800000| Complete 
|   7|0x0000000089900000, 0x0000000089a00000, 0x0000000089a00000|100%|HC|  |TAMS 0x0000000089900000, 0x0000000089900000| Complete 
|   8|0x0000000089a00000, 0x0000000089b00000, 0x0000000089b00000|100%|HC|  |TAMS 0x0000000089a00000, 0x0000000089a00000| Complete 
|   9|0x0000000089b00000, 0x0000000089c00000, 0x0000000089c00000|100%|HC|  |TAMS 0x0000000089b00000, 0x0000000089b00000| Complete 
|  10|0x0000000089c00000, 0x0000000089d00000, 0x0000000089d00000|100%|HC|  |TAMS 0x0000000089c00000, 0x0000000089c00000| Complete 
|  11|0x0000000089d00000, 0x0000000089e00000, 0x0000000089e00000|100%|HC|  |TAMS 0x0000000089d00000, 0x0000000089d00000| Complete 
|  12|0x0000000089e00000, 0x0000000089f00000, 0x0000000089f00000|100%|HC|  |TAMS 0x0000000089e00000, 0x0000000089e00000| Complete 
|  13|0x0000000089f00000, 0x000000008a000000, 0x000000008a000000|100%|HC|  |TAMS 0x0000000089f00000, 0x0000000089f00000| Complete 
|  14|0x000000008a000000, 0x000000008a100000, 0x000000008a100000|100%|HC|  |TAMS 0x000000008a000000, 0x000000008a000000| Complete 
|  15|0x000000008a100000, 0x000000008a200000, 0x000000008a200000|100%|HC|  |TAMS 0x000000008a100000, 0x000000008a100000| Complete 
|  16|0x000000008a200000, 0x000000008a300000, 0x000000008a300000|100%| O|  |TAMS 0x000000008a200000, 0x000000008a200000| Untracked 
|  17|0x000000008a300000, 0x000000008a400000, 0x000000008a400000|100%| O|  |TAMS 0x000000008a300000, 0x000000008a300000| Untracked 
|  18|0x000000008a400000, 0x000000008a500000, 0x000000008a500000|100%| O|  |TAMS 0x000000008a400000, 0x000000008a400000| Untracked 
|  19|0x000000008a500000, 0x000000008a600000, 0x000000008a600000|100%| O|  |TAMS 0x000000008a500000, 0x000000008a500000| Untracked 
|  20|0x000000008a600000, 0x000000008a700000, 0x000000008a700000|100%| O|  |TAMS 0x000000008a600000, 0x000000008a600000| Untracked 
|  21|0x000000008a700000, 0x000000008a720a00, 0x000000008a800000| 12%| O|  |TAMS 0x000000008a700000, 0x000000008a700000| Untracked 
|  22|0x000000008a800000, 0x000000008a900000, 0x000000008a900000|100%|HS|  |TAMS 0x000000008a800000, 0x000000008a800000| Complete 
|  23|0x000000008a900000, 0x000000008aa00000, 0x000000008aa00000|100%|HC|  |TAMS 0x000000008a900000, 0x000000008a900000| Complete 
|  24|0x000000008aa00000, 0x000000008ab00000, 0x000000008ab00000|100%|HC|  |TAMS 0x000000008aa00000, 0x000000008aa00000| Complete 
|  25|0x000000008ab00000, 0x000000008ab00000, 0x000000008ac00000|  0%| F|  |TAMS 0x000000008ab00000, 0x000000008ab00000| Untracked 
|  26|0x000000008ac00000, 0x000000008ac00000, 0x000000008ad00000|  0%| F|  |TAMS 0x000000008ac00000, 0x000000008ac00000| Untracked 
|  27|0x000000008ad00000, 0x000000008ad00000, 0x000000008ae00000|  0%| F|  |TAMS 0x000000008ad00000, 0x000000008ad00000| Untracked 
|  28|0x000000008ae00000, 0x000000008ae00000, 0x000000008af00000|  0%| F|  |TAMS 0x000000008ae00000, 0x000000008ae00000| Untracked 
|  29|0x000000008af00000, 0x000000008af00000, 0x000000008b000000|  0%| F|  |TAMS 0x000000008af00000, 0x000000008af00000| Untracked 
|  30|0x000000008b000000, 0x000000008b000000, 0x000000008b100000|  0%| F|  |TAMS 0x000000008b000000, 0x000000008b000000| Untracked 
|  31|0x000000008b100000, 0x000000008b100000, 0x000000008b200000|  0%| F|  |TAMS 0x000000008b100000, 0x000000008b100000| Untracked 
|  32|0x000000008b200000, 0x000000008b200000, 0x000000008b300000|  0%| F|  |TAMS 0x000000008b200000, 0x000000008b200000| Untracked 
|  33|0x000000008b300000, 0x000000008b300000, 0x000000008b400000|  0%| F|  |TAMS 0x000000008b300000, 0x000000008b300000| Untracked 
|  34|0x000000008b400000, 0x000000008b400000, 0x000000008b500000|  0%| F|  |TAMS 0x000000008b400000, 0x000000008b400000| Untracked 
|  35|0x000000008b500000, 0x000000008b500000, 0x000000008b600000|  0%| F|  |TAMS 0x000000008b500000, 0x000000008b500000| Untracked 
|  36|0x000000008b600000, 0x000000008b600000, 0x000000008b700000|  0%| F|  |TAMS 0x000000008b600000, 0x000000008b600000| Untracked 
|  37|0x000000008b700000, 0x000000008b700000, 0x000000008b800000|  0%| F|  |TAMS 0x000000008b700000, 0x000000008b700000| Untracked 
|  38|0x000000008b800000, 0x000000008b800000, 0x000000008b900000|  0%| F|  |TAMS 0x000000008b800000, 0x000000008b800000| Untracked 
|  39|0x000000008b900000, 0x000000008b900000, 0x000000008ba00000|  0%| F|  |TAMS 0x000000008b900000, 0x000000008b900000| Untracked 
|  40|0x000000008ba00000, 0x000000008ba00000, 0x000000008bb00000|  0%| F|  |TAMS 0x000000008ba00000, 0x000000008ba00000| Untracked 
|  41|0x000000008bb00000, 0x000000008bb00000, 0x000000008bc00000|  0%| F|  |TAMS 0x000000008bb00000, 0x000000008bb00000| Untracked 
|  42|0x000000008bc00000, 0x000000008bc00000, 0x000000008bd00000|  0%| F|  |TAMS 0x000000008bc00000, 0x000000008bc00000| Untracked 
|  43|0x000000008bd00000, 0x000000008bd00000, 0x000000008be00000|  0%| F|  |TAMS 0x000000008bd00000, 0x000000008bd00000| Untracked 
|  44|0x000000008be00000, 0x000000008be00000, 0x000000008bf00000|  0%| F|  |TAMS 0x000000008be00000, 0x000000008be00000| Untracked 
|  45|0x000000008bf00000, 0x000000008bf00000, 0x000000008c000000|  0%| F|  |TAMS 0x000000008bf00000, 0x000000008bf00000| Untracked 
|  46|0x000000008c000000, 0x000000008c000000, 0x000000008c100000|  0%| F|  |TAMS 0x000000008c000000, 0x000000008c000000| Untracked 
|  47|0x000000008c100000, 0x000000008c100000, 0x000000008c200000|  0%| F|  |TAMS 0x000000008c100000, 0x000000008c100000| Untracked 
|  48|0x000000008c200000, 0x000000008c200000, 0x000000008c300000|  0%| F|  |TAMS 0x000000008c200000, 0x000000008c200000| Untracked 
|  49|0x000000008c300000, 0x000000008c300000, 0x000000008c400000|  0%| F|  |TAMS 0x000000008c300000, 0x000000008c300000| Untracked 
|  50|0x000000008c400000, 0x000000008c400000, 0x000000008c500000|  0%| F|  |TAMS 0x000000008c400000, 0x000000008c400000| Untracked 
|  51|0x000000008c500000, 0x000000008c500000, 0x000000008c600000|  0%| F|  |TAMS 0x000000008c500000, 0x000000008c500000| Untracked 
|  52|0x000000008c600000, 0x000000008c600000, 0x000000008c700000|  0%| F|  |TAMS 0x000000008c600000, 0x000000008c600000| Untracked 
|  53|0x000000008c700000, 0x000000008c700000, 0x000000008c800000|  0%| F|  |TAMS 0x000000008c700000, 0x000000008c700000| Untracked 
|  54|0x000000008c800000, 0x000000008c800000, 0x000000008c900000|  0%| F|  |TAMS 0x000000008c800000, 0x000000008c800000| Untracked 
|  55|0x000000008c900000, 0x000000008c900000, 0x000000008ca00000|  0%| F|  |TAMS 0x000000008c900000, 0x000000008c900000| Untracked 
|  56|0x000000008ca00000, 0x000000008ca00000, 0x000000008cb00000|  0%| F|  |TAMS 0x000000008ca00000, 0x000000008ca00000| Untracked 
|  57|0x000000008cb00000, 0x000000008cb00000, 0x000000008cc00000|  0%| F|  |TAMS 0x000000008cb00000, 0x000000008cb00000| Untracked 
|  58|0x000000008cc00000, 0x000000008cc00000, 0x000000008cd00000|  0%| F|  |TAMS 0x000000008cc00000, 0x000000008cc00000| Untracked 
|  59|0x000000008cd00000, 0x000000008cd00000, 0x000000008ce00000|  0%| F|  |TAMS 0x000000008cd00000, 0x000000008cd00000| Untracked 
|  60|0x000000008ce00000, 0x000000008ce00000, 0x000000008cf00000|  0%| F|  |TAMS 0x000000008ce00000, 0x000000008ce00000| Untracked 
|  61|0x000000008cf00000, 0x000000008cf00000, 0x000000008d000000|  0%| F|  |TAMS 0x000000008cf00000, 0x000000008cf00000| Untracked 
|  62|0x000000008d000000, 0x000000008d000000, 0x000000008d100000|  0%| F|  |TAMS 0x000000008d000000, 0x000000008d000000| Untracked 
|  63|0x000000008d100000, 0x000000008d100000, 0x000000008d200000|  0%| F|  |TAMS 0x000000008d100000, 0x000000008d100000| Untracked 
|  64|0x000000008d200000, 0x000000008d200000, 0x000000008d300000|  0%| F|  |TAMS 0x000000008d200000, 0x000000008d200000| Untracked 
|  65|0x000000008d300000, 0x000000008d300000, 0x000000008d400000|  0%| F|  |TAMS 0x000000008d300000, 0x000000008d300000| Untracked 
|  66|0x000000008d400000, 0x000000008d400000, 0x000000008d500000|  0%| F|  |TAMS 0x000000008d400000, 0x000000008d400000| Untracked 
|  67|0x000000008d500000, 0x000000008d500000, 0x000000008d600000|  0%| F|  |TAMS 0x000000008d500000, 0x000000008d500000| Untracked 
|  68|0x000000008d600000, 0x000000008d600000, 0x000000008d700000|  0%| F|  |TAMS 0x000000008d600000, 0x000000008d600000| Untracked 
|  69|0x000000008d700000, 0x000000008d700000, 0x000000008d800000|  0%| F|  |TAMS 0x000000008d700000, 0x000000008d700000| Untracked 
|  70|0x000000008d800000, 0x000000008d800000, 0x000000008d900000|  0%| F|  |TAMS 0x000000008d800000, 0x000000008d800000| Untracked 
|  71|0x000000008d900000, 0x000000008d900000, 0x000000008da00000|  0%| F|  |TAMS 0x000000008d900000, 0x000000008d900000| Untracked 
|  72|0x000000008da00000, 0x000000008da00000, 0x000000008db00000|  0%| F|  |TAMS 0x000000008da00000, 0x000000008da00000| Untracked 
|  73|0x000000008db00000, 0x000000008db00000, 0x000000008dc00000|  0%| F|  |TAMS 0x000000008db00000, 0x000000008db00000| Untracked 
|  74|0x000000008dc00000, 0x000000008dc00000, 0x000000008dd00000|  0%| F|  |TAMS 0x000000008dc00000, 0x000000008dc00000| Untracked 
|  75|0x000000008dd00000, 0x000000008dd00000, 0x000000008de00000|  0%| F|  |TAMS 0x000000008dd00000, 0x000000008dd00000| Untracked 
|  76|0x000000008de00000, 0x000000008de00000, 0x000000008df00000|  0%| F|  |TAMS 0x000000008de00000, 0x000000008de00000| Untracked 
|  77|0x000000008df00000, 0x000000008df00000, 0x000000008e000000|  0%| F|  |TAMS 0x000000008df00000, 0x000000008df00000| Untracked 
|  78|0x000000008e000000, 0x000000008e000000, 0x000000008e100000|  0%| F|  |TAMS 0x000000008e000000, 0x000000008e000000| Untracked 
|  79|0x000000008e100000, 0x000000008e100000, 0x000000008e200000|  0%| F|  |TAMS 0x000000008e100000, 0x000000008e100000| Untracked 
|  80|0x000000008e200000, 0x000000008e200000, 0x000000008e300000|  0%| F|  |TAMS 0x000000008e200000, 0x000000008e200000| Untracked 
|  81|0x000000008e300000, 0x000000008e300000, 0x000000008e400000|  0%| F|  |TAMS 0x000000008e300000, 0x000000008e300000| Untracked 
|  82|0x000000008e400000, 0x000000008e400000, 0x000000008e500000|  0%| F|  |TAMS 0x000000008e400000, 0x000000008e400000| Untracked 
|  83|0x000000008e500000, 0x000000008e500000, 0x000000008e600000|  0%| F|  |TAMS 0x000000008e500000, 0x000000008e500000| Untracked 
|  84|0x000000008e600000, 0x000000008e600000, 0x000000008e700000|  0%| F|  |TAMS 0x000000008e600000, 0x000000008e600000| Untracked 
|  85|0x000000008e700000, 0x000000008e700000, 0x000000008e800000|  0%| F|  |TAMS 0x000000008e700000, 0x000000008e700000| Untracked 
|  86|0x000000008e800000, 0x000000008e800000, 0x000000008e900000|  0%| F|  |TAMS 0x000000008e800000, 0x000000008e800000| Untracked 
|  87|0x000000008e900000, 0x000000008e900000, 0x000000008ea00000|  0%| F|  |TAMS 0x000000008e900000, 0x000000008e900000| Untracked 
|  88|0x000000008ea00000, 0x000000008ea00000, 0x000000008eb00000|  0%| F|  |TAMS 0x000000008ea00000, 0x000000008ea00000| Untracked 
|  89|0x000000008eb00000, 0x000000008eb00000, 0x000000008ec00000|  0%| F|  |TAMS 0x000000008eb00000, 0x000000008eb00000| Untracked 
|  90|0x000000008ec00000, 0x000000008ec00000, 0x000000008ed00000|  0%| F|  |TAMS 0x000000008ec00000, 0x000000008ec00000| Untracked 
|  91|0x000000008ed00000, 0x000000008ed00000, 0x000000008ee00000|  0%| F|  |TAMS 0x000000008ed00000, 0x000000008ed00000| Untracked 
|  92|0x000000008ee00000, 0x000000008ee00000, 0x000000008ef00000|  0%| F|  |TAMS 0x000000008ee00000, 0x000000008ee00000| Untracked 
|  93|0x000000008ef00000, 0x000000008efed1f8, 0x000000008f000000| 92%| S|CS|TAMS 0x000000008ef00000, 0x000000008ef00000| Complete 
|  94|0x000000008f000000, 0x000000008f000000, 0x000000008f100000|  0%| F|  |TAMS 0x000000008f000000, 0x000000008f000000| Untracked 
|  95|0x000000008f100000, 0x000000008f100000, 0x000000008f200000|  0%| F|  |TAMS 0x000000008f100000, 0x000000008f100000| Untracked 
|  96|0x000000008f200000, 0x000000008f200000, 0x000000008f300000|  0%| F|  |TAMS 0x000000008f200000, 0x000000008f200000| Untracked 
|  97|0x000000008f300000, 0x000000008f400000, 0x000000008f400000|100%| S|CS|TAMS 0x000000008f300000, 0x000000008f300000| Complete 
|  98|0x000000008f400000, 0x000000008f400000, 0x000000008f500000|  0%| F|  |TAMS 0x000000008f400000, 0x000000008f400000| Untracked 
|  99|0x000000008f500000, 0x000000008f500000, 0x000000008f600000|  0%| F|  |TAMS 0x000000008f500000, 0x000000008f500000| Untracked 
| 100|0x000000008f600000, 0x000000008f600000, 0x000000008f700000|  0%| F|  |TAMS 0x000000008f600000, 0x000000008f600000| Untracked 
| 101|0x000000008f700000, 0x000000008f700000, 0x000000008f800000|  0%| F|  |TAMS 0x000000008f700000, 0x000000008f700000| Untracked 
| 102|0x000000008f800000, 0x000000008f800000, 0x000000008f900000|  0%| F|  |TAMS 0x000000008f800000, 0x000000008f800000| Untracked 
| 103|0x000000008f900000, 0x000000008f900000, 0x000000008fa00000|  0%| F|  |TAMS 0x000000008f900000, 0x000000008f900000| Untracked 
| 104|0x000000008fa00000, 0x000000008fa00000, 0x000000008fb00000|  0%| F|  |TAMS 0x000000008fa00000, 0x000000008fa00000| Untracked 
| 105|0x000000008fb00000, 0x000000008fb00000, 0x000000008fc00000|  0%| F|  |TAMS 0x000000008fb00000, 0x000000008fb00000| Untracked 
| 106|0x000000008fc00000, 0x000000008fc00000, 0x000000008fd00000|  0%| F|  |TAMS 0x000000008fc00000, 0x000000008fc00000| Untracked 
| 107|0x000000008fd00000, 0x000000008fd00000, 0x000000008fe00000|  0%| F|  |TAMS 0x000000008fd00000, 0x000000008fd00000| Untracked 
| 108|0x000000008fe00000, 0x000000008fe00000, 0x000000008ff00000|  0%| F|  |TAMS 0x000000008fe00000, 0x000000008fe00000| Untracked 
| 109|0x000000008ff00000, 0x000000008ff00000, 0x0000000090000000|  0%| F|  |TAMS 0x000000008ff00000, 0x000000008ff00000| Untracked 
| 110|0x0000000090000000, 0x0000000090000000, 0x0000000090100000|  0%| F|  |TAMS 0x0000000090000000, 0x0000000090000000| Untracked 
| 111|0x0000000090100000, 0x0000000090100000, 0x0000000090200000|  0%| F|  |TAMS 0x0000000090100000, 0x0000000090100000| Untracked 
| 112|0x0000000090200000, 0x0000000090200000, 0x0000000090300000|  0%| F|  |TAMS 0x0000000090200000, 0x0000000090200000| Untracked 
| 113|0x0000000090300000, 0x0000000090300000, 0x0000000090400000|  0%| F|  |TAMS 0x0000000090300000, 0x0000000090300000| Untracked 
| 114|0x0000000090400000, 0x00000000904d7420, 0x0000000090500000| 84%| E|  |TAMS 0x0000000090400000, 0x0000000090400000| Complete 
| 115|0x0000000090500000, 0x0000000090600000, 0x0000000090600000|100%| E|CS|TAMS 0x0000000090500000, 0x0000000090500000| Complete 
| 116|0x0000000090600000, 0x0000000090700000, 0x0000000090700000|100%| E|CS|TAMS 0x0000000090600000, 0x0000000090600000| Complete 
| 117|0x0000000090700000, 0x0000000090800000, 0x0000000090800000|100%| E|CS|TAMS 0x0000000090700000, 0x0000000090700000| Complete 
| 118|0x0000000090800000, 0x0000000090900000, 0x0000000090900000|100%| E|CS|TAMS 0x0000000090800000, 0x0000000090800000| Complete 
| 119|0x0000000090900000, 0x0000000090a00000, 0x0000000090a00000|100%| E|CS|TAMS 0x0000000090900000, 0x0000000090900000| Complete 

Card table byte_map: [0x000002a1b3780000,0x000002a1b3b40000] _byte_map_base: 0x000002a1b3337000

Marking Bits (Prev, Next): (CMBitMap*) 0x000002a19c306690, (CMBitMap*) 0x000002a19c3066d0
 Prev Bits: [0x000002a1b3f00000, 0x000002a1b5cb8000)
 Next Bits: [0x000002a1b5cc0000, 0x000002a1b7a78000)

Polling page: 0x000002a19ba90000

Metaspace:

Usage:
  Non-class:     16.42 MB used.
      Class:      2.10 MB used.
       Both:     18.53 MB used.

Virtual space:
  Non-class space:       24.00 MB reserved,      16.50 MB ( 69%) committed,  3 nodes.
      Class space:        1.00 GB reserved,       2.25 MB ( <1%) committed,  1 nodes.
             Both:        1.02 GB reserved,      18.75 MB (  2%) committed. 

Chunk freelists:
   Non-Class:  3.00 MB
       Class:  1.74 MB
        Both:  4.74 MB

MaxMetaspaceSize: unlimited
CompressedClassSpaceSize: 1.00 GB
Initial GC threshold: 21.00 MB
Current GC threshold: 21.00 MB
CDS: on
MetaspaceReclaimPolicy: balanced
 - commit_granule_bytes: 65536.
 - commit_granule_words: 8192.
 - virtual_space_node_default_size: 1048576.
 - enlarge_chunks_in_place: 1.
 - new_chunks_are_fully_committed: 0.
 - uncommit_free_chunks: 1.
 - use_allocation_guard: 0.
 - handle_deallocations: 1.


Internal statistics:

num_allocs_failed_limit: 0.
num_arena_births: 156.
num_arena_deaths: 0.
num_vsnodes_births: 4.
num_vsnodes_deaths: 0.
num_space_committed: 300.
num_space_uncommitted: 0.
num_chunks_returned_to_freelist: 0.
num_chunks_taken_from_freelist: 360.
num_chunk_merges: 0.
num_chunk_splits: 216.
num_chunks_enlarged: 124.
num_purges: 0.
num_inconsistent_stats: 0.

CodeHeap 'non-profiled nmethods': size=119168Kb used=870Kb max_used=870Kb free=118298Kb
 bounds [0x000002a1ab6e0000, 0x000002a1ab950000, 0x000002a1b2b40000]
CodeHeap 'profiled nmethods': size=119104Kb used=4871Kb max_used=4871Kb free=114232Kb
 bounds [0x000002a1a3b40000, 0x000002a1a4010000, 0x000002a1aaf90000]
CodeHeap 'non-nmethods': size=7488Kb used=1393Kb max_used=1977Kb free=6094Kb
 bounds [0x000002a1aaf90000, 0x000002a1ab200000, 0x000002a1ab6e0000]
 total_blobs=3236 nmethods=2489 adapters=659
 compilation: enabled
              stopped_count=0, restarted_count=0
 full_count=0

Compilation events (20 events):
Event: 1671.137 Thread 0x000002a1baa91d30 nmethod 2480 0x000002a1a3fffd10 code [0x000002a1a3fffec0, 0x000002a1a4000148]
Event: 1671.137 Thread 0x000002a1baa91d30 2481       3       java.awt.geom.AffineTransform::getScaleInstance (19 bytes)
Event: 1671.140 Thread 0x000002a1baa91d30 nmethod 2481 0x000002a1a4000290 code [0x000002a1a4000440, 0x000002a1a4000638]
Event: 1671.140 Thread 0x000002a1baa91d30 2482       3       java.awt.geom.AffineTransform::setToScale (66 bytes)
Event: 1671.141 Thread 0x000002a1baa91d30 nmethod 2482 0x000002a1a4000710 code [0x000002a1a40008e0, 0x000002a1a4000b58]
Event: 1671.960 Thread 0x000002a1baa91d30 2483       3       java.beans.PropertyChangeSupport::firePropertyChange (81 bytes)
Event: 1671.981 Thread 0x000002a1baa91d30 nmethod 2483 0x000002a1a4000c10 code [0x000002a1a4000e60, 0x000002a1a4001b88]
Event: 5268.461 Thread 0x000002a1baa91290 2484       4       java.lang.String::replace (42 bytes)
Event: 5268.510 Thread 0x000002a1baa91290 nmethod 2484 0x000002a1ab7b6110 code [0x000002a1ab7b62a0, 0x000002a1ab7b6938]
Event: 7036.197 Thread 0x000002a1baa91290 2485       4       java.lang.AbstractStringBuilder::append (45 bytes)
Event: 7036.215 Thread 0x000002a1baa91290 nmethod 2485 0x000002a1ab7b6c90 code [0x000002a1ab7b6e40, 0x000002a1ab7b74a8]
Event: 8529.132 Thread 0x000002a1baa91290 2486       4       java.lang.StringLatin1::compareTo (52 bytes)
Event: 8529.149 Thread 0x000002a1baa91290 nmethod 2486 0x000002a1ab7b7890 code [0x000002a1ab7b7a00, 0x000002a1ab7b7b98]
Event: 8529.149 Thread 0x000002a1baa91290 2487       4       java.lang.String::compareTo (9 bytes)
Event: 8529.154 Thread 0x000002a1baa91290 nmethod 2487 0x000002a1ab7b7c90 code [0x000002a1ab7b7e20, 0x000002a1ab7b8058]
Event: 8894.068 Thread 0x000002a1baa91290 2488       4       jdk.internal.module.Resources::toPackageName (39 bytes)
Event: 8894.074 Thread 0x000002a1baa91290 nmethod 2488 0x000002a1ab7b8190 code [0x000002a1ab7b8320, 0x000002a1ab7b84f8]
Event: 8919.116 Thread 0x000002a1baa91290 2489   !   4       jdk.internal.loader.BuiltinClassLoader::findMiscResource (122 bytes)
Event: 8919.143 Thread 0x000002a1baa91290 nmethod 2489 0x000002a1ab7b8690 code [0x000002a1ab7b8840, 0x000002a1ab7b91b8]
Event: 8934.139 Thread 0x000002a1baa91290 2490   !   4       jdk.internal.loader.BuiltinClassLoader::findResource (154 bytes)

GC Heap History (4 events):
Event: 1.066 GC heap before
{Heap before GC invocations=0 (full 0):
 garbage-first heap   total 122880K, used 39936K [0x0000000089200000, 0x0000000100000000)
  region size 1024K, 23 young (23552K), 0 survivors (0K)
 Metaspace       used 16042K, committed 16320K, reserved 1064960K
  class space    used 1864K, committed 1984K, reserved 1048576K
}
Event: 1.075 GC heap after
{Heap after GC invocations=1 (full 0):
 garbage-first heap   total 122880K, used 21625K [0x0000000089200000, 0x0000000100000000)
  region size 1024K, 3 young (3072K), 3 survivors (3072K)
 Metaspace       used 16042K, committed 16320K, reserved 1064960K
  class space    used 1864K, committed 1984K, reserved 1048576K
}
Event: 2.188 GC heap before
{Heap before GC invocations=1 (full 0):
 garbage-first heap   total 122880K, used 44153K [0x0000000089200000, 0x0000000100000000)
  region size 1024K, 25 young (25600K), 3 survivors (3072K)
 Metaspace       used 18050K, committed 18304K, reserved 1064960K
  class space    used 2085K, committed 2240K, reserved 1048576K
}
Event: 2.192 GC heap after
{Heap after GC invocations=2 (full 0):
 garbage-first heap   total 122880K, used 23606K [0x0000000089200000, 0x0000000100000000)
  region size 1024K, 2 young (2048K), 2 survivors (2048K)
 Metaspace       used 18050K, committed 18304K, reserved 1064960K
  class space    used 2085K, committed 2240K, reserved 1048576K
}

Deoptimization events (20 events):
Event: 2.163 Thread 0x000002a1c2bc8540 Uncommon trap: trap_request=0xffffffde fr.pc=0x000002a1ab785bd8 relative=0x00000000000000b8
Event: 2.163 Thread 0x000002a1c2bc8540 Uncommon trap: reason=class_check action=maybe_recompile pc=0x000002a1ab785bd8 method=java.lang.Character.toLowerCase(I)I @ 5 c2
Event: 2.163 Thread 0x000002a1c2bc8540 DEOPT PACKING pc=0x000002a1ab785bd8 sp=0x000000e7e3bfcd80
Event: 2.163 Thread 0x000002a1c2bc8540 DEOPT UNPACKING pc=0x000002a1aafe23a3 sp=0x000000e7e3bfcd18 mode 2
Event: 2.167 Thread 0x000002a1c2bc8540 Uncommon trap: trap_request=0xffffffde fr.pc=0x000002a1ab785bd8 relative=0x00000000000000b8
Event: 2.167 Thread 0x000002a1c2bc8540 Uncommon trap: reason=class_check action=maybe_recompile pc=0x000002a1ab785bd8 method=java.lang.Character.toLowerCase(I)I @ 5 c2
Event: 2.167 Thread 0x000002a1c2bc8540 DEOPT PACKING pc=0x000002a1ab785bd8 sp=0x000000e7e3bfcd80
Event: 2.167 Thread 0x000002a1c2bc8540 DEOPT UNPACKING pc=0x000002a1aafe23a3 sp=0x000000e7e3bfcd18 mode 2
Event: 2.277 Thread 0x000002a1c2bc8540 Uncommon trap: trap_request=0xffffff45 fr.pc=0x000002a1ab799774 relative=0x00000000000000d4
Event: 2.277 Thread 0x000002a1c2bc8540 Uncommon trap: reason=unstable_if action=reinterpret pc=0x000002a1ab799774 method=java.lang.ThreadLocal$ThreadLocalMap.getEntry(Ljava/lang/ThreadLocal;)Ljava/lang/ThreadLocal$ThreadLocalMap$Entry; @ 21 c2
Event: 2.277 Thread 0x000002a1c2bc8540 DEOPT PACKING pc=0x000002a1ab799774 sp=0x000000e7e3bfd130
Event: 2.277 Thread 0x000002a1c2bc8540 DEOPT UNPACKING pc=0x000002a1aafe23a3 sp=0x000000e7e3bfd0c0 mode 2
Event: 4.596 Thread 0x000002a1c2bc8540 Uncommon trap: trap_request=0xffffff45 fr.pc=0x000002a1ab7acde8 relative=0x00000000000000c8
Event: 4.596 Thread 0x000002a1c2bc8540 Uncommon trap: reason=unstable_if action=reinterpret pc=0x000002a1ab7acde8 method=java.awt.Component.inside(II)Z @ 21 c2
Event: 4.596 Thread 0x000002a1c2bc8540 DEOPT PACKING pc=0x000002a1ab7acde8 sp=0x000000e7e3bfe4e0
Event: 4.596 Thread 0x000002a1c2bc8540 DEOPT UNPACKING pc=0x000002a1aafe23a3 sp=0x000000e7e3bfe378 mode 2
Event: 7.186 Thread 0x000002a1c2bc8540 Uncommon trap: trap_request=0xffffff45 fr.pc=0x000002a1ab7b0c14 relative=0x0000000000000094
Event: 7.186 Thread 0x000002a1c2bc8540 Uncommon trap: reason=unstable_if action=reinterpret pc=0x000002a1ab7b0c14 method=java.awt.Component.inside(II)Z @ 13 c2
Event: 7.186 Thread 0x000002a1c2bc8540 DEOPT PACKING pc=0x000002a1ab7b0c14 sp=0x000000e7e3bfe530
Event: 7.187 Thread 0x000002a1c2bc8540 DEOPT UNPACKING pc=0x000002a1aafe23a3 sp=0x000000e7e3bfe3d0 mode 2

Classes unloaded (0 events):
No events

Classes redefined (0 events):
No events

Internal exceptions (20 events):
Event: 0.293 Thread 0x000002a19c2adcf0 Exception <a 'java/lang/NoSuchMethodError'{0x00000000905080c8}: 'java.lang.Object java.lang.invoke.DirectMethodHandle$Holder.invokeStatic(java.lang.Object, int, java.lang.Object)'> (0x00000000905080c8) 
thrown [s\open\src\hotspot\share\interpreter\linkResolver.cpp, line 759]
Event: 0.325 Thread 0x000002a19c2adcf0 Exception <a 'java/lang/ClassNotFoundException'{0x00000000905bfea8}: com/sun/swing/internal/plaf/metal/resources/spi/metalProvider> (0x00000000905bfea8) 
thrown [s\open\src\hotspot\share\classfile\systemDictionary.cpp, line 256]
Event: 0.326 Thread 0x000002a19c2adcf0 Exception <a 'java/lang/ClassNotFoundException'{0x00000000905c3d50}: com/sun/swing/internal/plaf/basic/resources/spi/basicProvider> (0x00000000905c3d50) 
thrown [s\open\src\hotspot\share\classfile\systemDictionary.cpp, line 256]
Event: 0.439 Thread 0x000002a19c2adcf0 Exception <a 'java/lang/NoSuchMethodError'{0x0000000090392b90}: 'java.lang.Object java.lang.invoke.DirectMethodHandle$Holder.invokeInterface(java.lang.Object, java.lang.Object)'> (0x0000000090392b90) 
thrown [s\open\src\hotspot\share\interpreter\linkResolver.cpp, line 759]
Event: 0.460 Thread 0x000002a19c2adcf0 Exception <a 'java/lang/NoSuchMethodError'{0x0000000090213f48}: 'void java.lang.invoke.DirectMethodHandle$Holder.invokeStatic(java.lang.Object, java.lang.Object, java.lang.Object)'> (0x0000000090213f48) 
thrown [s\open\src\hotspot\share\interpreter\linkResolver.cpp, line 759]
Event: 0.462 Thread 0x000002a19c2adcf0 Exception <a 'java/lang/NoSuchMethodError'{0x0000000090222370}: 'java.lang.Object java.lang.invoke.DirectMethodHandle$Holder.invokeVirtual(java.lang.Object, java.lang.Object, java.lang.Object)'> (0x0000000090222370) 
thrown [s\open\src\hotspot\share\interpreter\linkResolver.cpp, line 759]
Event: 0.531 Thread 0x000002a19c2adcf0 Exception <a 'java/lang/NoSuchMethodError'{0x000000008ff28548}: 'void java.lang.invoke.DirectMethodHandle$Holder.invokeStatic(java.lang.Object, java.lang.Object)'> (0x000000008ff28548) 
thrown [s\open\src\hotspot\share\interpreter\linkResolver.cpp, line 759]
Event: 0.579 Thread 0x000002a19c2adcf0 Exception <a 'java/lang/NoSuchMethodError'{0x000000008fee9b80}: 'void java.lang.invoke.DirectMethodHandle$Holder.invokeStaticInit(java.lang.Object, java.lang.Object)'> (0x000000008fee9b80) 
thrown [s\open\src\hotspot\share\interpreter\linkResolver.cpp, line 759]
Event: 0.640 Thread 0x000002a19c2adcf0 Exception <a 'sun/nio/fs/WindowsException'{0x000000008fc2e2b0}> (0x000000008fc2e2b0) 
thrown [s\open\src\hotspot\share\prims\jni.cpp, line 516]
Event: 0.650 Thread 0x000002a19c2adcf0 Exception <a 'java/lang/NoSuchMethodError'{0x000000008fc54ea8}: 'int java.lang.invoke.DirectMethodHandle$Holder.invokeStaticInit(java.lang.Object, java.lang.Object, java.lang.Object, java.lang.Object)'> (0x000000008fc54ea8) 
thrown [s\open\src\hotspot\share\interpreter\linkResolver.cpp, line 759]
Event: 0.651 Thread 0x000002a19c2adcf0 Exception <a 'java/lang/IncompatibleClassChangeError'{0x000000008fc5e090}: Found class java.lang.Object, but interface was expected> (0x000000008fc5e090) 
thrown [s\open\src\hotspot\share\interpreter\linkResolver.cpp, line 826]
Event: 0.652 Thread 0x000002a19c2adcf0 Exception <a 'java/lang/NoSuchMethodError'{0x000000008fc63478}: 'int java.lang.invoke.DirectMethodHandle$Holder.invokeStaticInit(java.lang.Object, java.lang.Object)'> (0x000000008fc63478) 
thrown [s\open\src\hotspot\share\interpreter\linkResolver.cpp, line 759]
Event: 0.687 Thread 0x000002a19c2adcf0 Exception <a 'java/lang/NoSuchMethodError'{0x000000008fb25078}: 'java.lang.Object java.lang.invoke.DirectMethodHandle$Holder.invokeStaticInit(java.lang.Object, int, int, int, int)'> (0x000000008fb25078) 
thrown [s\open\src\hotspot\share\interpreter\linkResolver.cpp, line 759]
Event: 0.738 Thread 0x000002a19c2adcf0 Exception <a 'java/lang/NoSuchMethodError'{0x000000008fbf1e48}: 'java.lang.Object java.lang.invoke.DirectMethodHandle$Holder.invokeStaticInit(java.lang.Object, java.lang.Object, int, int, int, int)'> (0x000000008fbf1e48) 
thrown [s\open\src\hotspot\share\interpreter\linkResolver.cpp, line 759]
Event: 0.988 Thread 0x000002a1bc51e640 Implicit null exception at 0x000002a1ab731e72 to 0x000002a1ab732454
Event: 0.988 Thread 0x000002a1bc51e640 Implicit null exception at 0x000002a1ab72e2f2 to 0x000002a1ab72e8a4
Event: 1.002 Thread 0x000002a1bc51e640 Exception <a 'java/lang/NoSuchMethodError'{0x000000008f6c43e8}: 'java.lang.Object java.lang.invoke.DirectMethodHandle$Holder.newInvokeSpecial(java.lang.Object, java.lang.Object, java.lang.Object, int, int, int, int, int)'> (0x000000008f6c43e8) 
thrown [s\open\src\hotspot\share\interpreter\linkResolver.cpp, line 759]
Event: 1.524 Thread 0x000002a1bb850070 Exception <a 'java/lang/NoSuchMethodError'{0x000000008fbc5ad0}: 'void java.lang.invoke.DirectMethodHandle$Holder.invokeVirtual(java.lang.Object, java.lang.Object)'> (0x000000008fbc5ad0) 
thrown [s\open\src\hotspot\share\interpreter\linkResolver.cpp, line 759]
Event: 1.562 Thread 0x000002a19c2adcf0 Exception <a 'java/lang/NoSuchMethodError'{0x000000008fb6ba60}: 'void java.lang.invoke.DirectMethodHandle$Holder.invokeStaticInit(java.lang.Object)'> (0x000000008fb6ba60) 
thrown [s\open\src\hotspot\share\interpreter\linkResolver.cpp, line 759]
Event: 2.277 Thread 0x000002a1c2bc8540 Implicit null exception at 0x000002a1ab7996f0 to 0x000002a1ab79975c

VM Operations (20 events):
Event: 4.363 Executing VM operation: Cleanup
Event: 4.363 Executing VM operation: Cleanup done
Event: 5.365 Executing VM operation: Cleanup
Event: 5.365 Executing VM operation: Cleanup done
Event: 7.368 Executing VM operation: Cleanup
Event: 7.368 Executing VM operation: Cleanup done
Event: 8.372 Executing VM operation: Cleanup
Event: 8.372 Executing VM operation: Cleanup done
Event: 10.378 Executing VM operation: Cleanup
Event: 10.378 Executing VM operation: Cleanup done
Event: 101.962 Executing VM operation: Cleanup
Event: 101.962 Executing VM operation: Cleanup done
Event: 612.658 Executing VM operation: Cleanup
Event: 612.658 Executing VM operation: Cleanup done
Event: 1037.721 Executing VM operation: Cleanup
Event: 1037.721 Executing VM operation: Cleanup done
Event: 1672.476 Executing VM operation: Cleanup
Event: 1672.478 Executing VM operation: Cleanup done
Event: 8530.783 Executing VM operation: Cleanup
Event: 8530.787 Executing VM operation: Cleanup done

Events (20 events):
Event: 2.707 loading class java/awt/Container$EventTargetFilter done
Event: 2.707 loading class java/awt/Container$MouseEventTargetFilter done
Event: 2.707 loading class java/awt/LightweightDispatcher$1
Event: 2.707 loading class java/awt/LightweightDispatcher$1 done
Event: 2.707 loading class java/awt/event/MouseWheelEvent
Event: 2.707 loading class java/awt/event/MouseWheelEvent done
Event: 6.517 Thread 0x000002a1bc51e640 Thread exited: 0x000002a1bc51e640
Event: 7.038 Thread 0x000002a1baa5e6a0 Thread exited: 0x000002a1baa5e6a0
Event: 7.945 loading class java/awt/LightweightDispatcher$2
Event: 7.945 loading class java/awt/LightweightDispatcher$2 done
Event: 9.628 loading class java/awt/KeyboardFocusManager$2
Event: 9.628 loading class java/awt/KeyboardFocusManager$2 done
Event: 9.628 loading class sun/awt/SunToolkit$1
Event: 9.629 loading class sun/awt/SunToolkit$1 done
Event: 101.795 loading class java/util/WeakHashMap$KeyIterator
Event: 101.795 loading class java/util/WeakHashMap$HashIterator
Event: 101.795 loading class java/util/WeakHashMap$HashIterator done
Event: 101.795 loading class java/util/WeakHashMap$KeyIterator done
Event: 101.850 loading class javax/swing/RepaintManager$DisplayChangedRunnable
Event: 101.850 loading class javax/swing/RepaintManager$DisplayChangedRunnable done


Dynamic libraries:
0x00007ff6c3430000 - 0x00007ff6c3440000 	C:\Program Files\Java\jdk-17\bin\java.exe
0x00007ffb7b340000 - 0x00007ffb7b549000 	C:\WINDOWS\SYSTEM32\ntdll.dll
0x00007ffb79e80000 - 0x00007ffb79f3e000 	C:\WINDOWS\System32\KERNEL32.DLL
0x00007ffb78b10000 - 0x00007ffb78e93000 	C:\WINDOWS\System32\KERNELBASE.dll
0x00007ffb788b0000 - 0x00007ffb789c1000 	C:\WINDOWS\System32\ucrtbase.dll
0x00007ffb05380000 - 0x00007ffb0539b000 	C:\Program Files\Java\jdk-17\bin\VCRUNTIME140.dll
0x00007ffb74a90000 - 0x00007ffb74aa9000 	C:\Program Files\Java\jdk-17\bin\jli.dll
0x00007ffb79f40000 - 0x00007ffb79fee000 	C:\WINDOWS\System32\ADVAPI32.dll
0x00007ffb79ad0000 - 0x00007ffb79b73000 	C:\WINDOWS\System32\msvcrt.dll
0x00007ffb7a840000 - 0x00007ffb7a8de000 	C:\WINDOWS\System32\sechost.dll
0x00007ffb7a330000 - 0x00007ffb7a451000 	C:\WINDOWS\System32\RPCRT4.dll
0x00007ffb79c60000 - 0x00007ffb79e0d000 	C:\WINDOWS\System32\USER32.dll
0x00007ffb789d0000 - 0x00007ffb789f6000 	C:\WINDOWS\System32\win32u.dll
0x00007ffb63d50000 - 0x00007ffb63ff5000 	C:\WINDOWS\WinSxS\amd64_microsoft.windows.common-controls_6595b64144ccf1df_6.0.22000.120_none_9d947278b86cc467\COMCTL32.dll
0x00007ffb7ae40000 - 0x00007ffb7ae69000 	C:\WINDOWS\System32\GDI32.dll
0x00007ffb79090000 - 0x00007ffb791aa000 	C:\WINDOWS\System32\gdi32full.dll
0x00007ffb78a00000 - 0x00007ffb78a9d000 	C:\WINDOWS\System32\msvcp_win.dll
0x00007ffb70280000 - 0x00007ffb7028a000 	C:\WINDOWS\SYSTEM32\VERSION.dll
0x00007ffb79b80000 - 0x00007ffb79bb1000 	C:\WINDOWS\System32\IMM32.DLL
0x00007ffb05370000 - 0x00007ffb0537c000 	C:\Program Files\Java\jdk-17\bin\vcruntime140_1.dll
0x00007ffb04a90000 - 0x00007ffb04b1e000 	C:\Program Files\Java\jdk-17\bin\msvcp140.dll
0x00007ffb053b0000 - 0x00007ffb05f8d000 	C:\Program Files\Java\jdk-17\bin\server\jvm.dll
0x00007ffb7a7c0000 - 0x00007ffb7a7c8000 	C:\WINDOWS\System32\PSAPI.DLL
0x00007ffb70240000 - 0x00007ffb70273000 	C:\WINDOWS\SYSTEM32\WINMM.dll
0x00007ffb053a0000 - 0x00007ffb053a9000 	C:\WINDOWS\SYSTEM32\WSOCK32.dll
0x00007ffb79e10000 - 0x00007ffb79e7f000 	C:\WINDOWS\System32\WS2_32.dll
0x00007ffb778e0000 - 0x00007ffb778f8000 	C:\WINDOWS\SYSTEM32\kernel.appcore.dll
0x00007ffb052f0000 - 0x00007ffb052fa000 	C:\Program Files\Java\jdk-17\bin\jimage.dll
0x00007ffb76330000 - 0x00007ffb76551000 	C:\WINDOWS\SYSTEM32\DBGHELP.DLL
0x00007ffb69780000 - 0x00007ffb697b1000 	C:\WINDOWS\SYSTEM32\dbgcore.DLL
0x00007ffb78ea0000 - 0x00007ffb78f1f000 	C:\WINDOWS\System32\bcryptPrimitives.dll
0x00007ffb05300000 - 0x00007ffb05325000 	C:\Program Files\Java\jdk-17\bin\java.dll
0x00007ffb05210000 - 0x00007ffb052e7000 	C:\Program Files\Java\jdk-17\bin\jsvml.dll
0x00007ffb79300000 - 0x00007ffb79ac5000 	C:\WINDOWS\System32\SHELL32.dll
0x00007ffb768d0000 - 0x00007ffb77134000 	C:\WINDOWS\SYSTEM32\windows.storage.dll
0x00007ffb7aac0000 - 0x00007ffb7ae36000 	C:\WINDOWS\System32\combase.dll
0x00007ffb76760000 - 0x00007ffb768c7000 	C:\WINDOWS\SYSTEM32\wintypes.dll
0x00007ffb7a8e0000 - 0x00007ffb7a9ca000 	C:\WINDOWS\System32\SHCORE.dll
0x00007ffb7a7e0000 - 0x00007ffb7a83d000 	C:\WINDOWS\System32\shlwapi.dll
0x00007ffb78720000 - 0x00007ffb78741000 	C:\WINDOWS\SYSTEM32\profapi.dll
0x00007ffb051f0000 - 0x00007ffb05209000 	C:\Program Files\Java\jdk-17\bin\net.dll
0x00007ffb72cd0000 - 0x00007ffb72de2000 	C:\WINDOWS\SYSTEM32\WINHTTP.dll
0x00007ffb77d80000 - 0x00007ffb77de7000 	C:\WINDOWS\system32\mswsock.dll
0x00007ffb051d0000 - 0x00007ffb051e6000 	C:\Program Files\Java\jdk-17\bin\nio.dll
0x00007ffb051b0000 - 0x00007ffb051c8000 	C:\Program Files\Java\jdk-17\bin\zip.dll
0x00007ffb04370000 - 0x00007ffb04501000 	C:\Program Files\Java\jdk-17\bin\awt.dll
0x00007ffb79220000 - 0x00007ffb792f6000 	C:\WINDOWS\System32\OLEAUT32.dll
0x00007ffb759a0000 - 0x00007ffb75a31000 	C:\WINDOWS\SYSTEM32\apphelp.dll
0x00007ffb75dd0000 - 0x00007ffb75dff000 	C:\WINDOWS\system32\DWMAPI.DLL
0x00007ffb75b10000 - 0x00007ffb75bbc000 	C:\WINDOWS\system32\uxtheme.dll
0x00007ffb03a80000 - 0x00007ffb03b81000 	C:\WINDOWS\system32\opengl32.dll
0x00007ffb04a60000 - 0x00007ffb04a8d000 	C:\WINDOWS\SYSTEM32\GLU32.dll
0x00007ffb75d50000 - 0x00007ffb75d88000 	C:\WINDOWS\SYSTEM32\dxcore.dll
0x00007ffb7a200000 - 0x00007ffb7a31d000 	C:\WINDOWS\System32\MSCTF.dll
0x00007ffb7a060000 - 0x00007ffb7a1fa000 	C:\WINDOWS\System32\ole32.dll
0x00007ffb69e30000 - 0x00007ffb69fd6000 	C:\WINDOWS\system32\d3d9.dll
0x00007ffb70290000 - 0x00007ffb70448000 	C:\WINDOWS\System32\DriverStore\FileRepository\u0382793.inf_amd64_1c9c9d36a5813460\B384051\aticfx64.dll
0x00007ffb74a50000 - 0x00007ffb74a84000 	C:\WINDOWS\System32\DriverStore\FileRepository\u0382793.inf_amd64_1c9c9d36a5813460\B384051\atiu9p64.dll
0x00007ffb2f740000 - 0x00007ffb30494000 	C:\WINDOWS\System32\DriverStore\FileRepository\u0382793.inf_amd64_1c9c9d36a5813460\B384051\atiumd64.dll
0x000000006db10000 - 0x000000006e984000 	C:\WINDOWS\System32\DriverStore\FileRepository\u0382793.inf_amd64_1c9c9d36a5813460\B384051\atiumd6a.dll
0x00007ffb7ae70000 - 0x00007ffb7b2dc000 	C:\WINDOWS\System32\SETUPAPI.dll
0x00007ffb78470000 - 0x00007ffb784bd000 	C:\WINDOWS\SYSTEM32\POWRPROF.dll
0x00007ffb782c0000 - 0x00007ffb782d3000 	C:\WINDOWS\SYSTEM32\UMPDC.dll
0x00007ffb6fe00000 - 0x00007ffb6fe30000 	C:\WINDOWS\SYSTEM32\amdihk64.dll
0x00007ffb72c60000 - 0x00007ffb72ca4000 	C:\WINDOWS\SYSTEM32\directxdatabasehelper.dll
0x00007ffb77900000 - 0x00007ffb77934000 	C:\WINDOWS\SYSTEM32\ntmarta.dll
0x00007ffb773c0000 - 0x00007ffb774a8000 	C:\WINDOWS\SYSTEM32\DNSAPI.dll
0x00007ffb77390000 - 0x00007ffb773bd000 	C:\WINDOWS\SYSTEM32\IPHLPAPI.DLL
0x00007ffb7a320000 - 0x00007ffb7a329000 	C:\WINDOWS\System32\NSI.dll
0x00007ffb70a30000 - 0x00007ffb70a3a000 	C:\Windows\System32\rasadhlp.dll
0x00007ffb704d0000 - 0x00007ffb70551000 	C:\WINDOWS\System32\fwpuclnt.dll
0x00007ffb610a0000 - 0x00007ffb610ad000 	C:\Program Files\Java\jdk-17\bin\sunmscapi.dll
0x00007ffb78f20000 - 0x00007ffb79082000 	C:\WINDOWS\System32\CRYPT32.dll
0x00007ffb78120000 - 0x00007ffb7814a000 	C:\WINDOWS\SYSTEM32\ncrypt.dll
0x00007ffb780e0000 - 0x00007ffb78117000 	C:\WINDOWS\SYSTEM32\NTASN1.dll
0x00007ffb77fd0000 - 0x00007ffb77fe8000 	C:\WINDOWS\SYSTEM32\CRYPTSP.dll
0x00007ffb77840000 - 0x00007ffb77875000 	C:\WINDOWS\system32\rsaenh.dll
0x00007ffb77e80000 - 0x00007ffb77ea9000 	C:\WINDOWS\SYSTEM32\USERENV.dll
0x00007ffb78150000 - 0x00007ffb78177000 	C:\WINDOWS\SYSTEM32\bcrypt.dll
0x00007ffb77ff0000 - 0x00007ffb77ffc000 	C:\WINDOWS\SYSTEM32\CRYPTBASE.dll
0x00007ffb72cb0000 - 0x00007ffb72cc9000 	C:\WINDOWS\SYSTEM32\dhcpcsvc6.DLL
0x00007ffb72f70000 - 0x00007ffb72f8e000 	C:\WINDOWS\SYSTEM32\dhcpcsvc.DLL
0x00007ffb039f0000 - 0x00007ffb03a76000 	C:\Program Files\Java\jdk-17\bin\freetype.dll
0x00007ffb03920000 - 0x00007ffb039e5000 	C:\Program Files\Java\jdk-17\bin\fontmanager.dll
0x00007ffb7a460000 - 0x00007ffb7a50f000 	C:\WINDOWS\System32\clbcatq.dll
0x00007ffb70560000 - 0x00007ffb7070e000 	C:\WINDOWS\SYSTEM32\WindowsCodecs.dll
0x00007ffb420b0000 - 0x00007ffb4210d000 	C:\WINDOWS\system32\dataexchange.dll
0x00007ffb6faa0000 - 0x00007ffb6fd06000 	C:\WINDOWS\system32\twinapi.appcore.dll
0x00007ffb5da40000 - 0x00007ffb5db6d000 	C:\WINDOWS\SYSTEM32\textinputframework.dll
0x00007ffb756b0000 - 0x00007ffb757e1000 	C:\WINDOWS\SYSTEM32\CoreMessaging.dll
0x00007ffb71e80000 - 0x00007ffb721ed000 	C:\WINDOWS\SYSTEM32\CoreUIComponents.dll
0x00007ffb66d20000 - 0x00007ffb66d8a000 	C:\WINDOWS\system32\Ninput.dll
0x00007ffb5dd50000 - 0x00007ffb5ddfe000 	C:\WINDOWS\SYSTEM32\TextShaping.dll

dbghelp: loaded successfully - version: 4.0.5 - missing functions: none
symbol engine: initialized successfully - sym options: 0x614 - pdb path: .;C:\Program Files\Java\jdk-17\bin;C:\WINDOWS\SYSTEM32;C:\WINDOWS\WinSxS\amd64_microsoft.windows.common-controls_6595b64144ccf1df_6.0.22000.120_none_9d947278b86cc467;C:\Program Files\Java\jdk-17\bin\server;C:\WINDOWS\System32\DriverStore\FileRepository\u0382793.inf_amd64_1c9c9d36a5813460\B384051

VM Arguments:
jvm_args: -Dfile.encoding=UTF-8 --module-path=C:\Users\Sanket R Deshmukh\Documents\NetBeansProjects\Hotel Management System\build\classes 
java_command: hotel.management.system.AddCustomer
java_class_path (initial): C:\Users\Sanket R Deshmukh\Documents\mysql-connector-java-8.0.28.jar;C:\Users\Sanket R Deshmukh\Documents\NetBeansProjects\Hotel Management System\build\classes
Launcher Type: SUN_STANDARD

[Global flags]
     intx CICompilerCount                          = 12                                        {product} {ergonomic}
     uint ConcGCThreads                            = 3                                         {product} {ergonomic}
     uint G1ConcRefinementThreads                  = 13                                        {product} {ergonomic}
   size_t G1HeapRegionSize                         = 1048576                                   {product} {ergonomic}
    uintx GCDrainStackTargetSize                   = 64                                        {product} {ergonomic}
   size_t InitialHeapSize                          = 125829120                                 {product} {ergonomic}
   size_t MarkStackSize                            = 4194304                                   {product} {ergonomic}
   size_t MaxHeapSize                              = 1994391552                                {product} {ergonomic}
   size_t MaxNewSize                               = 1196425216                                {product} {ergonomic}
   size_t MinHeapDeltaBytes                        = 1048576                                   {product} {ergonomic}
   size_t MinHeapSize                              = 8388608                                   {product} {ergonomic}
    uintx NonNMethodCodeHeapSize                   = 7602480                                {pd product} {ergonomic}
    uintx NonProfiledCodeHeapSize                  = 122027880                              {pd product} {ergonomic}
    uintx ProfiledCodeHeapSize                     = 122027880                              {pd product} {ergonomic}
    uintx ReservedCodeCacheSize                    = 251658240                              {pd product} {ergonomic}
     bool SegmentedCodeCache                       = true                                      {product} {ergonomic}
   size_t SoftMaxHeapSize                          = 1994391552                             {manageable} {ergonomic}
     bool UseCompressedClassPointers               = true                           {product lp64_product} {ergonomic}
     bool UseCompressedOops                        = true                           {product lp64_product} {ergonomic}
     bool UseG1GC                                  = true                                      {product} {ergonomic}
     bool UseLargePagesIndividualAllocation        = false                                  {pd product} {ergonomic}

Logging:
Log output configuration:
 #0: stdout all=warning uptime,level,tags
 #1: stderr all=off uptime,level,tags

Environment Variables:
PATH=C:\Program Files\Common Files\Oracle\Java\javapath;C:\Python311\Scripts\;C:\Python311\;C:\Windows\system32;C:\Windows;C:\Windows\System32\Wbem;C:\Windows\System32\WindowsPowerShell\v1.0\;C:\Windows\System32\OpenSSH\;C:\Program Files (x86)\NVIDIA Corporation\PhysX\Common;C:\WINDOWS\system32;C:\WINDOWS;C:\WINDOWS\System32\Wbem;C:\WINDOWS\System32\WindowsPowerShell\v1.0\;C:\WINDOWS\System32\OpenSSH\;C:\Program Files\nodejs\;C:\ProgramData\chocolatey\bin;C:\Program Files\Git\cmd;C:\Program Files\MySQL\MySQL Shell 8.0\bin\;C:\Users\Sanket R Deshmukh\AppData\Local\Microsoft\WindowsApps;C:\Users\Sanket R Deshmukh\AppData\Local\GitHubDesktop\bin;C:\Users\Sanket R Deshmukh\AppData\Roaming\npm;C:\Program Files\Java\jdk-17\bin;
USERNAME=Sanket R Deshmukh
OS=Windows_NT
PROCESSOR_IDENTIFIER=AMD64 Family 23 Model 96 Stepping 1, AuthenticAMD



---------------  S Y S T E M  ---------------

OS:
 Windows 11 , 64 bit Build 22000 (10.0.22000.1761)
OS uptime: 1 days 4:18 hours

CPU: total 16 (initial active 16) (16 cores per cpu, 2 threads per core) family 23 model 96 stepping 1 microcode 0x0, cx8, cmov, fxsr, ht, mmx, 3dnowpref, sse, sse2, sse3, ssse3, sse4a, sse4.1, sse4.2, popcnt, lzcnt, tsc, tscinvbit, avx, avx2, aes, clmul, bmi1, bmi2, adx, sha, fma, vzeroupper, clflush, clflushopt

Memory: 4k page, system-wide physical 7600M (661M free)
TotalPageFile size 31152M (AvailPageFile size 4M)
current process WorkingSet (physical memory assigned to process): 35M, peak: 175M
current process commit charge ("private bytes"): 305M, peak: 314M

vm_info: Java HotSpot(TM) 64-Bit Server VM (17.0.7+8-LTS-224) for windows-amd64 JRE (17.0.7+8-LTS-224), built on Feb 28 2023 23:03:02 by "mach5one" with MS VC++ 17.1 (VS2022)

END.
