#
# There is insufficient memory for the Java Runtime Environment to continue.
# Native memory allocation (mmap) failed to map 65536 bytes for Failed to commit metaspace.
# Possible reasons:
#   The system is out of physical RAM or swap space
#   The process is running with CompressedOops enabled, and the Java Heap may be blocking the growth of the native heap
# Possible solutions:
#   Reduce memory load on the system
#   Increase physical memory or swap space
#   Check if swap backing store is full
#   Decrease Java heap size (-Xmx/-Xms)
#   Decrease number of Java threads
#   Decrease Java thread stack sizes (-Xss)
#   Set larger code cache with -XX:ReservedCodeCacheSize=
#   JVM is running with Unscaled Compressed Oops mode in which the Java heap is
#     placed in the first 4GB address space. The Java Heap base address is the
#     maximum limit for the native heap growth. Please use -XX:HeapBaseMinAddress
#     to set the Java Heap base and to place the Java Heap above 4GB virtual address.
# This output file may be truncated or incomplete.
#
#  Out of Memory Error (virtualSpaceNode.cpp:110), pid=11724, tid=38056
#
# JRE version: Java(TM) SE Runtime Environment (17.0.7+8) (build 17.0.7+8-LTS-224)
# Java VM: Java HotSpot(TM) 64-Bit Server VM (17.0.7+8-LTS-224, mixed mode, sharing, tiered, compressed oops, compressed class ptrs, g1 gc, windows-amd64)
# No core dump will be written. Minidumps are not enabled by default on client versions of Windows
#

---------------  S U M M A R Y ------------

Command Line: -Dfile.encoding=UTF-8 --module-path=C:\Users\Sanket R Deshmukh\Documents\NetBeansProjects\Hotel Management System\build\classes hotel.management.system.Department

Host: AMD Ryzen 7 4800H with Radeon Graphics         , 16 cores, 7G,  Windows 11 , 64 bit Build 22000 (10.0.22000.1761)
Time: Tue May  9 00:00:42 2023 India Standard Time elapsed time: 0.209024 seconds (0d 0h 0m 0s)

---------------  T H R E A D  ---------------

Current thread (0x000002063c05ec80):  JavaThread "main" [_thread_in_vm, id=38056, stack(0x00000050d3100000,0x00000050d3200000)]

Stack: [0x00000050d3100000,0x00000050d3200000]
Native frames: (J=compiled Java code, j=interpreted, Vv=VM code, C=native code)
V  [jvm.dll+0x676a4a]
V  [jvm.dll+0x7d74f4]
V  [jvm.dll+0x7d8c9e]
V  [jvm.dll+0x7d9303]
V  [jvm.dll+0x2452c5]
V  [jvm.dll+0x7d35fb]
V  [jvm.dll+0x61ca36]
V  [jvm.dll+0x61ca9a]
V  [jvm.dll+0x61f2bd]
V  [jvm.dll+0x61d3f6]
V  [jvm.dll+0x6270f7]
V  [jvm.dll+0x1e96ad]
V  [jvm.dll+0x1e9c75]
V  [jvm.dll+0x1ea5bb]
V  [jvm.dll+0x1dfdc1]
V  [jvm.dll+0x53cf0c]
V  [jvm.dll+0x1f06da]
V  [jvm.dll+0x75156d]
V  [jvm.dll+0x752953]
V  [jvm.dll+0x752c88]
V  [jvm.dll+0x23d78b]
V  [jvm.dll+0x37cdde]
C  0x000002064ad5b7f7

Java frames: (J=compiled Java code, j=interpreted, Vv=VM code)
j  sun.awt.SunToolkit.<clinit>()V+39 java.desktop@17.0.7
v  ~StubRoutines::call_stub
j  sun.awt.AppContext$2.run()Ljava/lang/Void;+27 java.desktop@17.0.7
j  sun.awt.AppContext$2.run()Ljava/lang/Object;+1 java.desktop@17.0.7
j  java.security.AccessController.executePrivileged(Ljava/security/PrivilegedAction;Ljava/security/AccessControlContext;Ljava/lang/Class;)Ljava/lang/Object;+29 java.base@17.0.7
j  java.security.AccessController.doPrivileged(Ljava/security/PrivilegedAction;)Ljava/lang/Object;+5 java.base@17.0.7
j  sun.awt.AppContext.initMainAppContext()V+7 java.desktop@17.0.7
j  sun.awt.AppContext$3.run()Lsun/awt/AppContext;+40 java.desktop@17.0.7
j  sun.awt.AppContext$3.run()Ljava/lang/Object;+1 java.desktop@17.0.7
j  java.security.AccessController.executePrivileged(Ljava/security/PrivilegedAction;Ljava/security/AccessControlContext;Ljava/lang/Class;)Ljava/lang/Object;+29 java.base@17.0.7
j  java.security.AccessController.doPrivileged(Ljava/security/PrivilegedAction;)Ljava/lang/Object;+5 java.base@17.0.7
j  sun.awt.AppContext.getAppContext()Lsun/awt/AppContext;+42 java.desktop@17.0.7
j  java.awt.Component.<init>()V+135 java.desktop@17.0.7
j  java.awt.Container.<init>()V+1 java.desktop@17.0.7
j  java.awt.Window.<init>()V+1 java.desktop@17.0.7
j  java.awt.Frame.<init>(Ljava/lang/String;)V+1 java.desktop@17.0.7
j  java.awt.Frame.<init>()V+3 java.desktop@17.0.7
j  javax.swing.JFrame.<init>()V+1 java.desktop@17.0.7
j  hotel.management.system.Department.<init>()V+1
j  hotel.management.system.Department.main([Ljava/lang/String;)V+4
v  ~StubRoutines::call_stub

---------------  P R O C E S S  ---------------

Threads class SMR info:
_java_thread_list=0x000002065b4cdb70, length=15, elements={
0x000002063c05ec80, 0x000002065a834df0, 0x000002065a8377b0, 0x000002065a850260,
0x000002065a850b20, 0x000002065a8514d0, 0x000002065a852e90, 0x000002065a853c20,
0x000002065a857bc0, 0x000002065a8585b0, 0x000002065b43d730, 0x000002065b44cf20,
0x000002065b44de30, 0x000002065b44e3f0, 0x000002065b59a280
}

Java Threads: ( => current thread )
=>0x000002063c05ec80 JavaThread "main" [_thread_in_vm, id=38056, stack(0x00000050d3100000,0x00000050d3200000)]
  0x000002065a834df0 JavaThread "Reference Handler" daemon [_thread_blocked, id=7924, stack(0x00000050d3800000,0x00000050d3900000)]
  0x000002065a8377b0 JavaThread "Finalizer" daemon [_thread_blocked, id=32408, stack(0x00000050d3900000,0x00000050d3a00000)]
  0x000002065a850260 JavaThread "Signal Dispatcher" daemon [_thread_blocked, id=25312, stack(0x00000050d3a00000,0x00000050d3b00000)]
  0x000002065a850b20 JavaThread "Attach Listener" daemon [_thread_blocked, id=27304, stack(0x00000050d3b00000,0x00000050d3c00000)]
  0x000002065a8514d0 JavaThread "Service Thread" daemon [_thread_blocked, id=19744, stack(0x00000050d3c00000,0x00000050d3d00000)]
  0x000002065a852e90 JavaThread "Monitor Deflation Thread" daemon [_thread_blocked, id=34104, stack(0x00000050d3d00000,0x00000050d3e00000)]
  0x000002065a853c20 JavaThread "C2 CompilerThread0" daemon [_thread_blocked, id=12336, stack(0x00000050d3e00000,0x00000050d3f00000)]
  0x000002065a857bc0 JavaThread "C1 CompilerThread0" daemon [_thread_blocked, id=23720, stack(0x00000050d3f00000,0x00000050d4000000)]
  0x000002065a8585b0 JavaThread "Sweeper thread" daemon [_thread_blocked, id=23464, stack(0x00000050d4000000,0x00000050d4100000)]
  0x000002065b43d730 JavaThread "Common-Cleaner" daemon [_thread_blocked, id=38360, stack(0x00000050d4100000,0x00000050d4200000)]
  0x000002065b44cf20 JavaThread "C1 CompilerThread1" daemon [_thread_blocked, id=36620, stack(0x00000050d4200000,0x00000050d4300000)]
  0x000002065b44de30 JavaThread "C2 CompilerThread1" daemon [_thread_blocked, id=38500, stack(0x00000050d4300000,0x00000050d4400000)]
  0x000002065b44e3f0 JavaThread "C2 CompilerThread2" daemon [_thread_blocked, id=21416, stack(0x00000050d4400000,0x00000050d4500000)]
  0x000002065b59a280 JavaThread "Notification Thread" daemon [_thread_blocked, id=8128, stack(0x00000050d4500000,0x00000050d4600000)]

Other Threads:
  0x000002065a830cc0 VMThread "VM Thread" [stack: 0x00000050d3700000,0x00000050d3800000] [id=35180]
  0x000002063c0d3240 WatcherThread [stack: 0x00000050d4600000,0x00000050d4700000] [id=38232]
  0x000002063c0b5660 GCTaskThread "GC Thread#0" [stack: 0x00000050d3200000,0x00000050d3300000] [id=840]
  0x000002063c0c64d0 ConcurrentGCThread "G1 Main Marker" [stack: 0x00000050d3300000,0x00000050d3400000] [id=36376]
  0x000002063c0c7680 ConcurrentGCThread "G1 Conc#0" [stack: 0x00000050d3400000,0x00000050d3500000] [id=3576]
  0x000002065a6f20b0 ConcurrentGCThread "G1 Refine#0" [stack: 0x00000050d3500000,0x00000050d3600000] [id=38388]
  0x000002065a6f2970 ConcurrentGCThread "G1 Service" [stack: 0x00000050d3600000,0x00000050d3700000] [id=17000]

Threads with active compile tasks:

VM state: not at safepoint (normal execution)

VM Mutex/Monitor currently owned by a thread:  ([mutex/lock_event])
[0x000002063c059e10] Metaspace_lock - owner thread: 0x000002063c05ec80

Heap address: 0x0000000089200000, size: 1902 MB, Compressed Oops mode: 32-bit

CDS archive(s) mapped at: [0x0000000800000000-0x0000000800bd0000-0x0000000800bd0000), size 12386304, SharedBaseAddress: 0x0000000800000000, ArchiveRelocationMode: 0.
Compressed class space mapped at: 0x0000000800c00000-0x0000000840c00000, reserved size: 1073741824
Narrow klass base: 0x0000000800000000, Narrow klass shift: 0, Narrow klass range: 0x100000000

GC Precious Log:
 CPUs: 16 total, 16 available
 Memory: 7600M
 Large Page Support: Disabled
 NUMA Support: Disabled
 Compressed Oops: Enabled (32-bit)
 Heap Region Size: 1M
 Heap Min Capacity: 8M
 Heap Initial Capacity: 120M
 Heap Max Capacity: 1902M
 Pre-touch: Disabled
 Parallel Workers: 13
 Concurrent Workers: 3
 Concurrent Refinement Workers: 13
 Periodic GC: Disabled

Heap:
 garbage-first heap   total 122880K, used 3072K [0x0000000089200000, 0x0000000100000000)
  region size 1024K, 4 young (4096K), 0 survivors (0K)
 Metaspace       used 1853K, committed 1984K, reserved 1056768K
  class space    used 155K, committed 256K, reserved 1048576K

Heap Regions: E=young(eden), S=young(survivor), O=old, HS=humongous(starts), HC=humongous(continues), CS=collection set, F=free, OA=open archive, CA=closed archive, TAMS=top-at-mark-start (previous, next)
|   0|0x0000000089200000, 0x0000000089200000, 0x0000000089300000|  0%| F|  |TAMS 0x0000000089200000, 0x0000000089200000| Untracked 
|   1|0x0000000089300000, 0x0000000089300000, 0x0000000089400000|  0%| F|  |TAMS 0x0000000089300000, 0x0000000089300000| Untracked 
|   2|0x0000000089400000, 0x0000000089400000, 0x0000000089500000|  0%| F|  |TAMS 0x0000000089400000, 0x0000000089400000| Untracked 
|   3|0x0000000089500000, 0x0000000089500000, 0x0000000089600000|  0%| F|  |TAMS 0x0000000089500000, 0x0000000089500000| Untracked 
|   4|0x0000000089600000, 0x0000000089600000, 0x0000000089700000|  0%| F|  |TAMS 0x0000000089600000, 0x0000000089600000| Untracked 
|   5|0x0000000089700000, 0x0000000089700000, 0x0000000089800000|  0%| F|  |TAMS 0x0000000089700000, 0x0000000089700000| Untracked 
|   6|0x0000000089800000, 0x0000000089800000, 0x0000000089900000|  0%| F|  |TAMS 0x0000000089800000, 0x0000000089800000| Untracked 
|   7|0x0000000089900000, 0x0000000089900000, 0x0000000089a00000|  0%| F|  |TAMS 0x0000000089900000, 0x0000000089900000| Untracked 
|   8|0x0000000089a00000, 0x0000000089a00000, 0x0000000089b00000|  0%| F|  |TAMS 0x0000000089a00000, 0x0000000089a00000| Untracked 
|   9|0x0000000089b00000, 0x0000000089b00000, 0x0000000089c00000|  0%| F|  |TAMS 0x0000000089b00000, 0x0000000089b00000| Untracked 
|  10|0x0000000089c00000, 0x0000000089c00000, 0x0000000089d00000|  0%| F|  |TAMS 0x0000000089c00000, 0x0000000089c00000| Untracked 
|  11|0x0000000089d00000, 0x0000000089d00000, 0x0000000089e00000|  0%| F|  |TAMS 0x0000000089d00000, 0x0000000089d00000| Untracked 
|  12|0x0000000089e00000, 0x0000000089e00000, 0x0000000089f00000|  0%| F|  |TAMS 0x0000000089e00000, 0x0000000089e00000| Untracked 
|  13|0x0000000089f00000, 0x0000000089f00000, 0x000000008a000000|  0%| F|  |TAMS 0x0000000089f00000, 0x0000000089f00000| Untracked 
|  14|0x000000008a000000, 0x000000008a000000, 0x000000008a100000|  0%| F|  |TAMS 0x000000008a000000, 0x000000008a000000| Untracked 
|  15|0x000000008a100000, 0x000000008a100000, 0x000000008a200000|  0%| F|  |TAMS 0x000000008a100000, 0x000000008a100000| Untracked 
|  16|0x000000008a200000, 0x000000008a200000, 0x000000008a300000|  0%| F|  |TAMS 0x000000008a200000, 0x000000008a200000| Untracked 
|  17|0x000000008a300000, 0x000000008a300000, 0x000000008a400000|  0%| F|  |TAMS 0x000000008a300000, 0x000000008a300000| Untracked 
|  18|0x000000008a400000, 0x000000008a400000, 0x000000008a500000|  0%| F|  |TAMS 0x000000008a400000, 0x000000008a400000| Untracked 
|  19|0x000000008a500000, 0x000000008a500000, 0x000000008a600000|  0%| F|  |TAMS 0x000000008a500000, 0x000000008a500000| Untracked 
|  20|0x000000008a600000, 0x000000008a600000, 0x000000008a700000|  0%| F|  |TAMS 0x000000008a600000, 0x000000008a600000| Untracked 
|  21|0x000000008a700000, 0x000000008a700000, 0x000000008a800000|  0%| F|  |TAMS 0x000000008a700000, 0x000000008a700000| Untracked 
|  22|0x000000008a800000, 0x000000008a800000, 0x000000008a900000|  0%| F|  |TAMS 0x000000008a800000, 0x000000008a800000| Untracked 
|  23|0x000000008a900000, 0x000000008a900000, 0x000000008aa00000|  0%| F|  |TAMS 0x000000008a900000, 0x000000008a900000| Untracked 
|  24|0x000000008aa00000, 0x000000008aa00000, 0x000000008ab00000|  0%| F|  |TAMS 0x000000008aa00000, 0x000000008aa00000| Untracked 
|  25|0x000000008ab00000, 0x000000008ab00000, 0x000000008ac00000|  0%| F|  |TAMS 0x000000008ab00000, 0x000000008ab00000| Untracked 
|  26|0x000000008ac00000, 0x000000008ac00000, 0x000000008ad00000|  0%| F|  |TAMS 0x000000008ac00000, 0x000000008ac00000| Untracked 
|  27|0x000000008ad00000, 0x000000008ad00000, 0x000000008ae00000|  0%| F|  |TAMS 0x000000008ad00000, 0x000000008ad00000| Untracked 
|  28|0x000000008ae00000, 0x000000008ae00000, 0x000000008af00000|  0%| F|  |TAMS 0x000000008ae00000, 0x000000008ae00000| Untracked 
|  29|0x000000008af00000, 0x000000008af00000, 0x000000008b000000|  0%| F|  |TAMS 0x000000008af00000, 0x000000008af00000| Untracked 
|  30|0x000000008b000000, 0x000000008b000000, 0x000000008b100000|  0%| F|  |TAMS 0x000000008b000000, 0x000000008b000000| Untracked 
|  31|0x000000008b100000, 0x000000008b100000, 0x000000008b200000|  0%| F|  |TAMS 0x000000008b100000, 0x000000008b100000| Untracked 
|  32|0x000000008b200000, 0x000000008b200000, 0x000000008b300000|  0%| F|  |TAMS 0x000000008b200000, 0x000000008b200000| Untracked 
|  33|0x000000008b300000, 0x000000008b300000, 0x000000008b400000|  0%| F|  |TAMS 0x000000008b300000, 0x000000008b300000| Untracked 
|  34|0x000000008b400000, 0x000000008b400000, 0x000000008b500000|  0%| F|  |TAMS 0x000000008b400000, 0x000000008b400000| Untracked 
|  35|0x000000008b500000, 0x000000008b500000, 0x000000008b600000|  0%| F|  |TAMS 0x000000008b500000, 0x000000008b500000| Untracked 
|  36|0x000000008b600000, 0x000000008b600000, 0x000000008b700000|  0%| F|  |TAMS 0x000000008b600000, 0x000000008b600000| Untracked 
|  37|0x000000008b700000, 0x000000008b700000, 0x000000008b800000|  0%| F|  |TAMS 0x000000008b700000, 0x000000008b700000| Untracked 
|  38|0x000000008b800000, 0x000000008b800000, 0x000000008b900000|  0%| F|  |TAMS 0x000000008b800000, 0x000000008b800000| Untracked 
|  39|0x000000008b900000, 0x000000008b900000, 0x000000008ba00000|  0%| F|  |TAMS 0x000000008b900000, 0x000000008b900000| Untracked 
|  40|0x000000008ba00000, 0x000000008ba00000, 0x000000008bb00000|  0%| F|  |TAMS 0x000000008ba00000, 0x000000008ba00000| Untracked 
|  41|0x000000008bb00000, 0x000000008bb00000, 0x000000008bc00000|  0%| F|  |TAMS 0x000000008bb00000, 0x000000008bb00000| Untracked 
|  42|0x000000008bc00000, 0x000000008bc00000, 0x000000008bd00000|  0%| F|  |TAMS 0x000000008bc00000, 0x000000008bc00000| Untracked 
|  43|0x000000008bd00000, 0x000000008bd00000, 0x000000008be00000|  0%| F|  |TAMS 0x000000008bd00000, 0x000000008bd00000| Untracked 
|  44|0x000000008be00000, 0x000000008be00000, 0x000000008bf00000|  0%| F|  |TAMS 0x000000008be00000, 0x000000008be00000| Untracked 
|  45|0x000000008bf00000, 0x000000008bf00000, 0x000000008c000000|  0%| F|  |TAMS 0x000000008bf00000, 0x000000008bf00000| Untracked 
|  46|0x000000008c000000, 0x000000008c000000, 0x000000008c100000|  0%| F|  |TAMS 0x000000008c000000, 0x000000008c000000| Untracked 
|  47|0x000000008c100000, 0x000000008c100000, 0x000000008c200000|  0%| F|  |TAMS 0x000000008c100000, 0x000000008c100000| Untracked 
|  48|0x000000008c200000, 0x000000008c200000, 0x000000008c300000|  0%| F|  |TAMS 0x000000008c200000, 0x000000008c200000| Untracked 
|  49|0x000000008c300000, 0x000000008c300000, 0x000000008c400000|  0%| F|  |TAMS 0x000000008c300000, 0x000000008c300000| Untracked 
|  50|0x000000008c400000, 0x000000008c400000, 0x000000008c500000|  0%| F|  |TAMS 0x000000008c400000, 0x000000008c400000| Untracked 
|  51|0x000000008c500000, 0x000000008c500000, 0x000000008c600000|  0%| F|  |TAMS 0x000000008c500000, 0x000000008c500000| Untracked 
|  52|0x000000008c600000, 0x000000008c600000, 0x000000008c700000|  0%| F|  |TAMS 0x000000008c600000, 0x000000008c600000| Untracked 
|  53|0x000000008c700000, 0x000000008c700000, 0x000000008c800000|  0%| F|  |TAMS 0x000000008c700000, 0x000000008c700000| Untracked 
|  54|0x000000008c800000, 0x000000008c800000, 0x000000008c900000|  0%| F|  |TAMS 0x000000008c800000, 0x000000008c800000| Untracked 
|  55|0x000000008c900000, 0x000000008c900000, 0x000000008ca00000|  0%| F|  |TAMS 0x000000008c900000, 0x000000008c900000| Untracked 
|  56|0x000000008ca00000, 0x000000008ca00000, 0x000000008cb00000|  0%| F|  |TAMS 0x000000008ca00000, 0x000000008ca00000| Untracked 
|  57|0x000000008cb00000, 0x000000008cb00000, 0x000000008cc00000|  0%| F|  |TAMS 0x000000008cb00000, 0x000000008cb00000| Untracked 
|  58|0x000000008cc00000, 0x000000008cc00000, 0x000000008cd00000|  0%| F|  |TAMS 0x000000008cc00000, 0x000000008cc00000| Untracked 
|  59|0x000000008cd00000, 0x000000008cd00000, 0x000000008ce00000|  0%| F|  |TAMS 0x000000008cd00000, 0x000000008cd00000| Untracked 
|  60|0x000000008ce00000, 0x000000008ce00000, 0x000000008cf00000|  0%| F|  |TAMS 0x000000008ce00000, 0x000000008ce00000| Untracked 
|  61|0x000000008cf00000, 0x000000008cf00000, 0x000000008d000000|  0%| F|  |TAMS 0x000000008cf00000, 0x000000008cf00000| Untracked 
|  62|0x000000008d000000, 0x000000008d000000, 0x000000008d100000|  0%| F|  |TAMS 0x000000008d000000, 0x000000008d000000| Untracked 
|  63|0x000000008d100000, 0x000000008d100000, 0x000000008d200000|  0%| F|  |TAMS 0x000000008d100000, 0x000000008d100000| Untracked 
|  64|0x000000008d200000, 0x000000008d200000, 0x000000008d300000|  0%| F|  |TAMS 0x000000008d200000, 0x000000008d200000| Untracked 
|  65|0x000000008d300000, 0x000000008d300000, 0x000000008d400000|  0%| F|  |TAMS 0x000000008d300000, 0x000000008d300000| Untracked 
|  66|0x000000008d400000, 0x000000008d400000, 0x000000008d500000|  0%| F|  |TAMS 0x000000008d400000, 0x000000008d400000| Untracked 
|  67|0x000000008d500000, 0x000000008d500000, 0x000000008d600000|  0%| F|  |TAMS 0x000000008d500000, 0x000000008d500000| Untracked 
|  68|0x000000008d600000, 0x000000008d600000, 0x000000008d700000|  0%| F|  |TAMS 0x000000008d600000, 0x000000008d600000| Untracked 
|  69|0x000000008d700000, 0x000000008d700000, 0x000000008d800000|  0%| F|  |TAMS 0x000000008d700000, 0x000000008d700000| Untracked 
|  70|0x000000008d800000, 0x000000008d800000, 0x000000008d900000|  0%| F|  |TAMS 0x000000008d800000, 0x000000008d800000| Untracked 
|  71|0x000000008d900000, 0x000000008d900000, 0x000000008da00000|  0%| F|  |TAMS 0x000000008d900000, 0x000000008d900000| Untracked 
|  72|0x000000008da00000, 0x000000008da00000, 0x000000008db00000|  0%| F|  |TAMS 0x000000008da00000, 0x000000008da00000| Untracked 
|  73|0x000000008db00000, 0x000000008db00000, 0x000000008dc00000|  0%| F|  |TAMS 0x000000008db00000, 0x000000008db00000| Untracked 
|  74|0x000000008dc00000, 0x000000008dc00000, 0x000000008dd00000|  0%| F|  |TAMS 0x000000008dc00000, 0x000000008dc00000| Untracked 
|  75|0x000000008dd00000, 0x000000008dd00000, 0x000000008de00000|  0%| F|  |TAMS 0x000000008dd00000, 0x000000008dd00000| Untracked 
|  76|0x000000008de00000, 0x000000008de00000, 0x000000008df00000|  0%| F|  |TAMS 0x000000008de00000, 0x000000008de00000| Untracked 
|  77|0x000000008df00000, 0x000000008df00000, 0x000000008e000000|  0%| F|  |TAMS 0x000000008df00000, 0x000000008df00000| Untracked 
|  78|0x000000008e000000, 0x000000008e000000, 0x000000008e100000|  0%| F|  |TAMS 0x000000008e000000, 0x000000008e000000| Untracked 
|  79|0x000000008e100000, 0x000000008e100000, 0x000000008e200000|  0%| F|  |TAMS 0x000000008e100000, 0x000000008e100000| Untracked 
|  80|0x000000008e200000, 0x000000008e200000, 0x000000008e300000|  0%| F|  |TAMS 0x000000008e200000, 0x000000008e200000| Untracked 
|  81|0x000000008e300000, 0x000000008e300000, 0x000000008e400000|  0%| F|  |TAMS 0x000000008e300000, 0x000000008e300000| Untracked 
|  82|0x000000008e400000, 0x000000008e400000, 0x000000008e500000|  0%| F|  |TAMS 0x000000008e400000, 0x000000008e400000| Untracked 
|  83|0x000000008e500000, 0x000000008e500000, 0x000000008e600000|  0%| F|  |TAMS 0x000000008e500000, 0x000000008e500000| Untracked 
|  84|0x000000008e600000, 0x000000008e600000, 0x000000008e700000|  0%| F|  |TAMS 0x000000008e600000, 0x000000008e600000| Untracked 
|  85|0x000000008e700000, 0x000000008e700000, 0x000000008e800000|  0%| F|  |TAMS 0x000000008e700000, 0x000000008e700000| Untracked 
|  86|0x000000008e800000, 0x000000008e800000, 0x000000008e900000|  0%| F|  |TAMS 0x000000008e800000, 0x000000008e800000| Untracked 
|  87|0x000000008e900000, 0x000000008e900000, 0x000000008ea00000|  0%| F|  |TAMS 0x000000008e900000, 0x000000008e900000| Untracked 
|  88|0x000000008ea00000, 0x000000008ea00000, 0x000000008eb00000|  0%| F|  |TAMS 0x000000008ea00000, 0x000000008ea00000| Untracked 
|  89|0x000000008eb00000, 0x000000008eb00000, 0x000000008ec00000|  0%| F|  |TAMS 0x000000008eb00000, 0x000000008eb00000| Untracked 
|  90|0x000000008ec00000, 0x000000008ec00000, 0x000000008ed00000|  0%| F|  |TAMS 0x000000008ec00000, 0x000000008ec00000| Untracked 
|  91|0x000000008ed00000, 0x000000008ed00000, 0x000000008ee00000|  0%| F|  |TAMS 0x000000008ed00000, 0x000000008ed00000| Untracked 
|  92|0x000000008ee00000, 0x000000008ee00000, 0x000000008ef00000|  0%| F|  |TAMS 0x000000008ee00000, 0x000000008ee00000| Untracked 
|  93|0x000000008ef00000, 0x000000008ef00000, 0x000000008f000000|  0%| F|  |TAMS 0x000000008ef00000, 0x000000008ef00000| Untracked 
|  94|0x000000008f000000, 0x000000008f000000, 0x000000008f100000|  0%| F|  |TAMS 0x000000008f000000, 0x000000008f000000| Untracked 
|  95|0x000000008f100000, 0x000000008f100000, 0x000000008f200000|  0%| F|  |TAMS 0x000000008f100000, 0x000000008f100000| Untracked 
|  96|0x000000008f200000, 0x000000008f200000, 0x000000008f300000|  0%| F|  |TAMS 0x000000008f200000, 0x000000008f200000| Untracked 
|  97|0x000000008f300000, 0x000000008f300000, 0x000000008f400000|  0%| F|  |TAMS 0x000000008f300000, 0x000000008f300000| Untracked 
|  98|0x000000008f400000, 0x000000008f400000, 0x000000008f500000|  0%| F|  |TAMS 0x000000008f400000, 0x000000008f400000| Untracked 
|  99|0x000000008f500000, 0x000000008f500000, 0x000000008f600000|  0%| F|  |TAMS 0x000000008f500000, 0x000000008f500000| Untracked 
| 100|0x000000008f600000, 0x000000008f600000, 0x000000008f700000|  0%| F|  |TAMS 0x000000008f600000, 0x000000008f600000| Untracked 
| 101|0x000000008f700000, 0x000000008f700000, 0x000000008f800000|  0%| F|  |TAMS 0x000000008f700000, 0x000000008f700000| Untracked 
| 102|0x000000008f800000, 0x000000008f800000, 0x000000008f900000|  0%| F|  |TAMS 0x000000008f800000, 0x000000008f800000| Untracked 
| 103|0x000000008f900000, 0x000000008f900000, 0x000000008fa00000|  0%| F|  |TAMS 0x000000008f900000, 0x000000008f900000| Untracked 
| 104|0x000000008fa00000, 0x000000008fa00000, 0x000000008fb00000|  0%| F|  |TAMS 0x000000008fa00000, 0x000000008fa00000| Untracked 
| 105|0x000000008fb00000, 0x000000008fb00000, 0x000000008fc00000|  0%| F|  |TAMS 0x000000008fb00000, 0x000000008fb00000| Untracked 
| 106|0x000000008fc00000, 0x000000008fc00000, 0x000000008fd00000|  0%| F|  |TAMS 0x000000008fc00000, 0x000000008fc00000| Untracked 
| 107|0x000000008fd00000, 0x000000008fd00000, 0x000000008fe00000|  0%| F|  |TAMS 0x000000008fd00000, 0x000000008fd00000| Untracked 
| 108|0x000000008fe00000, 0x000000008fe00000, 0x000000008ff00000|  0%| F|  |TAMS 0x000000008fe00000, 0x000000008fe00000| Untracked 
| 109|0x000000008ff00000, 0x000000008ff00000, 0x0000000090000000|  0%| F|  |TAMS 0x000000008ff00000, 0x000000008ff00000| Untracked 
| 110|0x0000000090000000, 0x0000000090000000, 0x0000000090100000|  0%| F|  |TAMS 0x0000000090000000, 0x0000000090000000| Untracked 
| 111|0x0000000090100000, 0x0000000090100000, 0x0000000090200000|  0%| F|  |TAMS 0x0000000090100000, 0x0000000090100000| Untracked 
| 112|0x0000000090200000, 0x0000000090200000, 0x0000000090300000|  0%| F|  |TAMS 0x0000000090200000, 0x0000000090200000| Untracked 
| 113|0x0000000090300000, 0x0000000090300000, 0x0000000090400000|  0%| F|  |TAMS 0x0000000090300000, 0x0000000090300000| Untracked 
| 114|0x0000000090400000, 0x0000000090400000, 0x0000000090500000|  0%| F|  |TAMS 0x0000000090400000, 0x0000000090400000| Untracked 
| 115|0x0000000090500000, 0x0000000090500000, 0x0000000090600000|  0%| F|  |TAMS 0x0000000090500000, 0x0000000090500000| Untracked 
| 116|0x0000000090600000, 0x0000000090676440, 0x0000000090700000| 46%| E|  |TAMS 0x0000000090600000, 0x0000000090600000| Complete 
| 117|0x0000000090700000, 0x0000000090800000, 0x0000000090800000|100%| E|CS|TAMS 0x0000000090700000, 0x0000000090700000| Complete 
| 118|0x0000000090800000, 0x0000000090900000, 0x0000000090900000|100%| E|CS|TAMS 0x0000000090800000, 0x0000000090800000| Complete 
| 119|0x0000000090900000, 0x0000000090a00000, 0x0000000090a00000|100%| E|CS|TAMS 0x0000000090900000, 0x0000000090900000| Complete 

Card table byte_map: [0x0000020653530000,0x00000206538f0000] _byte_map_base: 0x00000206530e7000

Marking Bits (Prev, Next): (CMBitMap*) 0x000002063c0b5c70, (CMBitMap*) 0x000002063c0b5cb0
 Prev Bits: [0x0000020653cb0000, 0x0000020655a68000)
 Next Bits: [0x0000020655a70000, 0x0000020657828000)

Polling page: 0x000002063b840000

Metaspace:

Usage:
  Non-class:      1.66 MB used.
      Class:    155.22 KB used.
       Both:      1.81 MB used.

Virtual space:
  Non-class space:        8.00 MB reserved,       1.69 MB ( 21%) committed,  1 nodes.
      Class space:        1.00 GB reserved,     256.00 KB ( <1%) committed,  1 nodes.
             Both:        1.01 GB reserved,       1.94 MB ( <1%) committed. 

Chunk freelists:
   Non-Class:  3.96 MB
       Class:  3.72 MB
        Both:  7.68 MB

MaxMetaspaceSize: unlimited
CompressedClassSpaceSize: 1.00 GB
Initial GC threshold: 21.00 MB
Current GC threshold: 21.00 MB
CDS: on
MetaspaceReclaimPolicy: balanced
 - commit_granule_bytes: 65536.
 - commit_granule_words: 8192.
 - virtual_space_node_default_size: 1048576.
 - enlarge_chunks_in_place: 1.
 - new_chunks_are_fully_committed: 0.
 - uncommit_free_chunks: 1.
 - use_allocation_guard: 0.
 - handle_deallocations: 1.


Internal statistics:

num_allocs_failed_limit: 0.
num_arena_births: 44.
num_arena_deaths: 0.
num_vsnodes_births: 2.
num_vsnodes_deaths: 0.
num_space_committed: 31.
num_space_uncommitted: 0.
num_chunks_returned_to_freelist: 0.
num_chunks_taken_from_freelist: 46.
num_chunk_merges: 0.
num_chunk_splits: 32.
num_chunks_enlarged: 20.
num_purges: 0.
num_inconsistent_stats: 0.

CodeHeap 'non-profiled nmethods': size=119168Kb used=111Kb max_used=111Kb free=119056Kb
 bounds [0x000002064b490000, 0x000002064b700000, 0x00000206528f0000]
CodeHeap 'profiled nmethods': size=119104Kb used=506Kb max_used=506Kb free=118597Kb
 bounds [0x00000206438f0000, 0x0000020643b60000, 0x000002064ad40000]
CodeHeap 'non-nmethods': size=7488Kb used=1692Kb max_used=1692Kb free=5795Kb
 bounds [0x000002064ad40000, 0x000002064afb0000, 0x000002064b490000]
 total_blobs=785 nmethods=373 adapters=324
 compilation: enabled
              stopped_count=0, restarted_count=0
 full_count=0

Compilation events (20 events):
Event: 0.194 Thread 0x000002065b44cf20 nmethod 355 0x0000020643963b10 code [0x0000020643963ec0, 0x0000020643965a18]
Event: 0.194 Thread 0x000002065a857bc0 nmethod 363 0x0000020643966310 code [0x0000020643966540, 0x0000020643966c48]
Event: 0.194 Thread 0x000002065b44cf20  365       3       java.lang.invoke.MemberName::checkForTypeAlias (172 bytes)
Event: 0.195 Thread 0x000002065b44cf20 nmethod 365 0x0000020643966f90 code [0x0000020643967400, 0x00000206439692d8]
Event: 0.201 Thread 0x000002065a857bc0  366       3       sun.invoke.util.Wrapper::forPrimitiveType (49 bytes)
Event: 0.203 Thread 0x000002065b44cf20  367       3       java.util.Arrays::copyOf (19 bytes)
Event: 0.203 Thread 0x000002065b44cf20 nmethod 367 0x0000020643969b90 code [0x0000020643969d40, 0x000002064396a028]
Event: 0.203 Thread 0x000002065b44cf20  369       3       java.lang.AbstractStringBuilder::newCapacity (59 bytes)
Event: 0.204 Thread 0x000002065a857bc0 nmethod 366 0x000002064396a190 code [0x000002064396a500, 0x000002064396b8a8]
Event: 0.204 Thread 0x000002065b44cf20 nmethod 369 0x000002064396c010 code [0x000002064396c1e0, 0x000002064396c5d8]
Event: 0.204 Thread 0x000002065a857bc0  372       3       java.lang.Class::getPackageName (81 bytes)
Event: 0.204 Thread 0x000002065b44cf20  370       3       jdk.internal.misc.Unsafe::allocateUninitializedArray0 (90 bytes)
Event: 0.204 Thread 0x000002065b44cf20 nmethod 370 0x000002064396c790 code [0x000002064396c9a0, 0x000002064396d318]
Event: 0.204 Thread 0x000002065b44cf20  368       1       java.lang.invoke.MethodTypeForm::basicType (5 bytes)
Event: 0.204 Thread 0x000002065b44cf20 nmethod 368 0x000002064b4ab690 code [0x000002064b4ab820, 0x000002064b4ab8f8]
Event: 0.204 Thread 0x000002065b44cf20  371       1       java.lang.invoke.DirectMethodHandle::internalMemberName (5 bytes)
Event: 0.204 Thread 0x000002065b44cf20 nmethod 371 0x000002064b4ab990 code [0x000002064b4abb20, 0x000002064b4abbf8]
Event: 0.204 Thread 0x000002065b44cf20  373       3       java.lang.invoke.LambdaForm::uncustomize (57 bytes)
Event: 0.204 Thread 0x000002065b44cf20 nmethod 373 0x000002064396d490 code [0x000002064396d640, 0x000002064396d968]
Event: 0.205 Thread 0x000002065a857bc0 nmethod 372 0x000002064396da90 code [0x000002064396dd20, 0x000002064396e7c8]

GC Heap History (0 events):
No events

Deoptimization events (4 events):
Event: 0.135 Thread 0x000002063c05ec80 Uncommon trap: trap_request=0xffffff45 fr.pc=0x000002064b49f7a8 relative=0x0000000000000748
Event: 0.135 Thread 0x000002063c05ec80 Uncommon trap: reason=unstable_if action=reinterpret pc=0x000002064b49f7a8 method=java.util.HashMap.putVal(ILjava/lang/Object;Ljava/lang/Object;ZZ)Ljava/lang/Object; @ 81 c2
Event: 0.135 Thread 0x000002063c05ec80 DEOPT PACKING pc=0x000002064b49f7a8 sp=0x00000050d31fe800
Event: 0.135 Thread 0x000002063c05ec80 DEOPT UNPACKING pc=0x000002064ad923a3 sp=0x00000050d31fe7a0 mode 2

Classes unloaded (0 events):
No events

Classes redefined (0 events):
No events

Internal exceptions (7 events):
Event: 0.104 Thread 0x000002063c05ec80 Exception <a 'sun/nio/fs/WindowsException'{0x00000000908413b8}> (0x00000000908413b8) 
thrown [s\open\src\hotspot\share\prims\jni.cpp, line 516]
Event: 0.105 Thread 0x000002063c05ec80 Exception <a 'sun/nio/fs/WindowsException'{0x0000000090841978}> (0x0000000090841978) 
thrown [s\open\src\hotspot\share\prims\jni.cpp, line 516]
Event: 0.107 Thread 0x000002063c05ec80 Exception <a 'sun/nio/fs/WindowsException'{0x0000000090844468}> (0x0000000090844468) 
thrown [s\open\src\hotspot\share\prims\jni.cpp, line 516]
Event: 0.107 Thread 0x000002063c05ec80 Exception <a 'sun/nio/fs/WindowsException'{0x0000000090845018}> (0x0000000090845018) 
thrown [s\open\src\hotspot\share\prims\jni.cpp, line 516]
Event: 0.158 Thread 0x000002063c05ec80 Exception <a 'java/lang/ClassNotFoundException'{0x000000009078a7b8}: sun/awt/resources/spi/awtProvider> (0x000000009078a7b8) 
thrown [s\open\src\hotspot\share\classfile\systemDictionary.cpp, line 256]
Event: 0.184 Thread 0x000002063c05ec80 Exception <a 'java/io/FileNotFoundException'{0x00000000907dcc78}> (0x00000000907dcc78) 
thrown [s\open\src\hotspot\share\prims\jni.cpp, line 516]
Event: 0.193 Thread 0x000002063c05ec80 Exception <a 'java/io/FileNotFoundException'{0x000000009060a278}> (0x000000009060a278) 
thrown [s\open\src\hotspot\share\prims\jni.cpp, line 516]

VM Operations (2 events):
Event: 0.108 Executing VM operation: HandshakeAllThreads
Event: 0.108 Executing VM operation: HandshakeAllThreads done

Events (20 events):
Event: 0.205 loading class sun/awt/AppContext$6 done
Event: 0.205 loading class sun/awt/AppContext$3
Event: 0.205 loading class sun/awt/AppContext$3 done
Event: 0.205 loading class sun/awt/AppContext$2
Event: 0.205 loading class sun/awt/AppContext$2 done
Event: 0.205 loading class sun/awt/SunToolkit
Event: 0.205 loading class sun/awt/ComponentFactory
Event: 0.205 loading class sun/awt/ComponentFactory done
Event: 0.205 loading class sun/awt/InputMethodSupport
Event: 0.205 loading class sun/awt/InputMethodSupport done
Event: 0.205 loading class sun/awt/KeyboardFocusManagerPeerProvider
Event: 0.205 loading class sun/awt/KeyboardFocusManagerPeerProvider done
Event: 0.206 loading class sun/awt/SunToolkit done
Event: 0.206 loading class java/util/concurrent/locks/AbstractQueuedSynchronizer$ConditionObject
Event: 0.206 loading class java/util/concurrent/locks/Condition
Event: 0.206 loading class java/util/concurrent/locks/Condition done
Event: 0.206 loading class java/util/concurrent/locks/AbstractQueuedSynchronizer$ConditionObject done
Event: 0.206 loading class sun/awt/WeakIdentityHashMap
Event: 0.206 loading class sun/awt/WeakIdentityHashMap done
Event: 0.206 loading class sun/awt/SoftCache


Dynamic libraries:
0x00007ff6c3430000 - 0x00007ff6c3440000 	C:\Program Files\Java\jdk-17\bin\java.exe
0x00007ffb7b340000 - 0x00007ffb7b549000 	C:\WINDOWS\SYSTEM32\ntdll.dll
0x00007ffb79e80000 - 0x00007ffb79f3e000 	C:\WINDOWS\System32\KERNEL32.DLL
0x00007ffb78b10000 - 0x00007ffb78e93000 	C:\WINDOWS\System32\KERNELBASE.dll
0x00007ffb788b0000 - 0x00007ffb789c1000 	C:\WINDOWS\System32\ucrtbase.dll
0x00007ffb05380000 - 0x00007ffb0539b000 	C:\Program Files\Java\jdk-17\bin\VCRUNTIME140.dll
0x00007ffb74a90000 - 0x00007ffb74aa9000 	C:\Program Files\Java\jdk-17\bin\jli.dll
0x00007ffb79f40000 - 0x00007ffb79fee000 	C:\WINDOWS\System32\ADVAPI32.dll
0x00007ffb79ad0000 - 0x00007ffb79b73000 	C:\WINDOWS\System32\msvcrt.dll
0x00007ffb7a840000 - 0x00007ffb7a8de000 	C:\WINDOWS\System32\sechost.dll
0x00007ffb7a330000 - 0x00007ffb7a451000 	C:\WINDOWS\System32\RPCRT4.dll
0x00007ffb79c60000 - 0x00007ffb79e0d000 	C:\WINDOWS\System32\USER32.dll
0x00007ffb789d0000 - 0x00007ffb789f6000 	C:\WINDOWS\System32\win32u.dll
0x00007ffb63d50000 - 0x00007ffb63ff5000 	C:\WINDOWS\WinSxS\amd64_microsoft.windows.common-controls_6595b64144ccf1df_6.0.22000.120_none_9d947278b86cc467\COMCTL32.dll
0x00007ffb7ae40000 - 0x00007ffb7ae69000 	C:\WINDOWS\System32\GDI32.dll
0x00007ffb79090000 - 0x00007ffb791aa000 	C:\WINDOWS\System32\gdi32full.dll
0x00007ffb78a00000 - 0x00007ffb78a9d000 	C:\WINDOWS\System32\msvcp_win.dll
0x00007ffb70280000 - 0x00007ffb7028a000 	C:\WINDOWS\SYSTEM32\VERSION.dll
0x00007ffb79b80000 - 0x00007ffb79bb1000 	C:\WINDOWS\System32\IMM32.DLL
0x00007ffb05370000 - 0x00007ffb0537c000 	C:\Program Files\Java\jdk-17\bin\vcruntime140_1.dll
0x00007ffb04a90000 - 0x00007ffb04b1e000 	C:\Program Files\Java\jdk-17\bin\msvcp140.dll
0x00007ffb053b0000 - 0x00007ffb05f8d000 	C:\Program Files\Java\jdk-17\bin\server\jvm.dll
0x00007ffb7a7c0000 - 0x00007ffb7a7c8000 	C:\WINDOWS\System32\PSAPI.DLL
0x00007ffb053a0000 - 0x00007ffb053a9000 	C:\WINDOWS\SYSTEM32\WSOCK32.dll
0x00007ffb70240000 - 0x00007ffb70273000 	C:\WINDOWS\SYSTEM32\WINMM.dll
0x00007ffb79e10000 - 0x00007ffb79e7f000 	C:\WINDOWS\System32\WS2_32.dll
0x00007ffb778e0000 - 0x00007ffb778f8000 	C:\WINDOWS\SYSTEM32\kernel.appcore.dll
0x00007ffb052f0000 - 0x00007ffb052fa000 	C:\Program Files\Java\jdk-17\bin\jimage.dll
0x00007ffb76330000 - 0x00007ffb76551000 	C:\WINDOWS\SYSTEM32\DBGHELP.DLL
0x00007ffb69780000 - 0x00007ffb697b1000 	C:\WINDOWS\SYSTEM32\dbgcore.DLL
0x00007ffb78ea0000 - 0x00007ffb78f1f000 	C:\WINDOWS\System32\bcryptPrimitives.dll
0x00007ffb05300000 - 0x00007ffb05325000 	C:\Program Files\Java\jdk-17\bin\java.dll
0x00007ffb05210000 - 0x00007ffb052e7000 	C:\Program Files\Java\jdk-17\bin\jsvml.dll
0x00007ffb79300000 - 0x00007ffb79ac5000 	C:\WINDOWS\System32\SHELL32.dll
0x00007ffb768d0000 - 0x00007ffb77134000 	C:\WINDOWS\SYSTEM32\windows.storage.dll
0x00007ffb7aac0000 - 0x00007ffb7ae36000 	C:\WINDOWS\System32\combase.dll
0x00007ffb76760000 - 0x00007ffb768c7000 	C:\WINDOWS\SYSTEM32\wintypes.dll
0x00007ffb7a8e0000 - 0x00007ffb7a9ca000 	C:\WINDOWS\System32\SHCORE.dll
0x00007ffb7a7e0000 - 0x00007ffb7a83d000 	C:\WINDOWS\System32\shlwapi.dll
0x00007ffb78720000 - 0x00007ffb78741000 	C:\WINDOWS\SYSTEM32\profapi.dll
0x00007ffb051f0000 - 0x00007ffb05209000 	C:\Program Files\Java\jdk-17\bin\net.dll
0x00007ffb72cd0000 - 0x00007ffb72de2000 	C:\WINDOWS\SYSTEM32\WINHTTP.dll
0x00007ffb77d80000 - 0x00007ffb77de7000 	C:\WINDOWS\system32\mswsock.dll
0x00007ffb051d0000 - 0x00007ffb051e6000 	C:\Program Files\Java\jdk-17\bin\nio.dll
0x00007ffb051b0000 - 0x00007ffb051c8000 	C:\Program Files\Java\jdk-17\bin\zip.dll
0x00007ffb04370000 - 0x00007ffb04501000 	C:\Program Files\Java\jdk-17\bin\awt.dll
0x00007ffb79220000 - 0x00007ffb792f6000 	C:\WINDOWS\System32\OLEAUT32.dll
0x00007ffb759a0000 - 0x00007ffb75a31000 	C:\WINDOWS\SYSTEM32\apphelp.dll

dbghelp: loaded successfully - version: 4.0.5 - missing functions: none
symbol engine: initialized successfully - sym options: 0x614 - pdb path: .;C:\Program Files\Java\jdk-17\bin;C:\WINDOWS\SYSTEM32;C:\WINDOWS\WinSxS\amd64_microsoft.windows.common-controls_6595b64144ccf1df_6.0.22000.120_none_9d947278b86cc467;C:\Program Files\Java\jdk-17\bin\server

VM Arguments:
jvm_args: -Dfile.encoding=UTF-8 --module-path=C:\Users\Sanket R Deshmukh\Documents\NetBeansProjects\Hotel Management System\build\classes 
java_command: hotel.management.system.Department
java_class_path (initial): C:\Users\Sanket R Deshmukh\Documents\mysql-connector-java-8.0.28.jar;C:\Users\Sanket R Deshmukh\Downloads\rs2xml.jar;C:\Users\Sanket R Deshmukh\Documents\NetBeansProjects\Hotel Management System\build\classes
Launcher Type: SUN_STANDARD

[Global flags]
     intx CICompilerCount                          = 12                                        {product} {ergonomic}
     uint ConcGCThreads                            = 3                                         {product} {ergonomic}
     uint G1ConcRefinementThreads                  = 13                                        {product} {ergonomic}
   size_t G1HeapRegionSize                         = 1048576                                   {product} {ergonomic}
    uintx GCDrainStackTargetSize                   = 64                                        {product} {ergonomic}
   size_t InitialHeapSize                          = 125829120                                 {product} {ergonomic}
   size_t MarkStackSize                            = 4194304                                   {product} {ergonomic}
   size_t MaxHeapSize                              = 1994391552                                {product} {ergonomic}
   size_t MaxNewSize                               = 1196425216                                {product} {ergonomic}
   size_t MinHeapDeltaBytes                        = 1048576                                   {product} {ergonomic}
   size_t MinHeapSize                              = 8388608                                   {product} {ergonomic}
    uintx NonNMethodCodeHeapSize                   = 7602480                                {pd product} {ergonomic}
    uintx NonProfiledCodeHeapSize                  = 122027880                              {pd product} {ergonomic}
    uintx ProfiledCodeHeapSize                     = 122027880                              {pd product} {ergonomic}
    uintx ReservedCodeCacheSize                    = 251658240                              {pd product} {ergonomic}
     bool SegmentedCodeCache                       = true                                      {product} {ergonomic}
   size_t SoftMaxHeapSize                          = 1994391552                             {manageable} {ergonomic}
     bool UseCompressedClassPointers               = true                           {product lp64_product} {ergonomic}
     bool UseCompressedOops                        = true                           {product lp64_product} {ergonomic}
     bool UseG1GC                                  = true                                      {product} {ergonomic}
     bool UseLargePagesIndividualAllocation        = false                                  {pd product} {ergonomic}

Logging:
Log output configuration:
 #0: stdout all=warning uptime,level,tags
 #1: stderr all=off uptime,level,tags

Environment Variables:
PATH=C:\Program Files\Common Files\Oracle\Java\javapath;C:\Python311\Scripts\;C:\Python311\;C:\Windows\system32;C:\Windows;C:\Windows\System32\Wbem;C:\Windows\System32\WindowsPowerShell\v1.0\;C:\Windows\System32\OpenSSH\;C:\Program Files (x86)\NVIDIA Corporation\PhysX\Common;C:\WINDOWS\system32;C:\WINDOWS;C:\WINDOWS\System32\Wbem;C:\WINDOWS\System32\WindowsPowerShell\v1.0\;C:\WINDOWS\System32\OpenSSH\;C:\Program Files\nodejs\;C:\ProgramData\chocolatey\bin;C:\Program Files\Git\cmd;C:\Program Files\MySQL\MySQL Shell 8.0\bin\;C:\Users\Sanket R Deshmukh\AppData\Local\Microsoft\WindowsApps;C:\Users\Sanket R Deshmukh\AppData\Local\GitHubDesktop\bin;C:\Users\Sanket R Deshmukh\AppData\Roaming\npm;C:\Program Files\Java\jdk-17\bin;
USERNAME=Sanket R Deshmukh
OS=Windows_NT
PROCESSOR_IDENTIFIER=AMD64 Family 23 Model 96 Stepping 1, AuthenticAMD



---------------  S Y S T E M  ---------------

OS:
 Windows 11 , 64 bit Build 22000 (10.0.22000.1761)
OS uptime: 1 days 4:10 hours

CPU: total 16 (initial active 16) (16 cores per cpu, 2 threads per core) family 23 model 96 stepping 1 microcode 0x0, cx8, cmov, fxsr, ht, mmx, 3dnowpref, sse, sse2, sse3, ssse3, sse4a, sse4.1, sse4.2, popcnt, lzcnt, tsc, tscinvbit, avx, avx2, aes, clmul, bmi1, bmi2, adx, sha, fma, vzeroupper, clflush, clflushopt

Memory: 4k page, system-wide physical 7600M (915M free)
TotalPageFile size 31152M (AvailPageFile size 11M)
current process WorkingSet (physical memory assigned to process): 38M, peak: 38M
current process commit charge ("private bytes"): 215M, peak: 216M

vm_info: Java HotSpot(TM) 64-Bit Server VM (17.0.7+8-LTS-224) for windows-amd64 JRE (17.0.7+8-LTS-224), built on Feb 28 2023 23:03:02 by "mach5one" with MS VC++ 17.1 (VS2022)

END.
