#
# There is insufficient memory for the Java Runtime Environment to continue.
# Native memory allocation (malloc) failed to allocate 32744 bytes for ChunkPool::allocate
# Possible reasons:
#   The system is out of physical RAM or swap space
#   The process is running with CompressedOops enabled, and the Java Heap may be blocking the growth of the native heap
# Possible solutions:
#   Reduce memory load on the system
#   Increase physical memory or swap space
#   Check if swap backing store is full
#   Decrease Java heap size (-Xmx/-Xms)
#   Decrease number of Java threads
#   Decrease Java thread stack sizes (-Xss)
#   Set larger code cache with -XX:ReservedCodeCacheSize=
#   JVM is running with Unscaled Compressed Oops mode in which the Java heap is
#     placed in the first 4GB address space. The Java Heap base address is the
#     maximum limit for the native heap growth. Please use -XX:HeapBaseMinAddress
#     to set the Java Heap base and to place the Java Heap above 4GB virtual address.
# This output file may be truncated or incomplete.
#
#  Out of Memory Error (arena.cpp:78), pid=17116, tid=10288
#
# JRE version: Java(TM) SE Runtime Environment (17.0.7+8) (build 17.0.7+8-LTS-224)
# Java VM: Java HotSpot(TM) 64-Bit Server VM (17.0.7+8-LTS-224, mixed mode, sharing, tiered, compressed oops, compressed class ptrs, g1 gc, windows-amd64)
# No core dump will be written. Minidumps are not enabled by default on client versions of Windows
#

---------------  S U M M A R Y ------------

Command Line: -Dfile.encoding=UTF-8 --module-path=C:\Users\Sanket R Deshmukh\Documents\NetBeansProjects\Hotel Management System\build\classes hotel.management.system.EmployeeInfo

Host: AMD Ryzen 7 4800H with Radeon Graphics         , 16 cores, 7G,  Windows 11 , 64 bit Build 22000 (10.0.22000.1761)
Time: Tue May  9 00:14:06 2023 India Standard Time elapsed time: 0.534844 seconds (0d 0h 0m 0s)

---------------  T H R E A D  ---------------

Current thread (0x000001d475f93a20):  JavaThread "C2 CompilerThread0" daemon [_thread_in_native, id=10288, stack(0x0000002117400000,0x0000002117500000)]


Current CompileTask:
C2:    534  695       4       java.util.Properties::loadConvert (540 bytes)

Stack: [0x0000002117400000,0x0000002117500000]
Native frames: (J=compiled Java code, j=interpreted, Vv=VM code, C=native code)
V  [jvm.dll+0x676a4a]
V  [jvm.dll+0x7d74f4]
V  [jvm.dll+0x7d8c9e]
V  [jvm.dll+0x7d9303]
V  [jvm.dll+0x2452c5]
V  [jvm.dll+0xaac80]
V  [jvm.dll+0xaafcc]
V  [jvm.dll+0xb7ffa]
V  [jvm.dll+0x1be203]
V  [jvm.dll+0x32bb1d]
V  [jvm.dll+0x32b03a]
V  [jvm.dll+0x217acf]
V  [jvm.dll+0x216f01]
V  [jvm.dll+0x1a35e0]
V  [jvm.dll+0x226a6e]
V  [jvm.dll+0x224e15]
V  [jvm.dll+0x78d05c]
V  [jvm.dll+0x78759a]
V  [jvm.dll+0x675875]
C  [ucrtbase.dll+0x26c0c]
C  [KERNEL32.DLL+0x15590]
C  [ntdll.dll+0x485b]


---------------  P R O C E S S  ---------------

Threads class SMR info:
_java_thread_list=0x000001d476a1fae0, length=19, elements={
0x000001d45586eee0, 0x000001d475f784c0, 0x000001d475f79080, 0x000001d475f8ec10,
0x000001d475f8f4d0, 0x000001d475f906a0, 0x000001d475f92060, 0x000001d475f93a20,
0x000001d475fa0d00, 0x000001d475fa1e20, 0x000001d475f62d20, 0x000001d4769b1b60,
0x000001d4769e7c00, 0x000001d476a7ee80, 0x000001d476ca0440, 0x000001d476ca0910,
0x000001d476c64fd0, 0x000001d47718e750, 0x000001d47718d480
}

Java Threads: ( => current thread )
  0x000001d45586eee0 JavaThread "main" [_thread_in_Java, id=32544, stack(0x0000002116700000,0x0000002116800000)]
  0x000001d475f784c0 JavaThread "Reference Handler" daemon [_thread_blocked, id=32016, stack(0x0000002116e00000,0x0000002116f00000)]
  0x000001d475f79080 JavaThread "Finalizer" daemon [_thread_blocked, id=36552, stack(0x0000002116f00000,0x0000002117000000)]
  0x000001d475f8ec10 JavaThread "Signal Dispatcher" daemon [_thread_blocked, id=31020, stack(0x0000002117000000,0x0000002117100000)]
  0x000001d475f8f4d0 JavaThread "Attach Listener" daemon [_thread_blocked, id=2884, stack(0x0000002117100000,0x0000002117200000)]
  0x000001d475f906a0 JavaThread "Service Thread" daemon [_thread_blocked, id=16056, stack(0x0000002117200000,0x0000002117300000)]
  0x000001d475f92060 JavaThread "Monitor Deflation Thread" daemon [_thread_blocked, id=13224, stack(0x0000002117300000,0x0000002117400000)]
=>0x000001d475f93a20 JavaThread "C2 CompilerThread0" daemon [_thread_in_native, id=10288, stack(0x0000002117400000,0x0000002117500000)]
  0x000001d475fa0d00 JavaThread "C1 CompilerThread0" daemon [_thread_blocked, id=23108, stack(0x0000002117500000,0x0000002117600000)]
  0x000001d475fa1e20 JavaThread "Sweeper thread" daemon [_thread_blocked, id=34064, stack(0x0000002117600000,0x0000002117700000)]
  0x000001d475f62d20 JavaThread "Common-Cleaner" daemon [_thread_blocked, id=35108, stack(0x0000002117700000,0x0000002117800000)]
  0x000001d4769b1b60 JavaThread "C1 CompilerThread1" daemon [_thread_blocked, id=37956, stack(0x0000002117800000,0x0000002117900000)]
  0x000001d4769e7c00 JavaThread "C1 CompilerThread2" daemon [_thread_blocked, id=12952, stack(0x0000002117900000,0x0000002117a00000)]
  0x000001d476a7ee80 JavaThread "Notification Thread" daemon [_thread_blocked, id=5340, stack(0x0000002117b00000,0x0000002117c00000)]
  0x000001d476ca0440 JavaThread "Java2D Disposer" daemon [_thread_blocked, id=13476, stack(0x0000002117d00000,0x0000002117e00000)]
  0x000001d476ca0910 JavaThread "AWT-Shutdown" [_thread_blocked, id=27544, stack(0x0000002117e00000,0x0000002117f00000)]
  0x000001d476c64fd0 JavaThread "AWT-Windows" daemon [_thread_in_native, id=38228, stack(0x0000002117f00000,0x0000002118000000)]
  0x000001d47718e750 JavaThread "mysql-cj-abandoned-connection-cleanup" daemon [_thread_blocked, id=4576, stack(0x0000002117a00000,0x0000002117b00000)]
  0x000001d47718d480 JavaThread "C2 CompilerThread1" daemon [_thread_in_native, id=2876, stack(0x0000002118000000,0x0000002118100000)]

Other Threads:
  0x000001d475f72720 VMThread "VM Thread" [stack: 0x0000002116d00000,0x0000002116e00000] [id=32108]
  0x000001d45592a1b0 WatcherThread [stack: 0x0000002117c00000,0x0000002117d00000] [id=26080]
  0x000001d4558cc680 GCTaskThread "GC Thread#0" [stack: 0x0000002116800000,0x0000002116900000] [id=19200]
  0x000001d4558dd390 ConcurrentGCThread "G1 Main Marker" [stack: 0x0000002116900000,0x0000002116a00000] [id=15996]
  0x000001d4558ddf00 ConcurrentGCThread "G1 Conc#0" [stack: 0x0000002116a00000,0x0000002116b00000] [id=23776]
  0x000001d475e324c0 ConcurrentGCThread "G1 Refine#0" [stack: 0x0000002116b00000,0x0000002116c00000] [id=28100]
  0x000001d455949950 ConcurrentGCThread "G1 Service" [stack: 0x0000002116c00000,0x0000002116d00000] [id=24332]

Threads with active compile tasks:
C2 CompilerThread0      566  695       4       java.util.Properties::loadConvert (540 bytes)
C2 CompilerThread1      566  759       4       java.lang.StringBuilder::append (8 bytes)

VM state: not at safepoint (normal execution)

VM Mutex/Monitor currently owned by a thread: None

Heap address: 0x0000000089200000, size: 1902 MB, Compressed Oops mode: 32-bit

CDS archive(s) mapped at: [0x0000000800000000-0x0000000800bd0000-0x0000000800bd0000), size 12386304, SharedBaseAddress: 0x0000000800000000, ArchiveRelocationMode: 0.
Compressed class space mapped at: 0x0000000800c00000-0x0000000840c00000, reserved size: 1073741824
Narrow klass base: 0x0000000800000000, Narrow klass shift: 0, Narrow klass range: 0x100000000

GC Precious Log:
 CPUs: 16 total, 16 available
 Memory: 7600M
 Large Page Support: Disabled
 NUMA Support: Disabled
 Compressed Oops: Enabled (32-bit)
 Heap Region Size: 1M
 Heap Min Capacity: 8M
 Heap Initial Capacity: 120M
 Heap Max Capacity: 1902M
 Pre-touch: Disabled
 Parallel Workers: 13
 Concurrent Workers: 3
 Concurrent Refinement Workers: 13
 Periodic GC: Disabled

Heap:
 garbage-first heap   total 122880K, used 7168K [0x0000000089200000, 0x0000000100000000)
  region size 1024K, 9 young (9216K), 0 survivors (0K)
 Metaspace       used 6252K, committed 6400K, reserved 1056768K
  class space    used 671K, committed 768K, reserved 1048576K

Heap Regions: E=young(eden), S=young(survivor), O=old, HS=humongous(starts), HC=humongous(continues), CS=collection set, F=free, OA=open archive, CA=closed archive, TAMS=top-at-mark-start (previous, next)
|   0|0x0000000089200000, 0x0000000089200000, 0x0000000089300000|  0%| F|  |TAMS 0x0000000089200000, 0x0000000089200000| Untracked 
|   1|0x0000000089300000, 0x0000000089300000, 0x0000000089400000|  0%| F|  |TAMS 0x0000000089300000, 0x0000000089300000| Untracked 
|   2|0x0000000089400000, 0x0000000089400000, 0x0000000089500000|  0%| F|  |TAMS 0x0000000089400000, 0x0000000089400000| Untracked 
|   3|0x0000000089500000, 0x0000000089500000, 0x0000000089600000|  0%| F|  |TAMS 0x0000000089500000, 0x0000000089500000| Untracked 
|   4|0x0000000089600000, 0x0000000089600000, 0x0000000089700000|  0%| F|  |TAMS 0x0000000089600000, 0x0000000089600000| Untracked 
|   5|0x0000000089700000, 0x0000000089700000, 0x0000000089800000|  0%| F|  |TAMS 0x0000000089700000, 0x0000000089700000| Untracked 
|   6|0x0000000089800000, 0x0000000089800000, 0x0000000089900000|  0%| F|  |TAMS 0x0000000089800000, 0x0000000089800000| Untracked 
|   7|0x0000000089900000, 0x0000000089900000, 0x0000000089a00000|  0%| F|  |TAMS 0x0000000089900000, 0x0000000089900000| Untracked 
|   8|0x0000000089a00000, 0x0000000089a00000, 0x0000000089b00000|  0%| F|  |TAMS 0x0000000089a00000, 0x0000000089a00000| Untracked 
|   9|0x0000000089b00000, 0x0000000089b00000, 0x0000000089c00000|  0%| F|  |TAMS 0x0000000089b00000, 0x0000000089b00000| Untracked 
|  10|0x0000000089c00000, 0x0000000089c00000, 0x0000000089d00000|  0%| F|  |TAMS 0x0000000089c00000, 0x0000000089c00000| Untracked 
|  11|0x0000000089d00000, 0x0000000089d00000, 0x0000000089e00000|  0%| F|  |TAMS 0x0000000089d00000, 0x0000000089d00000| Untracked 
|  12|0x0000000089e00000, 0x0000000089e00000, 0x0000000089f00000|  0%| F|  |TAMS 0x0000000089e00000, 0x0000000089e00000| Untracked 
|  13|0x0000000089f00000, 0x0000000089f00000, 0x000000008a000000|  0%| F|  |TAMS 0x0000000089f00000, 0x0000000089f00000| Untracked 
|  14|0x000000008a000000, 0x000000008a000000, 0x000000008a100000|  0%| F|  |TAMS 0x000000008a000000, 0x000000008a000000| Untracked 
|  15|0x000000008a100000, 0x000000008a100000, 0x000000008a200000|  0%| F|  |TAMS 0x000000008a100000, 0x000000008a100000| Untracked 
|  16|0x000000008a200000, 0x000000008a200000, 0x000000008a300000|  0%| F|  |TAMS 0x000000008a200000, 0x000000008a200000| Untracked 
|  17|0x000000008a300000, 0x000000008a300000, 0x000000008a400000|  0%| F|  |TAMS 0x000000008a300000, 0x000000008a300000| Untracked 
|  18|0x000000008a400000, 0x000000008a400000, 0x000000008a500000|  0%| F|  |TAMS 0x000000008a400000, 0x000000008a400000| Untracked 
|  19|0x000000008a500000, 0x000000008a500000, 0x000000008a600000|  0%| F|  |TAMS 0x000000008a500000, 0x000000008a500000| Untracked 
|  20|0x000000008a600000, 0x000000008a600000, 0x000000008a700000|  0%| F|  |TAMS 0x000000008a600000, 0x000000008a600000| Untracked 
|  21|0x000000008a700000, 0x000000008a700000, 0x000000008a800000|  0%| F|  |TAMS 0x000000008a700000, 0x000000008a700000| Untracked 
|  22|0x000000008a800000, 0x000000008a800000, 0x000000008a900000|  0%| F|  |TAMS 0x000000008a800000, 0x000000008a800000| Untracked 
|  23|0x000000008a900000, 0x000000008a900000, 0x000000008aa00000|  0%| F|  |TAMS 0x000000008a900000, 0x000000008a900000| Untracked 
|  24|0x000000008aa00000, 0x000000008aa00000, 0x000000008ab00000|  0%| F|  |TAMS 0x000000008aa00000, 0x000000008aa00000| Untracked 
|  25|0x000000008ab00000, 0x000000008ab00000, 0x000000008ac00000|  0%| F|  |TAMS 0x000000008ab00000, 0x000000008ab00000| Untracked 
|  26|0x000000008ac00000, 0x000000008ac00000, 0x000000008ad00000|  0%| F|  |TAMS 0x000000008ac00000, 0x000000008ac00000| Untracked 
|  27|0x000000008ad00000, 0x000000008ad00000, 0x000000008ae00000|  0%| F|  |TAMS 0x000000008ad00000, 0x000000008ad00000| Untracked 
|  28|0x000000008ae00000, 0x000000008ae00000, 0x000000008af00000|  0%| F|  |TAMS 0x000000008ae00000, 0x000000008ae00000| Untracked 
|  29|0x000000008af00000, 0x000000008af00000, 0x000000008b000000|  0%| F|  |TAMS 0x000000008af00000, 0x000000008af00000| Untracked 
|  30|0x000000008b000000, 0x000000008b000000, 0x000000008b100000|  0%| F|  |TAMS 0x000000008b000000, 0x000000008b000000| Untracked 
|  31|0x000000008b100000, 0x000000008b100000, 0x000000008b200000|  0%| F|  |TAMS 0x000000008b100000, 0x000000008b100000| Untracked 
|  32|0x000000008b200000, 0x000000008b200000, 0x000000008b300000|  0%| F|  |TAMS 0x000000008b200000, 0x000000008b200000| Untracked 
|  33|0x000000008b300000, 0x000000008b300000, 0x000000008b400000|  0%| F|  |TAMS 0x000000008b300000, 0x000000008b300000| Untracked 
|  34|0x000000008b400000, 0x000000008b400000, 0x000000008b500000|  0%| F|  |TAMS 0x000000008b400000, 0x000000008b400000| Untracked 
|  35|0x000000008b500000, 0x000000008b500000, 0x000000008b600000|  0%| F|  |TAMS 0x000000008b500000, 0x000000008b500000| Untracked 
|  36|0x000000008b600000, 0x000000008b600000, 0x000000008b700000|  0%| F|  |TAMS 0x000000008b600000, 0x000000008b600000| Untracked 
|  37|0x000000008b700000, 0x000000008b700000, 0x000000008b800000|  0%| F|  |TAMS 0x000000008b700000, 0x000000008b700000| Untracked 
|  38|0x000000008b800000, 0x000000008b800000, 0x000000008b900000|  0%| F|  |TAMS 0x000000008b800000, 0x000000008b800000| Untracked 
|  39|0x000000008b900000, 0x000000008b900000, 0x000000008ba00000|  0%| F|  |TAMS 0x000000008b900000, 0x000000008b900000| Untracked 
|  40|0x000000008ba00000, 0x000000008ba00000, 0x000000008bb00000|  0%| F|  |TAMS 0x000000008ba00000, 0x000000008ba00000| Untracked 
|  41|0x000000008bb00000, 0x000000008bb00000, 0x000000008bc00000|  0%| F|  |TAMS 0x000000008bb00000, 0x000000008bb00000| Untracked 
|  42|0x000000008bc00000, 0x000000008bc00000, 0x000000008bd00000|  0%| F|  |TAMS 0x000000008bc00000, 0x000000008bc00000| Untracked 
|  43|0x000000008bd00000, 0x000000008bd00000, 0x000000008be00000|  0%| F|  |TAMS 0x000000008bd00000, 0x000000008bd00000| Untracked 
|  44|0x000000008be00000, 0x000000008be00000, 0x000000008bf00000|  0%| F|  |TAMS 0x000000008be00000, 0x000000008be00000| Untracked 
|  45|0x000000008bf00000, 0x000000008bf00000, 0x000000008c000000|  0%| F|  |TAMS 0x000000008bf00000, 0x000000008bf00000| Untracked 
|  46|0x000000008c000000, 0x000000008c000000, 0x000000008c100000|  0%| F|  |TAMS 0x000000008c000000, 0x000000008c000000| Untracked 
|  47|0x000000008c100000, 0x000000008c100000, 0x000000008c200000|  0%| F|  |TAMS 0x000000008c100000, 0x000000008c100000| Untracked 
|  48|0x000000008c200000, 0x000000008c200000, 0x000000008c300000|  0%| F|  |TAMS 0x000000008c200000, 0x000000008c200000| Untracked 
|  49|0x000000008c300000, 0x000000008c300000, 0x000000008c400000|  0%| F|  |TAMS 0x000000008c300000, 0x000000008c300000| Untracked 
|  50|0x000000008c400000, 0x000000008c400000, 0x000000008c500000|  0%| F|  |TAMS 0x000000008c400000, 0x000000008c400000| Untracked 
|  51|0x000000008c500000, 0x000000008c500000, 0x000000008c600000|  0%| F|  |TAMS 0x000000008c500000, 0x000000008c500000| Untracked 
|  52|0x000000008c600000, 0x000000008c600000, 0x000000008c700000|  0%| F|  |TAMS 0x000000008c600000, 0x000000008c600000| Untracked 
|  53|0x000000008c700000, 0x000000008c700000, 0x000000008c800000|  0%| F|  |TAMS 0x000000008c700000, 0x000000008c700000| Untracked 
|  54|0x000000008c800000, 0x000000008c800000, 0x000000008c900000|  0%| F|  |TAMS 0x000000008c800000, 0x000000008c800000| Untracked 
|  55|0x000000008c900000, 0x000000008c900000, 0x000000008ca00000|  0%| F|  |TAMS 0x000000008c900000, 0x000000008c900000| Untracked 
|  56|0x000000008ca00000, 0x000000008ca00000, 0x000000008cb00000|  0%| F|  |TAMS 0x000000008ca00000, 0x000000008ca00000| Untracked 
|  57|0x000000008cb00000, 0x000000008cb00000, 0x000000008cc00000|  0%| F|  |TAMS 0x000000008cb00000, 0x000000008cb00000| Untracked 
|  58|0x000000008cc00000, 0x000000008cc00000, 0x000000008cd00000|  0%| F|  |TAMS 0x000000008cc00000, 0x000000008cc00000| Untracked 
|  59|0x000000008cd00000, 0x000000008cd00000, 0x000000008ce00000|  0%| F|  |TAMS 0x000000008cd00000, 0x000000008cd00000| Untracked 
|  60|0x000000008ce00000, 0x000000008ce00000, 0x000000008cf00000|  0%| F|  |TAMS 0x000000008ce00000, 0x000000008ce00000| Untracked 
|  61|0x000000008cf00000, 0x000000008cf00000, 0x000000008d000000|  0%| F|  |TAMS 0x000000008cf00000, 0x000000008cf00000| Untracked 
|  62|0x000000008d000000, 0x000000008d000000, 0x000000008d100000|  0%| F|  |TAMS 0x000000008d000000, 0x000000008d000000| Untracked 
|  63|0x000000008d100000, 0x000000008d100000, 0x000000008d200000|  0%| F|  |TAMS 0x000000008d100000, 0x000000008d100000| Untracked 
|  64|0x000000008d200000, 0x000000008d200000, 0x000000008d300000|  0%| F|  |TAMS 0x000000008d200000, 0x000000008d200000| Untracked 
|  65|0x000000008d300000, 0x000000008d300000, 0x000000008d400000|  0%| F|  |TAMS 0x000000008d300000, 0x000000008d300000| Untracked 
|  66|0x000000008d400000, 0x000000008d400000, 0x000000008d500000|  0%| F|  |TAMS 0x000000008d400000, 0x000000008d400000| Untracked 
|  67|0x000000008d500000, 0x000000008d500000, 0x000000008d600000|  0%| F|  |TAMS 0x000000008d500000, 0x000000008d500000| Untracked 
|  68|0x000000008d600000, 0x000000008d600000, 0x000000008d700000|  0%| F|  |TAMS 0x000000008d600000, 0x000000008d600000| Untracked 
|  69|0x000000008d700000, 0x000000008d700000, 0x000000008d800000|  0%| F|  |TAMS 0x000000008d700000, 0x000000008d700000| Untracked 
|  70|0x000000008d800000, 0x000000008d800000, 0x000000008d900000|  0%| F|  |TAMS 0x000000008d800000, 0x000000008d800000| Untracked 
|  71|0x000000008d900000, 0x000000008d900000, 0x000000008da00000|  0%| F|  |TAMS 0x000000008d900000, 0x000000008d900000| Untracked 
|  72|0x000000008da00000, 0x000000008da00000, 0x000000008db00000|  0%| F|  |TAMS 0x000000008da00000, 0x000000008da00000| Untracked 
|  73|0x000000008db00000, 0x000000008db00000, 0x000000008dc00000|  0%| F|  |TAMS 0x000000008db00000, 0x000000008db00000| Untracked 
|  74|0x000000008dc00000, 0x000000008dc00000, 0x000000008dd00000|  0%| F|  |TAMS 0x000000008dc00000, 0x000000008dc00000| Untracked 
|  75|0x000000008dd00000, 0x000000008dd00000, 0x000000008de00000|  0%| F|  |TAMS 0x000000008dd00000, 0x000000008dd00000| Untracked 
|  76|0x000000008de00000, 0x000000008de00000, 0x000000008df00000|  0%| F|  |TAMS 0x000000008de00000, 0x000000008de00000| Untracked 
|  77|0x000000008df00000, 0x000000008df00000, 0x000000008e000000|  0%| F|  |TAMS 0x000000008df00000, 0x000000008df00000| Untracked 
|  78|0x000000008e000000, 0x000000008e000000, 0x000000008e100000|  0%| F|  |TAMS 0x000000008e000000, 0x000000008e000000| Untracked 
|  79|0x000000008e100000, 0x000000008e100000, 0x000000008e200000|  0%| F|  |TAMS 0x000000008e100000, 0x000000008e100000| Untracked 
|  80|0x000000008e200000, 0x000000008e200000, 0x000000008e300000|  0%| F|  |TAMS 0x000000008e200000, 0x000000008e200000| Untracked 
|  81|0x000000008e300000, 0x000000008e300000, 0x000000008e400000|  0%| F|  |TAMS 0x000000008e300000, 0x000000008e300000| Untracked 
|  82|0x000000008e400000, 0x000000008e400000, 0x000000008e500000|  0%| F|  |TAMS 0x000000008e400000, 0x000000008e400000| Untracked 
|  83|0x000000008e500000, 0x000000008e500000, 0x000000008e600000|  0%| F|  |TAMS 0x000000008e500000, 0x000000008e500000| Untracked 
|  84|0x000000008e600000, 0x000000008e600000, 0x000000008e700000|  0%| F|  |TAMS 0x000000008e600000, 0x000000008e600000| Untracked 
|  85|0x000000008e700000, 0x000000008e700000, 0x000000008e800000|  0%| F|  |TAMS 0x000000008e700000, 0x000000008e700000| Untracked 
|  86|0x000000008e800000, 0x000000008e800000, 0x000000008e900000|  0%| F|  |TAMS 0x000000008e800000, 0x000000008e800000| Untracked 
|  87|0x000000008e900000, 0x000000008e900000, 0x000000008ea00000|  0%| F|  |TAMS 0x000000008e900000, 0x000000008e900000| Untracked 
|  88|0x000000008ea00000, 0x000000008ea00000, 0x000000008eb00000|  0%| F|  |TAMS 0x000000008ea00000, 0x000000008ea00000| Untracked 
|  89|0x000000008eb00000, 0x000000008eb00000, 0x000000008ec00000|  0%| F|  |TAMS 0x000000008eb00000, 0x000000008eb00000| Untracked 
|  90|0x000000008ec00000, 0x000000008ec00000, 0x000000008ed00000|  0%| F|  |TAMS 0x000000008ec00000, 0x000000008ec00000| Untracked 
|  91|0x000000008ed00000, 0x000000008ed00000, 0x000000008ee00000|  0%| F|  |TAMS 0x000000008ed00000, 0x000000008ed00000| Untracked 
|  92|0x000000008ee00000, 0x000000008ee00000, 0x000000008ef00000|  0%| F|  |TAMS 0x000000008ee00000, 0x000000008ee00000| Untracked 
|  93|0x000000008ef00000, 0x000000008ef00000, 0x000000008f000000|  0%| F|  |TAMS 0x000000008ef00000, 0x000000008ef00000| Untracked 
|  94|0x000000008f000000, 0x000000008f000000, 0x000000008f100000|  0%| F|  |TAMS 0x000000008f000000, 0x000000008f000000| Untracked 
|  95|0x000000008f100000, 0x000000008f100000, 0x000000008f200000|  0%| F|  |TAMS 0x000000008f100000, 0x000000008f100000| Untracked 
|  96|0x000000008f200000, 0x000000008f200000, 0x000000008f300000|  0%| F|  |TAMS 0x000000008f200000, 0x000000008f200000| Untracked 
|  97|0x000000008f300000, 0x000000008f300000, 0x000000008f400000|  0%| F|  |TAMS 0x000000008f300000, 0x000000008f300000| Untracked 
|  98|0x000000008f400000, 0x000000008f400000, 0x000000008f500000|  0%| F|  |TAMS 0x000000008f400000, 0x000000008f400000| Untracked 
|  99|0x000000008f500000, 0x000000008f500000, 0x000000008f600000|  0%| F|  |TAMS 0x000000008f500000, 0x000000008f500000| Untracked 
| 100|0x000000008f600000, 0x000000008f600000, 0x000000008f700000|  0%| F|  |TAMS 0x000000008f600000, 0x000000008f600000| Untracked 
| 101|0x000000008f700000, 0x000000008f700000, 0x000000008f800000|  0%| F|  |TAMS 0x000000008f700000, 0x000000008f700000| Untracked 
| 102|0x000000008f800000, 0x000000008f800000, 0x000000008f900000|  0%| F|  |TAMS 0x000000008f800000, 0x000000008f800000| Untracked 
| 103|0x000000008f900000, 0x000000008f900000, 0x000000008fa00000|  0%| F|  |TAMS 0x000000008f900000, 0x000000008f900000| Untracked 
| 104|0x000000008fa00000, 0x000000008fa00000, 0x000000008fb00000|  0%| F|  |TAMS 0x000000008fa00000, 0x000000008fa00000| Untracked 
| 105|0x000000008fb00000, 0x000000008fb00000, 0x000000008fc00000|  0%| F|  |TAMS 0x000000008fb00000, 0x000000008fb00000| Untracked 
| 106|0x000000008fc00000, 0x000000008fc00000, 0x000000008fd00000|  0%| F|  |TAMS 0x000000008fc00000, 0x000000008fc00000| Untracked 
| 107|0x000000008fd00000, 0x000000008fd00000, 0x000000008fe00000|  0%| F|  |TAMS 0x000000008fd00000, 0x000000008fd00000| Untracked 
| 108|0x000000008fe00000, 0x000000008fe00000, 0x000000008ff00000|  0%| F|  |TAMS 0x000000008fe00000, 0x000000008fe00000| Untracked 
| 109|0x000000008ff00000, 0x000000008ff00000, 0x0000000090000000|  0%| F|  |TAMS 0x000000008ff00000, 0x000000008ff00000| Untracked 
| 110|0x0000000090000000, 0x0000000090000000, 0x0000000090100000|  0%| F|  |TAMS 0x0000000090000000, 0x0000000090000000| Untracked 
| 111|0x0000000090100000, 0x00000000901ec0e0, 0x0000000090200000| 92%| E|  |TAMS 0x0000000090100000, 0x0000000090100000| Complete 
| 112|0x0000000090200000, 0x0000000090300000, 0x0000000090300000|100%| E|CS|TAMS 0x0000000090200000, 0x0000000090200000| Complete 
| 113|0x0000000090300000, 0x0000000090400000, 0x0000000090400000|100%| E|  |TAMS 0x0000000090300000, 0x0000000090300000| Complete 
| 114|0x0000000090400000, 0x0000000090500000, 0x0000000090500000|100%| E|CS|TAMS 0x0000000090400000, 0x0000000090400000| Complete 
| 115|0x0000000090500000, 0x0000000090600000, 0x0000000090600000|100%| E|CS|TAMS 0x0000000090500000, 0x0000000090500000| Complete 
| 116|0x0000000090600000, 0x0000000090700000, 0x0000000090700000|100%| E|CS|TAMS 0x0000000090600000, 0x0000000090600000| Complete 
| 117|0x0000000090700000, 0x0000000090800000, 0x0000000090800000|100%| E|CS|TAMS 0x0000000090700000, 0x0000000090700000| Complete 
| 118|0x0000000090800000, 0x0000000090900000, 0x0000000090900000|100%| E|CS|TAMS 0x0000000090800000, 0x0000000090800000| Complete 
| 119|0x0000000090900000, 0x0000000090a00000, 0x0000000090a00000|100%| E|CS|TAMS 0x0000000090900000, 0x0000000090900000| Complete 

Card table byte_map: [0x000001d46ec70000,0x000001d46f030000] _byte_map_base: 0x000001d46e827000

Marking Bits (Prev, Next): (CMBitMap*) 0x000001d4558ccc90, (CMBitMap*) 0x000001d4558cccd0
 Prev Bits: [0x000001d46f3f0000, 0x000001d4711a8000)
 Next Bits: [0x000001d4711b0000, 0x000001d472f68000)

Polling page: 0x000001d45e8b0000

Metaspace:

Usage:
  Non-class:      5.47 MB used.
      Class:    675.23 KB used.
       Both:      6.12 MB used.

Virtual space:
  Non-class space:        8.00 MB reserved,       5.56 MB ( 70%) committed,  1 nodes.
      Class space:        1.00 GB reserved,     768.00 KB ( <1%) committed,  1 nodes.
             Both:        1.01 GB reserved,       6.31 MB ( <1%) committed. 

Chunk freelists:
   Non-Class:  2.11 MB
       Class:  3.16 MB
        Both:  5.27 MB

MaxMetaspaceSize: unlimited
CompressedClassSpaceSize: 1.00 GB
Initial GC threshold: 21.00 MB
Current GC threshold: 21.00 MB
CDS: on
MetaspaceReclaimPolicy: balanced
 - commit_granule_bytes: 65536.
 - commit_granule_words: 8192.
 - virtual_space_node_default_size: 1048576.
 - enlarge_chunks_in_place: 1.
 - new_chunks_are_fully_committed: 0.
 - uncommit_free_chunks: 1.
 - use_allocation_guard: 0.
 - handle_deallocations: 1.


Internal statistics:

num_allocs_failed_limit: 0.
num_arena_births: 108.
num_arena_deaths: 0.
num_vsnodes_births: 2.
num_vsnodes_deaths: 0.
num_space_committed: 101.
num_space_uncommitted: 0.
num_chunks_returned_to_freelist: 0.
num_chunks_taken_from_freelist: 183.
num_chunk_merges: 0.
num_chunk_splits: 111.
num_chunks_enlarged: 51.
num_purges: 0.
num_inconsistent_stats: 0.

CodeHeap 'non-profiled nmethods': size=119168Kb used=220Kb max_used=220Kb free=118947Kb
 bounds [0x000001d466470000, 0x000001d4666e0000, 0x000001d46d8d0000]
CodeHeap 'profiled nmethods': size=119104Kb used=1206Kb max_used=1206Kb free=117897Kb
 bounds [0x000001d45e8d0000, 0x000001d45eb40000, 0x000001d465d20000]
CodeHeap 'non-nmethods': size=7488Kb used=2342Kb max_used=2357Kb free=5145Kb
 bounds [0x000001d465d20000, 0x000001d465f90000, 0x000001d466470000]
 total_blobs=1296 nmethods=768 adapters=439
 compilation: enabled
              stopped_count=0, restarted_count=0
 full_count=0

Compilation events (20 events):
Event: 0.519 Thread 0x000001d4769b1b60  720       3       jdk.internal.math.FDBigInteger::trimLeadingZeros (57 bytes)
Event: 0.519 Thread 0x000001d4769e7c00 nmethod 718 0x000001d45e9e8d90 code [0x000001d45e9e8f40, 0x000001d45e9e91b8]
Event: 0.519 Thread 0x000001d475fa0d00 nmethod 719 0x000001d45e9e9390 code [0x000001d45e9e9540, 0x000001d45e9e9748]
Event: 0.519 Thread 0x000001d4769e7c00  721       3       jdk.internal.math.FDBigInteger::makeImmutable (6 bytes)
Event: 0.519 Thread 0x000001d475fa0d00  722       3       jdk.internal.math.FDBigInteger::mult (44 bytes)
Event: 0.519 Thread 0x000001d4769b1b60 nmethod 720 0x000001d45e9e9890 code [0x000001d45e9e9a40, 0x000001d45e9e9d18]
Event: 0.519 Thread 0x000001d4769e7c00 nmethod 721 0x000001d45e9e9e10 code [0x000001d45e9e9fa0, 0x000001d45e9ea0b8]
Event: 0.519 Thread 0x000001d475fa0d00 nmethod 722 0x000001d45e9ea190 code [0x000001d45e9ea360, 0x000001d45e9ea778]
Event: 0.520 Thread 0x000001d475fa0d00  723       3       jdk.internal.math.FDBigInteger::size (10 bytes)
Event: 0.520 Thread 0x000001d475fa0d00 nmethod 723 0x000001d45e9ea910 code [0x000001d45e9eaaa0, 0x000001d45e9eabb8]
Event: 0.522 Thread 0x000001d475fa0d00  724       3       jdk.internal.org.objectweb.asm.MethodWriter::visitFieldInsn (258 bytes)
Event: 0.522 Thread 0x000001d4769b1b60  725       3       jdk.internal.org.objectweb.asm.SymbolTable::addConstantFieldref (10 bytes)
Event: 0.522 Thread 0x000001d4769b1b60 nmethod 725 0x000001d45e9eac90 code [0x000001d45e9eae20, 0x000001d45e9eaf68]
Event: 0.523 Thread 0x000001d475fa0d00 nmethod 724 0x000001d45e9eb010 code [0x000001d45e9eb280, 0x000001d45e9ebde8]
Event: 0.524 Thread 0x000001d475fa0d00  727       3       java.lang.invoke.DirectMethodHandle::preparedLambdaForm (31 bytes)
Event: 0.524 Thread 0x000001d475fa0d00 nmethod 727 0x000001d45e9ec210 code [0x000001d45e9ec400, 0x000001d45e9ec8a8]
Event: 0.526 Thread 0x000001d475fa0d00  729       3       java.lang.invoke.TypeConvertingMethodAdapter::convertType (299 bytes)
Event: 0.529 Thread 0x000001d4769b1b60  730       1       java.net.URL::getFile (5 bytes)
Event: 0.529 Thread 0x000001d4769b1b60 nmethod 730 0x000001d46649ff90 code [0x000001d4664a0120, 0x000001d4664a01f8]
Event: 0.530 Thread 0x000001d475fa0d00 nmethod 729 0x000001d45e9eca90 code [0x000001d45e9ed0c0, 0x000001d45e9f06a8]

GC Heap History (0 events):
No events

Deoptimization events (10 events):
Event: 0.114 Thread 0x000001d45586eee0 Uncommon trap: trap_request=0xffffff45 fr.pc=0x000001d46647f7a8 relative=0x0000000000000748
Event: 0.114 Thread 0x000001d45586eee0 Uncommon trap: reason=unstable_if action=reinterpret pc=0x000001d46647f7a8 method=java.util.HashMap.putVal(ILjava/lang/Object;Ljava/lang/Object;ZZ)Ljava/lang/Object; @ 81 c2
Event: 0.114 Thread 0x000001d45586eee0 DEOPT PACKING pc=0x000001d46647f7a8 sp=0x00000021167fe730
Event: 0.114 Thread 0x000001d45586eee0 DEOPT UNPACKING pc=0x000001d465d723a3 sp=0x00000021167fe6d0 mode 2
Event: 0.421 Thread 0x000001d45586eee0 Uncommon trap: trap_request=0xffffff45 fr.pc=0x000001d4664973f0 relative=0x00000000000004b0
Event: 0.421 Thread 0x000001d45586eee0 Uncommon trap: reason=unstable_if action=reinterpret pc=0x000001d4664973f0 method=java.lang.StringLatin1.replace([BCC)Ljava/lang/String; @ 19 c2
Event: 0.421 Thread 0x000001d45586eee0 DEOPT PACKING pc=0x000001d4664973f0 sp=0x00000021167fe850
Event: 0.421 Thread 0x000001d45586eee0 DEOPT UNPACKING pc=0x000001d465d723a3 sp=0x00000021167fe7d0 mode 2
Event: 0.473 Thread 0x000001d45586eee0 DEOPT PACKING pc=0x000001d45e8ec667 sp=0x00000021167facc0
Event: 0.473 Thread 0x000001d45586eee0 DEOPT UNPACKING pc=0x000001d465d72b43 sp=0x00000021167fa0e0 mode 0

Classes unloaded (0 events):
No events

Classes redefined (0 events):
No events

Internal exceptions (17 events):
Event: 0.085 Thread 0x000001d45586eee0 Exception <a 'sun/nio/fs/WindowsException'{0x00000000908413b8}> (0x00000000908413b8) 
thrown [s\open\src\hotspot\share\prims\jni.cpp, line 516]
Event: 0.085 Thread 0x000001d45586eee0 Exception <a 'sun/nio/fs/WindowsException'{0x0000000090841978}> (0x0000000090841978) 
thrown [s\open\src\hotspot\share\prims\jni.cpp, line 516]
Event: 0.087 Thread 0x000001d45586eee0 Exception <a 'sun/nio/fs/WindowsException'{0x0000000090844468}> (0x0000000090844468) 
thrown [s\open\src\hotspot\share\prims\jni.cpp, line 516]
Event: 0.087 Thread 0x000001d45586eee0 Exception <a 'sun/nio/fs/WindowsException'{0x0000000090845018}> (0x0000000090845018) 
thrown [s\open\src\hotspot\share\prims\jni.cpp, line 516]
Event: 0.134 Thread 0x000001d45586eee0 Exception <a 'java/lang/ClassNotFoundException'{0x0000000090715e40}: sun/awt/resources/spi/awtProvider> (0x0000000090715e40) 
thrown [s\open\src\hotspot\share\classfile\systemDictionary.cpp, line 256]
Event: 0.163 Thread 0x000001d45586eee0 Exception <a 'java/io/FileNotFoundException'{0x0000000090768300}> (0x0000000090768300) 
thrown [s\open\src\hotspot\share\prims\jni.cpp, line 516]
Event: 0.172 Thread 0x000001d45586eee0 Exception <a 'java/io/FileNotFoundException'{0x000000009060b610}> (0x000000009060b610) 
thrown [s\open\src\hotspot\share\prims\jni.cpp, line 516]
Event: 0.217 Thread 0x000001d45586eee0 Exception <a 'java/lang/NoSuchMethodError'{0x000000009064f620}: 'java.lang.Object java.lang.invoke.DirectMethodHandle$Holder.invokeStaticInit(java.lang.Object)'> (0x000000009064f620) 
thrown [s\open\src\hotspot\share\interpreter\linkResolver.cpp, line 759]
Event: 0.327 Thread 0x000001d45586eee0 Exception <a 'java/lang/NoSuchMethodError'{0x000000009050f2d8}: 'void java.lang.invoke.DirectMethodHandle$Holder.invokeSpecial(java.lang.Object, java.lang.Object, java.lang.Object)'> (0x000000009050f2d8) 
thrown [s\open\src\hotspot\share\interpreter\linkResolver.cpp, line 759]
Event: 0.337 Thread 0x000001d45586eee0 Exception <a 'java/lang/NoSuchMethodError'{0x0000000090539480}: 'java.lang.Object java.lang.invoke.DirectMethodHandle$Holder.newInvokeSpecial(java.lang.Object, java.lang.Object, java.lang.Object, java.lang.Object, java.lang.Object)'> (0x0000000090539480) 
thrown [s\open\src\hotspot\share\interpreter\linkResolver.cpp, line 759]
Event: 0.340 Thread 0x000001d45586eee0 Exception <a 'java/lang/NoSuchMethodError'{0x0000000090544e48}: 'java.lang.Object java.lang.invoke.DirectMethodHandle$Holder.invokeStatic(java.lang.Object, int, java.lang.Object, java.lang.Object, java.lang.Object, java.lang.Object)'> (0x0000000090544e48) 
thrown [s\open\src\hotspot\share\interpreter\linkResolver.cpp, line 759]
Event: 0.346 Thread 0x000001d45586eee0 Exception <a 'java/lang/NoSuchMethodError'{0x000000009056a608}: 'java.lang.Object java.lang.invoke.DirectMethodHandle$Holder.invokeStatic(java.lang.Object, int, java.lang.Object)'> (0x000000009056a608) 
thrown [s\open\src\hotspot\share\interpreter\linkResolver.cpp, line 759]
Event: 0.382 Thread 0x000001d45586eee0 Exception <a 'java/lang/ClassNotFoundException'{0x0000000090422ae0}: com/sun/swing/internal/plaf/metal/resources/spi/metalProvider> (0x0000000090422ae0) 
thrown [s\open\src\hotspot\share\classfile\systemDictionary.cpp, line 256]
Event: 0.383 Thread 0x000001d45586eee0 Exception <a 'java/lang/ClassNotFoundException'{0x0000000090426988}: com/sun/swing/internal/plaf/basic/resources/spi/basicProvider> (0x0000000090426988) 
thrown [s\open\src\hotspot\share\classfile\systemDictionary.cpp, line 256]
Event: 0.477 Thread 0x000001d45586eee0 Exception <a 'java/lang/NoSuchMethodError'{0x00000000903638a0}: 'java.lang.Object java.lang.invoke.DirectMethodHandle$Holder.invokeInterface(java.lang.Object, java.lang.Object)'> (0x00000000903638a0) 
thrown [s\open\src\hotspot\share\interpreter\linkResolver.cpp, line 759]
Event: 0.523 Thread 0x000001d45586eee0 Exception <a 'java/lang/NoSuchMethodError'{0x00000000903e4810}: 'void java.lang.invoke.DirectMethodHandle$Holder.invokeStatic(java.lang.Object, java.lang.Object, java.lang.Object)'> (0x00000000903e4810) 
thrown [s\open\src\hotspot\share\interpreter\linkResolver.cpp, line 759]
Event: 0.525 Thread 0x000001d45586eee0 Exception <a 'java/lang/NoSuchMethodError'{0x00000000903ee6e0}: 'java.lang.Object java.lang.invoke.DirectMethodHandle$Holder.invokeVirtual(java.lang.Object, java.lang.Object, java.lang.Object)'> (0x00000000903ee6e0) 
thrown [s\open\src\hotspot\share\interpreter\linkResolver.cpp, line 759]

VM Operations (4 events):
Event: 0.089 Executing VM operation: HandshakeAllThreads
Event: 0.089 Executing VM operation: HandshakeAllThreads done
Event: 0.408 Executing VM operation: HandshakeAllThreads
Event: 0.408 Executing VM operation: HandshakeAllThreads done

Events (20 events):
Event: 0.498 loading class sun/util/PropertyResourceBundleCharset done
Event: 0.498 loading class sun/util/PropertyResourceBundleCharset$PropertiesFileDecoder
Event: 0.498 loading class sun/util/PropertyResourceBundleCharset$PropertiesFileDecoder done
Event: 0.507 Thread 0x000001d47718d480 Thread added: 0x000001d47718d480
Event: 0.515 loading class java/text/MessageFormat
Event: 0.516 loading class java/text/MessageFormat done
Event: 0.518 loading class jdk/internal/math/FDBigInteger
Event: 0.518 loading class jdk/internal/math/FDBigInteger done
Event: 0.519 loading class java/math/MathContext
Event: 0.519 loading class java/math/MathContext done
Event: 0.521 loading class java/util/Collections$UnmodifiableMap$UnmodifiableEntrySet
Event: 0.521 loading class java/util/Collections$UnmodifiableMap$UnmodifiableEntrySet done
Event: 0.521 loading class java/util/Collections$UnmodifiableMap$UnmodifiableEntrySet$UnmodifiableEntrySetSpliterator
Event: 0.521 loading class java/util/Collections$UnmodifiableMap$UnmodifiableEntrySet$UnmodifiableEntrySetSpliterator done
Event: 0.521 loading class java/util/HashMap$EntrySpliterator
Event: 0.521 loading class java/util/HashMap$EntrySpliterator done
Event: 0.522 loading class java/lang/invoke/DirectMethodHandle$Special
Event: 0.522 loading class java/lang/invoke/DirectMethodHandle$Special done
Event: 0.528 loading class java/lang/NoSuchFieldError
Event: 0.528 loading class java/lang/NoSuchFieldError done


Dynamic libraries:
0x00007ff6c3430000 - 0x00007ff6c3440000 	C:\Program Files\Java\jdk-17\bin\java.exe
0x00007ffb7b340000 - 0x00007ffb7b549000 	C:\WINDOWS\SYSTEM32\ntdll.dll
0x00007ffb79e80000 - 0x00007ffb79f3e000 	C:\WINDOWS\System32\KERNEL32.DLL
0x00007ffb78b10000 - 0x00007ffb78e93000 	C:\WINDOWS\System32\KERNELBASE.dll
0x00007ffb788b0000 - 0x00007ffb789c1000 	C:\WINDOWS\System32\ucrtbase.dll
0x00007ffb05380000 - 0x00007ffb0539b000 	C:\Program Files\Java\jdk-17\bin\VCRUNTIME140.dll
0x00007ffb74a90000 - 0x00007ffb74aa9000 	C:\Program Files\Java\jdk-17\bin\jli.dll
0x00007ffb79f40000 - 0x00007ffb79fee000 	C:\WINDOWS\System32\ADVAPI32.dll
0x00007ffb79ad0000 - 0x00007ffb79b73000 	C:\WINDOWS\System32\msvcrt.dll
0x00007ffb7a840000 - 0x00007ffb7a8de000 	C:\WINDOWS\System32\sechost.dll
0x00007ffb7a330000 - 0x00007ffb7a451000 	C:\WINDOWS\System32\RPCRT4.dll
0x00007ffb79c60000 - 0x00007ffb79e0d000 	C:\WINDOWS\System32\USER32.dll
0x00007ffb789d0000 - 0x00007ffb789f6000 	C:\WINDOWS\System32\win32u.dll
0x00007ffb7ae40000 - 0x00007ffb7ae69000 	C:\WINDOWS\System32\GDI32.dll
0x00007ffb79090000 - 0x00007ffb791aa000 	C:\WINDOWS\System32\gdi32full.dll
0x00007ffb63d50000 - 0x00007ffb63ff5000 	C:\WINDOWS\WinSxS\amd64_microsoft.windows.common-controls_6595b64144ccf1df_6.0.22000.120_none_9d947278b86cc467\COMCTL32.dll
0x00007ffb78a00000 - 0x00007ffb78a9d000 	C:\WINDOWS\System32\msvcp_win.dll
0x00007ffb70280000 - 0x00007ffb7028a000 	C:\WINDOWS\SYSTEM32\VERSION.dll
0x00007ffb79b80000 - 0x00007ffb79bb1000 	C:\WINDOWS\System32\IMM32.DLL
0x00007ffb05370000 - 0x00007ffb0537c000 	C:\Program Files\Java\jdk-17\bin\vcruntime140_1.dll
0x00007ffb04a90000 - 0x00007ffb04b1e000 	C:\Program Files\Java\jdk-17\bin\msvcp140.dll
0x00007ffb053b0000 - 0x00007ffb05f8d000 	C:\Program Files\Java\jdk-17\bin\server\jvm.dll
0x00007ffb7a7c0000 - 0x00007ffb7a7c8000 	C:\WINDOWS\System32\PSAPI.DLL
0x00007ffb70240000 - 0x00007ffb70273000 	C:\WINDOWS\SYSTEM32\WINMM.dll
0x00007ffb053a0000 - 0x00007ffb053a9000 	C:\WINDOWS\SYSTEM32\WSOCK32.dll
0x00007ffb79e10000 - 0x00007ffb79e7f000 	C:\WINDOWS\System32\WS2_32.dll
0x00007ffb778e0000 - 0x00007ffb778f8000 	C:\WINDOWS\SYSTEM32\kernel.appcore.dll
0x00007ffb052f0000 - 0x00007ffb052fa000 	C:\Program Files\Java\jdk-17\bin\jimage.dll
0x00007ffb76330000 - 0x00007ffb76551000 	C:\WINDOWS\SYSTEM32\DBGHELP.DLL
0x00007ffb69780000 - 0x00007ffb697b1000 	C:\WINDOWS\SYSTEM32\dbgcore.DLL
0x00007ffb78ea0000 - 0x00007ffb78f1f000 	C:\WINDOWS\System32\bcryptPrimitives.dll
0x00007ffb05300000 - 0x00007ffb05325000 	C:\Program Files\Java\jdk-17\bin\java.dll
0x00007ffb05210000 - 0x00007ffb052e7000 	C:\Program Files\Java\jdk-17\bin\jsvml.dll
0x00007ffb79300000 - 0x00007ffb79ac5000 	C:\WINDOWS\System32\SHELL32.dll
0x00007ffb768d0000 - 0x00007ffb77134000 	C:\WINDOWS\SYSTEM32\windows.storage.dll
0x00007ffb7aac0000 - 0x00007ffb7ae36000 	C:\WINDOWS\System32\combase.dll
0x00007ffb76760000 - 0x00007ffb768c7000 	C:\WINDOWS\SYSTEM32\wintypes.dll
0x00007ffb7a8e0000 - 0x00007ffb7a9ca000 	C:\WINDOWS\System32\SHCORE.dll
0x00007ffb7a7e0000 - 0x00007ffb7a83d000 	C:\WINDOWS\System32\shlwapi.dll
0x00007ffb78720000 - 0x00007ffb78741000 	C:\WINDOWS\SYSTEM32\profapi.dll
0x00007ffb051f0000 - 0x00007ffb05209000 	C:\Program Files\Java\jdk-17\bin\net.dll
0x00007ffb72cd0000 - 0x00007ffb72de2000 	C:\WINDOWS\SYSTEM32\WINHTTP.dll
0x00007ffb77d80000 - 0x00007ffb77de7000 	C:\WINDOWS\system32\mswsock.dll
0x00007ffb051d0000 - 0x00007ffb051e6000 	C:\Program Files\Java\jdk-17\bin\nio.dll
0x00007ffb051b0000 - 0x00007ffb051c8000 	C:\Program Files\Java\jdk-17\bin\zip.dll
0x00007ffb04370000 - 0x00007ffb04501000 	C:\Program Files\Java\jdk-17\bin\awt.dll
0x00007ffb79220000 - 0x00007ffb792f6000 	C:\WINDOWS\System32\OLEAUT32.dll
0x00007ffb759a0000 - 0x00007ffb75a31000 	C:\WINDOWS\SYSTEM32\apphelp.dll
0x00007ffb75dd0000 - 0x00007ffb75dff000 	C:\WINDOWS\system32\DWMAPI.DLL
0x00007ffb75b10000 - 0x00007ffb75bbc000 	C:\WINDOWS\system32\uxtheme.dll
0x00007ffb03a80000 - 0x00007ffb03b81000 	C:\WINDOWS\system32\opengl32.dll
0x00007ffb04a60000 - 0x00007ffb04a8d000 	C:\WINDOWS\SYSTEM32\GLU32.dll
0x00007ffb75d50000 - 0x00007ffb75d88000 	C:\WINDOWS\SYSTEM32\dxcore.dll
0x00007ffb7a200000 - 0x00007ffb7a31d000 	C:\WINDOWS\System32\MSCTF.dll
0x00007ffb7a060000 - 0x00007ffb7a1fa000 	C:\WINDOWS\System32\ole32.dll
0x00007ffb69e30000 - 0x00007ffb69fd6000 	C:\WINDOWS\system32\d3d9.dll
0x00007ffb70290000 - 0x00007ffb70448000 	C:\WINDOWS\System32\DriverStore\FileRepository\u0382793.inf_amd64_1c9c9d36a5813460\B384051\aticfx64.dll
0x00007ffb74a50000 - 0x00007ffb74a84000 	C:\WINDOWS\System32\DriverStore\FileRepository\u0382793.inf_amd64_1c9c9d36a5813460\B384051\atiu9p64.dll
0x00007ffb2f740000 - 0x00007ffb30494000 	C:\WINDOWS\System32\DriverStore\FileRepository\u0382793.inf_amd64_1c9c9d36a5813460\B384051\atiumd64.dll
0x00007ffb6fe00000 - 0x00007ffb6fe30000 	C:\WINDOWS\SYSTEM32\amdihk64.dll
0x00007ffb72c60000 - 0x00007ffb72ca4000 	C:\WINDOWS\SYSTEM32\directxdatabasehelper.dll
0x00007ffb77900000 - 0x00007ffb77934000 	C:\WINDOWS\SYSTEM32\ntmarta.dll

dbghelp: loaded successfully - version: 4.0.5 - missing functions: none
symbol engine: initialized successfully - sym options: 0x614 - pdb path: .;C:\Program Files\Java\jdk-17\bin;C:\WINDOWS\SYSTEM32;C:\WINDOWS\WinSxS\amd64_microsoft.windows.common-controls_6595b64144ccf1df_6.0.22000.120_none_9d947278b86cc467;C:\Program Files\Java\jdk-17\bin\server;C:\WINDOWS\System32\DriverStore\FileRepository\u0382793.inf_amd64_1c9c9d36a5813460\B384051

VM Arguments:
jvm_args: -Dfile.encoding=UTF-8 --module-path=C:\Users\Sanket R Deshmukh\Documents\NetBeansProjects\Hotel Management System\build\classes 
java_command: hotel.management.system.EmployeeInfo
java_class_path (initial): C:\Users\Sanket R Deshmukh\Documents\mysql-connector-java-8.0.28.jar;C:\Users\Sanket R Deshmukh\Downloads\rs2xml.jar;C:\Users\Sanket R Deshmukh\Documents\NetBeansProjects\Hotel Management System\build\classes
Launcher Type: SUN_STANDARD

[Global flags]
     intx CICompilerCount                          = 12                                        {product} {ergonomic}
     uint ConcGCThreads                            = 3                                         {product} {ergonomic}
     uint G1ConcRefinementThreads                  = 13                                        {product} {ergonomic}
   size_t G1HeapRegionSize                         = 1048576                                   {product} {ergonomic}
    uintx GCDrainStackTargetSize                   = 64                                        {product} {ergonomic}
   size_t InitialHeapSize                          = 125829120                                 {product} {ergonomic}
   size_t MarkStackSize                            = 4194304                                   {product} {ergonomic}
   size_t MaxHeapSize                              = 1994391552                                {product} {ergonomic}
   size_t MaxNewSize                               = 1196425216                                {product} {ergonomic}
   size_t MinHeapDeltaBytes                        = 1048576                                   {product} {ergonomic}
   size_t MinHeapSize                              = 8388608                                   {product} {ergonomic}
    uintx NonNMethodCodeHeapSize                   = 7602480                                {pd product} {ergonomic}
    uintx NonProfiledCodeHeapSize                  = 122027880                              {pd product} {ergonomic}
    uintx ProfiledCodeHeapSize                     = 122027880                              {pd product} {ergonomic}
    uintx ReservedCodeCacheSize                    = 251658240                              {pd product} {ergonomic}
     bool SegmentedCodeCache                       = true                                      {product} {ergonomic}
   size_t SoftMaxHeapSize                          = 1994391552                             {manageable} {ergonomic}
     bool UseCompressedClassPointers               = true                           {product lp64_product} {ergonomic}
     bool UseCompressedOops                        = true                           {product lp64_product} {ergonomic}
     bool UseG1GC                                  = true                                      {product} {ergonomic}
     bool UseLargePagesIndividualAllocation        = false                                  {pd product} {ergonomic}

Logging:
Log output configuration:
 #0: stdout all=warning uptime,level,tags
 #1: stderr all=off uptime,level,tags

Environment Variables:
PATH=C:\Program Files\Common Files\Oracle\Java\javapath;C:\Python311\Scripts\;C:\Python311\;C:\Windows\system32;C:\Windows;C:\Windows\System32\Wbem;C:\Windows\System32\WindowsPowerShell\v1.0\;C:\Windows\System32\OpenSSH\;C:\Program Files (x86)\NVIDIA Corporation\PhysX\Common;C:\WINDOWS\system32;C:\WINDOWS;C:\WINDOWS\System32\Wbem;C:\WINDOWS\System32\WindowsPowerShell\v1.0\;C:\WINDOWS\System32\OpenSSH\;C:\Program Files\nodejs\;C:\ProgramData\chocolatey\bin;C:\Program Files\Git\cmd;C:\Program Files\MySQL\MySQL Shell 8.0\bin\;C:\Users\Sanket R Deshmukh\AppData\Local\Microsoft\WindowsApps;C:\Users\Sanket R Deshmukh\AppData\Local\GitHubDesktop\bin;C:\Users\Sanket R Deshmukh\AppData\Roaming\npm;C:\Program Files\Java\jdk-17\bin;
USERNAME=Sanket R Deshmukh
OS=Windows_NT
PROCESSOR_IDENTIFIER=AMD64 Family 23 Model 96 Stepping 1, AuthenticAMD



---------------  S Y S T E M  ---------------

OS:
 Windows 11 , 64 bit Build 22000 (10.0.22000.1761)
OS uptime: 1 days 4:24 hours

CPU: total 16 (initial active 16) (16 cores per cpu, 2 threads per core) family 23 model 96 stepping 1 microcode 0x0, cx8, cmov, fxsr, ht, mmx, 3dnowpref, sse, sse2, sse3, ssse3, sse4a, sse4.1, sse4.2, popcnt, lzcnt, tsc, tscinvbit, avx, avx2, aes, clmul, bmi1, bmi2, adx, sha, fma, vzeroupper, clflush, clflushopt

Memory: 4k page, system-wide physical 7600M (513M free)
TotalPageFile size 31152M (AvailPageFile size 3M)
current process WorkingSet (physical memory assigned to process): 59M, peak: 59M
current process commit charge ("private bytes"): 226M, peak: 226M

vm_info: Java HotSpot(TM) 64-Bit Server VM (17.0.7+8-LTS-224) for windows-amd64 JRE (17.0.7+8-LTS-224), built on Feb 28 2023 23:03:02 by "mach5one" with MS VC++ 17.1 (VS2022)

END.
