#
# There is insufficient memory for the Java Runtime Environment to continue.
# Native memory allocation (mmap) failed to map 125829120 bytes for G1 virtual space
# Possible reasons:
#   The system is out of physical RAM or swap space
#   The process is running with CompressedOops enabled, and the Java Heap may be blocking the growth of the native heap
# Possible solutions:
#   Reduce memory load on the system
#   Increase physical memory or swap space
#   Check if swap backing store is full
#   Decrease Java heap size (-Xmx/-Xms)
#   Decrease number of Java threads
#   Decrease Java thread stack sizes (-Xss)
#   Set larger code cache with -XX:ReservedCodeCacheSize=
#   JVM is running with Unscaled Compressed Oops mode in which the Java heap is
#     placed in the first 4GB address space. The Java Heap base address is the
#     maximum limit for the native heap growth. Please use -XX:HeapBaseMinAddress
#     to set the Java Heap base and to place the Java Heap above 4GB virtual address.
# This output file may be truncated or incomplete.
#
#  Out of Memory Error (os_windows.cpp:3550), pid=32776, tid=27604
#
# JRE version:  (17.0.7+8) (build )
# Java VM: Java HotSpot(TM) 64-Bit Server VM (17.0.7+8-LTS-224, mixed mode, sharing, tiered, compressed oops, compressed class ptrs, g1 gc, windows-amd64)
# No core dump will be written. Minidumps are not enabled by default on client versions of Windows
#

---------------  S U M M A R Y ------------

Command Line: -Dfile.encoding=UTF-8 --module-path=C:\Users\Sanket R Deshmukh\Documents\NetBeansProjects\Hotel Management System\build\classes hotel.management.system.HotelManagementSystem

Host: AMD Ryzen 7 4800H with Radeon Graphics         , 16 cores, 7G,  Windows 11 , 64 bit Build 22621 (10.0.22621.1635)
Time: Tue May 30 20:42:49 2023 India Standard Time elapsed time: 0.011402 seconds (0d 0h 0m 0s)

---------------  T H R E A D  ---------------

Current thread (0x0000015c82cc9620):  JavaThread "Unknown thread" [_thread_in_vm, id=27604, stack(0x0000002676400000,0x0000002676500000)]

Stack: [0x0000002676400000,0x0000002676500000]
Native frames: (J=compiled Java code, j=interpreted, Vv=VM code, C=native code)
V  [jvm.dll+0x676a4a]
V  [jvm.dll+0x7d74f4]
V  [jvm.dll+0x7d8c9e]
V  [jvm.dll+0x7d9303]
V  [jvm.dll+0x2452c5]
V  [jvm.dll+0x6738f9]
V  [jvm.dll+0x668232]
V  [jvm.dll+0x302826]
V  [jvm.dll+0x309da6]
V  [jvm.dll+0x35952e]
V  [jvm.dll+0x35975f]
V  [jvm.dll+0x2d9a38]
V  [jvm.dll+0x2da9a4]
V  [jvm.dll+0x7a8fb1]
V  [jvm.dll+0x3670e1]
V  [jvm.dll+0x788359]
V  [jvm.dll+0x3ea5ef]
V  [jvm.dll+0x3ec071]
C  [jli.dll+0x5297]
C  [ucrtbase.dll+0x29363]
C  [KERNEL32.DLL+0x126ad]
C  [ntdll.dll+0x5a9f8]


---------------  P R O C E S S  ---------------

Threads class SMR info:
_java_thread_list=0x00007ffbc3884998, length=0, elements={
}

Java Threads: ( => current thread )

Other Threads:
  0x0000015c82d21b30 GCTaskThread "GC Thread#0" [stack: 0x0000002676500000,0x0000002676600000] [id=16160]
  0x0000015c82d31830 ConcurrentGCThread "G1 Main Marker" [stack: 0x0000002676600000,0x0000002676700000] [id=32288]
  0x0000015c82d333b0 ConcurrentGCThread "G1 Conc#0" [stack: 0x0000002676700000,0x0000002676800000] [id=16916]

[error occurred during error reporting (printing all threads), id 0xc0000005, EXCEPTION_ACCESS_VIOLATION (0xc0000005) at pc=0x00007ffbc30ba697]

VM state: not at safepoint (not fully initialized)

VM Mutex/Monitor currently owned by a thread:  ([mutex/lock_event])
[0x0000015c82cc57d0] Heap_lock - owner thread: 0x0000015c82cc9620

Heap address: 0x0000000089200000, size: 1902 MB, Compressed Oops mode: 32-bit

CDS archive(s) mapped at: [0x0000000000000000-0x0000000000000000-0x0000000000000000), size 0, SharedBaseAddress: 0x0000000800000000, ArchiveRelocationMode: 0.
Narrow klass base: 0x0000000000000000, Narrow klass shift: 0, Narrow klass range: 0x0

GC Precious Log:
<Empty>

Heap:
 garbage-first heap   total 0K, used 0K [0x0000000089200000, 0x0000000100000000)
  region size 1024K, 0 young (0K), 0 survivors (0K)

[error occurred during error reporting (printing heap information), id 0xc0000005, EXCEPTION_ACCESS_VIOLATION (0xc0000005) at pc=0x00007ffbc34a00b9]

GC Heap History (0 events):
No events

Deoptimization events (0 events):
No events

Classes unloaded (0 events):
No events

Classes redefined (0 events):
No events

Internal exceptions (0 events):
No events

VM Operations (0 events):
No events

Events (1 events):
Event: 0.008 Loaded shared library C:\Program Files\Java\jdk-17\bin\java.dll


Dynamic libraries:
0x00007ff6f1370000 - 0x00007ff6f1380000 	C:\Program Files\Java\jdk-17\bin\java.exe
0x00007ffc3a070000 - 0x00007ffc3a284000 	C:\WINDOWS\SYSTEM32\ntdll.dll
0x00007ffc38c70000 - 0x00007ffc38d32000 	C:\WINDOWS\System32\KERNEL32.DLL
0x00007ffc37840000 - 0x00007ffc37be3000 	C:\WINDOWS\System32\KERNELBASE.dll
0x00007ffc37670000 - 0x00007ffc37781000 	C:\WINDOWS\System32\ucrtbase.dll
0x00007ffc2e570000 - 0x00007ffc2e58b000 	C:\Program Files\Java\jdk-17\bin\VCRUNTIME140.dll
0x00007ffc1aa40000 - 0x00007ffc1aa59000 	C:\Program Files\Java\jdk-17\bin\jli.dll
0x00007ffc385d0000 - 0x00007ffc3867e000 	C:\WINDOWS\System32\ADVAPI32.dll
0x00007ffc38150000 - 0x00007ffc381f7000 	C:\WINDOWS\System32\msvcrt.dll
0x00007ffc39550000 - 0x00007ffc395f4000 	C:\WINDOWS\System32\sechost.dll
0x00007ffc37e70000 - 0x00007ffc37f87000 	C:\WINDOWS\System32\RPCRT4.dll
0x00007ffc37fa0000 - 0x00007ffc3814b000 	C:\WINDOWS\System32\USER32.dll
0x00007ffc37790000 - 0x00007ffc377b6000 	C:\WINDOWS\System32\win32u.dll
0x00007ffc39fe0000 - 0x00007ffc3a009000 	C:\WINDOWS\System32\GDI32.dll
0x00007ffc24e50000 - 0x00007ffc250de000 	C:\WINDOWS\WinSxS\amd64_microsoft.windows.common-controls_6595b64144ccf1df_6.0.22621.1635_none_270f70857386168e\COMCTL32.dll
0x00007ffc37cb0000 - 0x00007ffc37dc8000 	C:\WINDOWS\System32\gdi32full.dll
0x00007ffc37dd0000 - 0x00007ffc37e6a000 	C:\WINDOWS\System32\msvcp_win.dll
0x00007ffc31640000 - 0x00007ffc3164a000 	C:\WINDOWS\SYSTEM32\VERSION.dll
0x00007ffc38b80000 - 0x00007ffc38bb1000 	C:\WINDOWS\System32\IMM32.DLL
0x00007ffc2d4c0000 - 0x00007ffc2d4cc000 	C:\Program Files\Java\jdk-17\bin\vcruntime140_1.dll
0x00007ffc0f320000 - 0x00007ffc0f3ae000 	C:\Program Files\Java\jdk-17\bin\msvcp140.dll
0x00007ffbc2dd0000 - 0x00007ffbc39ad000 	C:\Program Files\Java\jdk-17\bin\server\jvm.dll
0x00007ffc39600000 - 0x00007ffc39608000 	C:\WINDOWS\System32\PSAPI.DLL
0x00007ffc2e660000 - 0x00007ffc2e669000 	C:\WINDOWS\SYSTEM32\WSOCK32.dll
0x00007ffc316d0000 - 0x00007ffc31704000 	C:\WINDOWS\SYSTEM32\WINMM.dll
0x00007ffc38a00000 - 0x00007ffc38a71000 	C:\WINDOWS\System32\WS2_32.dll
0x00007ffc364e0000 - 0x00007ffc364f8000 	C:\WINDOWS\SYSTEM32\kernel.appcore.dll
0x00007ffc24510000 - 0x00007ffc2451a000 	C:\Program Files\Java\jdk-17\bin\jimage.dll
0x00007ffc34ee0000 - 0x00007ffc3510e000 	C:\WINDOWS\SYSTEM32\DBGHELP.DLL
0x00007ffc391c0000 - 0x00007ffc39549000 	C:\WINDOWS\System32\combase.dll
0x00007ffc384a0000 - 0x00007ffc38577000 	C:\WINDOWS\System32\OLEAUT32.dll
0x00007ffc34390000 - 0x00007ffc343c2000 	C:\WINDOWS\SYSTEM32\dbgcore.DLL
0x00007ffc377c0000 - 0x00007ffc3783b000 	C:\WINDOWS\System32\bcryptPrimitives.dll
0x00007ffc244a0000 - 0x00007ffc244c5000 	C:\Program Files\Java\jdk-17\bin\java.dll

dbghelp: loaded successfully - version: 4.0.5 - missing functions: none
symbol engine: initialized successfully - sym options: 0x614 - pdb path: .;C:\Program Files\Java\jdk-17\bin;C:\WINDOWS\SYSTEM32;C:\WINDOWS\WinSxS\amd64_microsoft.windows.common-controls_6595b64144ccf1df_6.0.22621.1635_none_270f70857386168e;C:\Program Files\Java\jdk-17\bin\server

VM Arguments:
jvm_args: -Dfile.encoding=UTF-8 --module-path=C:\Users\Sanket R Deshmukh\Documents\NetBeansProjects\Hotel Management System\build\classes 
java_command: hotel.management.system.HotelManagementSystem
java_class_path (initial): C:\Users\Sanket R Deshmukh\Documents\mysql-connector-java-8.0.28.jar;C:\Users\Sanket R Deshmukh\Downloads\rs2xml.jar;C:\Users\Sanket R Deshmukh\Documents\NetBeansProjects\Hotel Management System\build\classes
Launcher Type: SUN_STANDARD

[Global flags]
     intx CICompilerCount                          = 12                                        {product} {ergonomic}
     uint ConcGCThreads                            = 3                                         {product} {ergonomic}
     uint G1ConcRefinementThreads                  = 13                                        {product} {ergonomic}
   size_t G1HeapRegionSize                         = 1048576                                   {product} {ergonomic}
    uintx GCDrainStackTargetSize                   = 64                                        {product} {ergonomic}
   size_t InitialHeapSize                          = 125829120                                 {product} {ergonomic}
   size_t MarkStackSize                            = 4194304                                   {product} {ergonomic}
   size_t MaxHeapSize                              = 1994391552                                {product} {ergonomic}
   size_t MinHeapDeltaBytes                        = 1048576                                   {product} {ergonomic}
   size_t MinHeapSize                              = 8388608                                   {product} {ergonomic}
    uintx NonNMethodCodeHeapSize                   = 7602480                                {pd product} {ergonomic}
    uintx NonProfiledCodeHeapSize                  = 122027880                              {pd product} {ergonomic}
    uintx ProfiledCodeHeapSize                     = 122027880                              {pd product} {ergonomic}
    uintx ReservedCodeCacheSize                    = 251658240                              {pd product} {ergonomic}
     bool SegmentedCodeCache                       = true                                      {product} {ergonomic}
   size_t SoftMaxHeapSize                          = 1994391552                             {manageable} {ergonomic}
     bool UseCompressedClassPointers               = true                           {product lp64_product} {ergonomic}
     bool UseCompressedOops                        = true                           {product lp64_product} {ergonomic}
     bool UseG1GC                                  = true                                      {product} {ergonomic}
     bool UseLargePagesIndividualAllocation        = false                                  {pd product} {ergonomic}

Logging:
Log output configuration:
 #0: stdout all=warning uptime,level,tags
 #1: stderr all=off uptime,level,tags

Environment Variables:
PATH=C:\Program Files\Common Files\Oracle\Java\javapath;C:\Python311\Scripts\;C:\Python311\;C:\Windows\system32;C:\Windows;C:\Windows\System32\Wbem;C:\Windows\System32\WindowsPowerShell\v1.0\;C:\Windows\System32\OpenSSH\;C:\Program Files (x86)\NVIDIA Corporation\PhysX\Common;C:\WINDOWS\system32;C:\WINDOWS;C:\WINDOWS\System32\Wbem;C:\WINDOWS\System32\WindowsPowerShell\v1.0\;C:\WINDOWS\System32\OpenSSH\;C:\Program Files\nodejs\;C:\ProgramData\chocolatey\bin;C:\Program Files\Git\cmd;C:\Program Files\MySQL\MySQL Shell 8.0\bin\;C:\Users\Sanket R Deshmukh\AppData\Local\Microsoft\WindowsApps;C:\Users\Sanket R Deshmukh\AppData\Local\GitHubDesktop\bin;C:\Users\Sanket R Deshmukh\AppData\Roaming\npm;C:\Program Files\Java\jdk-17\bin;;C:\Users\Sanket R Deshmukh\AppData\Local\Programs\Microsoft VS Code\bin;C:\Users\Sanket R Deshmukh\AppData\Local\Coursier\data\bin;%USERPROFILE%\AppData\Local\Microsoft\WindowsApps
USERNAME=Sanket R Deshmukh
OS=Windows_NT
PROCESSOR_IDENTIFIER=AMD64 Family 23 Model 96 Stepping 1, AuthenticAMD



---------------  S Y S T E M  ---------------

OS:
 Windows 11 , 64 bit Build 22621 (10.0.22621.1635)
OS uptime: 0 days 23:21 hours

CPU: total 16 (initial active 16) (16 cores per cpu, 2 threads per core) family 23 model 96 stepping 1 microcode 0x0, cx8, cmov, fxsr, ht, mmx, 3dnowpref, sse, sse2, sse3, ssse3, sse4a, sse4.1, sse4.2, popcnt, lzcnt, tsc, tscinvbit, avx, avx2, aes, clmul, bmi1, bmi2, adx, sha, fma, vzeroupper, clflush, clflushopt

Memory: 4k page, system-wide physical 7600M (640M free)
TotalPageFile size 31152M (AvailPageFile size 104M)
current process WorkingSet (physical memory assigned to process): 11M, peak: 11M
current process commit charge ("private bytes"): 70M, peak: 190M

vm_info: Java HotSpot(TM) 64-Bit Server VM (17.0.7+8-LTS-224) for windows-amd64 JRE (17.0.7+8-LTS-224), built on Feb 28 2023 23:03:02 by "mach5one" with MS VC++ 17.1 (VS2022)

END.
